Questa Intel Starter FPGA Edition-64 vlog 2024.3 Compiler 2024.09 Sep 10 2024
Start time: 15:44:06 on Dec 09,2025
vlog "+incdir+./../BFP16/lib" -f ./../BFP16/flist.f 
-- Compiling package tb_BFP16_add_sv_unit
-- Compiling module tb_BFP16_add
-- Compiling module BFP16_add
-- Compiling module CLA_4bit
-- Compiling module CLA_8bit
-- Compiling module COMP_4bit
-- Compiling module COMP_8bit
-- Compiling module EXP_adjust
-- Compiling module LOPD_8bit
-- Compiling module MAN_ALU
-- Compiling module NOR_unit
-- Compiling module PSC_unit
-- Compiling module SHF_left
-- Compiling module SHF_right
-- Compiling module SIGN_unit
-- Compiling module SWAP_unit

Top level modules:
	tb_BFP16_add
End time: 15:44:06 on Dec 09,2025, Elapsed time: 0:00:00
Errors: 0, Warnings: 0
