============================================================
  Generated by:           Genus(TM) Synthesis Solution GENUS15.20 - 15.20-p004_1
  Generated on:           Dec 09 2025  12:36:07 pm
  Module:                 BFP16_add
  Wireload mode:          enclosed
  Area mode:              timing library
============================================================

                                  
    Gate      Instances    Area       Library    
-------------------------------------------------
ADDHX1HVT             5    18.810    slow_vdd1v0 
AND2X1HVT             7     9.576    slow_vdd1v0 
AND2X6HVT            16    60.192    slow_vdd1v0 
AND2XLHVT             7     9.576    slow_vdd1v0 
AND3XLHVT             1     2.052    slow_vdd1v0 
AO21X1HVT            11    26.334    slow_vdd1v0 
AO21X4HVT             1     3.420    slow_vdd1v0 
AO22X1HVT             6    16.416    slow_vdd1v0 
AOI211X1HVT           1     2.394    slow_vdd1v0 
AOI211XLHVT           1     2.052    slow_vdd1v0 
AOI21X1HVT           11    18.810    slow_vdd1v0 
AOI21XLHVT            2     3.420    slow_vdd1v0 
AOI22X1HVT           16    32.832    slow_vdd1v0 
AOI22XLHVT            4     8.208    slow_vdd1v0 
AOI2BB1X1HVT          2     4.104    slow_vdd1v0 
AOI2BB1XLHVT          2     4.104    slow_vdd1v0 
AOI32X1HVT            1     2.394    slow_vdd1v0 
BUFX12HVT             2    10.260    slow_vdd1v0 
BUFX6HVT             13    40.014    slow_vdd1v0 
CLKBUFX20HVT         32   262.656    slow_vdd1v0 
CLKINVX6HVT           1     2.394    slow_vdd1v0 
CLKXOR2X1HVT          9    24.624    slow_vdd1v0 
INVX1HVT             35    23.940    slow_vdd1v0 
MX2X1HVT              6    14.364    slow_vdd1v0 
MX2XLHVT             44   105.336    slow_vdd1v0 
MX3XLHVT              1     4.788    slow_vdd1v0 
MXI2XLHVT            12    28.728    slow_vdd1v0 
NAND2BX1HVT           7     9.576    slow_vdd1v0 
NAND2BXLHVT           3     4.104    slow_vdd1v0 
NAND2X1HVT           20    20.520    slow_vdd1v0 
NAND2X2HVT            1     1.710    slow_vdd1v0 
NAND2XLHVT            2     2.052    slow_vdd1v0 
NAND3BXLHVT           1     1.710    slow_vdd1v0 
NAND4X1HVT            6    12.312    slow_vdd1v0 
NOR2BX1HVT           20    27.360    slow_vdd1v0 
NOR2X1HVT            25    25.650    slow_vdd1v0 
NOR2X2HVT             1     1.710    slow_vdd1v0 
NOR2X4HVT             2     6.156    slow_vdd1v0 
NOR2XLHVT             2     2.052    slow_vdd1v0 
NOR3BX1HVT            2     4.104    slow_vdd1v0 
NOR3X1HVT             5     8.550    slow_vdd1v0 
NOR4X1HVT            10    17.100    slow_vdd1v0 
OAI211X1HVT           1     1.710    slow_vdd1v0 
OAI21X1HVT           12    20.520    slow_vdd1v0 
OAI222X1HVT           4    10.944    slow_vdd1v0 
OAI22X1HVT            6    12.312    slow_vdd1v0 
OAI2BB1X1HVT         23    39.330    slow_vdd1v0 
OAI2BB1XLHVT          1     2.052    slow_vdd1v0 
OAI31X1HVT            1     2.052    slow_vdd1v0 
OR2X1HVT              6     8.208    slow_vdd1v0 
OR2XLHVT              4     5.472    slow_vdd1v0 
OR4X1HVT             11    22.572    slow_vdd1v0 
XNOR2X1HVT           16    38.304    slow_vdd1v0 
XOR2XLHVT            10    27.360    slow_vdd1v0 
-------------------------------------------------
total               451  1077.300                


                                   
  Type   Instances   Area   Area % 
-----------------------------------
inverter        36   26.334    2.4 
buffer          47  312.930   29.0 
logic          368  738.036   68.5 
-----------------------------------
total          451 1077.300  100.0 

