============================================================
  Generated by:           Genus(TM) Synthesis Solution GENUS15.20 - 15.20-p004_1
  Generated on:           Dec 09 2025  12:36:07 pm
  Module:                 BFP16_add
  Wireload mode:          enclosed
  Area mode:              timing library
============================================================

Timing
-------
  Cost    Critical       Violating 
 Group   Path Slack TNS    Paths   
-----------------------------------
default        12.7   0          0 
-----------------------------------
Total                 0          0 

Instance Count
--------------
Leaf Instance Count             451 
Sequential Instance Count         0 
Combinational Instance Count    451 
Hierarchical Instance Count      25 

Area
----
Cell Area                          1077.300
Physical Cell Area                 0.000
Total Cell Area (Cell+Physical)    1077.300
Net Area                           0.000
Total Area (Cell+Physical+Net)     1077.300

Max Fanout                         32 (n_0)
Min Fanout                         0 (w_nor_man[7])
Average Fanout                     2.0
Terms to net ratio                 2.8
Terms to instance ratio            3.5
Runtime                            10.417 seconds
Elapsed Runtime                    11 seconds
RC peak memory usage:              475.99 
EDI peak memory usage:             no_value 
Hostname                           centos7
