============================================================
  Generated by:           Genus(TM) Synthesis Solution GENUS15.20 - 15.20-p004_1
  Generated on:           Dec 09 2025  03:22:38 am
  Module:                 BFP16_add
  Wireload mode:          enclosed
  Area mode:              timing library
============================================================

 
  Hierarchy Report Format : 
 
    level instance ( module ) <status>
 
    status :    preserve_<value> -- indicating preserve hierachy or inherited_preserve value
           :    blackbox --  indicating  unresolved instance
 
==================================================================

 0 BFP16_add
  1 COMP_EXP_UNIT ( COMP_8bit_SIZE_DATA8 ) 
     2 u_high ( COMP_4bit_1 ) 
     2 u_low ( COMP_4bit ) 
  1 COMP_MAN_UNIT ( COMP_8bit_SIZE_DATA8_1 ) 
     2 u_high ( COMP_4bit_3 ) 
     2 u_low ( COMP_4bit_2 ) 
  1 EXP_ADJUSTION_UNIT ( EXP_adjust_SIZE_EXP8_SIZE_LOPD8 ) 
     2 CLA_8BIT_UNIT ( CLA_8bit_1 ) 
        3 CLA_4BIT_UNIT_0 ( CLA_4bit_2 ) 
        3 CLA_4BIT_UNIT_1 ( CLA_4bit_3 ) 
  1 LOPD_UNIT ( LOPD_8bit ) 
  1 MAN_ALU_UNIT ( MAN_ALU_SIZE_MAN8 ) 
     2 ALU_SUB_UNIT ( CLA_8bit ) 
        3 CLA_4BIT_UNIT_0 ( CLA_4bit ) 
        3 CLA_4BIT_UNIT_1 ( CLA_4bit_1 ) 
  1 NOR_UNIT ( NOR_unit_SIZE_LOPD3_SIZE_DATA8 ) 
     2 SHF_left_unit ( SHF_left_SIZE_DATA8_SIZE_SHIFT3 ) 
  1 PSC_UNIT ( PSC_unit ) 
  1 SHF_RIGHT_MAN_UNIT ( SHF_right_SIZE_DATA16_SIZE_SHIFT4 ) 
  1 SIGN_UNIT ( SIGN_unit ) 
  1 SUB_EXP_UNIT ( CLA_8bit_2 ) 
     2 CLA_4BIT_UNIT_0 ( CLA_4bit_4 ) 
  1 SWAP_EXP_UNIT ( SWAP_unit_SIZE_DATA8 ) 
  1 SWAP_MAN0_UNIT ( SWAP_unit_SIZE_DATA8_1 ) 
  1 SWAP_MAN1_UNIT ( SWAP_unit_SIZE_DATA8_2 ) 
