============================================================
  Generated by:           Genus(TM) Synthesis Solution GENUS15.20 - 15.20-p004_1
  Generated on:           Dec 09 2025  03:22:38 am
  Module:                 BFP16_add
  Wireload mode:          enclosed
  Area mode:              timing library
============================================================

       Instance        Cells  Cell Area  Net Area  Total Area  Wireload     
----------------------------------------------------------------------------
BFP16_add                380        804         0         804    <none> (D) 
  MAN_ALU_UNIT            57        113         0         113    <none> (D) 
    ALU_SUB_UNIT          45         88         0          88    <none> (D) 
      CLA_4BIT_UNIT_0     22         42         0          42    <none> (D) 
      CLA_4BIT_UNIT_1     20         41         0          41    <none> (D) 
  EXP_ADJUSTION_UNIT      51         89         0          89    <none> (D) 
    CLA_8BIT_UNIT         38         72         0          72    <none> (D) 
      CLA_4BIT_UNIT_0     21         39         0          39    <none> (D) 
      CLA_4BIT_UNIT_1     16         31         0          31    <none> (D) 
  NOR_UNIT                40         69         0          69    <none> (D) 
    SHF_left_unit         22         36         0          36    <none> (D) 
  SHF_RIGHT_MAN_UNIT      34         56         0          56    <none> (D) 
  PSC_UNIT                28         48         0          48    <none> (D) 
  COMP_EXP_UNIT           34         48         0          48    <none> (D) 
    u_high                21         28         0          28    <none> (D) 
    u_low                 12         16         0          16    <none> (D) 
  SWAP_MAN1_UNIT          18         38         0          38    <none> (D) 
  COMP_MAN_UNIT           25         37         0          37    <none> (D) 
    u_high                14         21         0          21    <none> (D) 
    u_low                 10         14         0          14    <none> (D) 
  SWAP_MAN0_UNIT          14         34         0          34    <none> (D) 
  SWAP_EXP_UNIT           12         29         0          29    <none> (D) 
  SUB_EXP_UNIT            12         25         0          25    <none> (D) 
    CLA_4BIT_UNIT_0       12         25         0          25    <none> (D) 
  LOPD_UNIT               10         16         0          16    <none> (D) 
  SIGN_UNIT                3         14         0          14    <none> (D) 

 (D) = wireload is default in technology library
