============================================================
  Generated by:           Genus(TM) Synthesis Solution GENUS15.20 - 15.20-p004_1
  Generated on:           Dec 09 2025  03:22:38 am
  Module:                 BFP16_add
  Wireload mode:          enclosed
  Area mode:              timing library
============================================================

                             Leakage   Dynamic    Total   
       Instance       Cells Power(nW) Power(nW) Power(nW) 
----------------------------------------------------------
BFP16_add               380    18.197 81193.177 81211.374 
  MAN_ALU_UNIT           57     1.717  4635.568  4637.285 
    ALU_SUB_UNIT         45     1.389  3747.196  3748.584 
      CLA_4BIT_UNIT_0    22     0.673  2030.234  2030.907 
      CLA_4BIT_UNIT_1    20     0.632  1600.071  1600.703 
  EXP_ADJUSTION_UNIT     51     1.602  1933.789  1935.391 
    CLA_8BIT_UNIT        38     1.245  1298.243  1299.489 
      CLA_4BIT_UNIT_0    21     0.637   753.615   754.252 
      CLA_4BIT_UNIT_1    16     0.579   524.398   524.977 
  NOR_UNIT               40     1.110  3138.544  3139.654 
    SHF_left_unit        22     0.557  1364.315  1364.872 
  SHF_RIGHT_MAN_UNIT     34     0.919  1897.020  1897.939 
  COMP_EXP_UNIT          34     0.859   719.264   720.123 
    u_high               21     0.445   335.152   335.596 
    u_low                12     0.314   223.766   224.081 
  PSC_UNIT               28     0.704   189.760   190.464 
  COMP_MAN_UNIT          25     0.655   757.677   758.332 
    u_high               14     0.376   347.422   347.798 
    u_low                10     0.246   367.522   367.768 
  SWAP_MAN1_UNIT         18     0.564   804.956   805.520 
  SIGN_UNIT               3     0.508  1937.906  1938.415 
  SWAP_MAN0_UNIT         14     0.432   540.700   541.133 
  SUB_EXP_UNIT           12     0.378   724.759   725.138 
    CLA_4BIT_UNIT_0      12     0.378   724.759   725.138 
  SWAP_EXP_UNIT          12     0.372   376.177   376.549 
  LOPD_UNIT              10     0.229   476.761   476.990 

