============================================================
  Generated by:           Genus(TM) Synthesis Solution GENUS15.20 - 15.20-p004_1
  Generated on:           Dec 09 2025  12:36:07 pm
  Module:                 BFP16_add
  Wireload mode:          enclosed
  Area mode:              timing library
============================================================


Path 1: MET (13 ps) Path Delay Check
     Startpoint: (R) i_data_b[28]
       Endpoint: (R) o_bfu_add[28]

                  Capture    Launch  
     Path Delay:+    8000         -  
        Arrival:=    8000            
                                     
  Required Time:=    8000            
      Data Path:-    7987            
          Slack:=      13            

#--------------------------------------------------------------------------------------------------------------------------------
#                        Timing Point                         Flags    Arc   Edge     Cell      Fanout  Load Trans Delay Arrival 
#                                                                                                       (fF)  (ps)  (ps)   (ps)  
#--------------------------------------------------------------------------------------------------------------------------------
  i_data_b[28]                                                -       -      R     (arrival)         5   1.2   200     0       0 
  COMP_EXP_UNIT/u_high/g353/Y                                 -       A->Y   F     INVX1HVT          3   0.8    87   181     181 
  COMP_EXP_UNIT/u_high/g361/Y                                 -       B->Y   R     MXI2XLHVT         1   0.3    91   128     309 
  COMP_EXP_UNIT/u_high/g338/Y                                 -       A->Y   F     NAND2X1HVT        1   0.3    92   142     451 
  COMP_EXP_UNIT/u_high/g337/Y                                 -       B->Y   R     NOR2X1HVT         1   0.3    58    93     544 
  COMP_EXP_UNIT/g2/Y                                          -       A0->Y  R     AO21X4HVT        27   8.0   121   354     899 
  SWAP_EXP_UNIT/g212/Y                                        -       S0->Y  R     MX2XLHVT          1   0.3    36   240    1138 
  g189/Y                                                      -       A->Y   F     INVX1HVT          2   0.5    44    54    1192 
  SUB_EXP_UNIT/CLA_4BIT_UNIT_0/g215/Y                         -       A->Y   R     INVX1HVT          2   0.5    31    47    1239 
  SUB_EXP_UNIT/CLA_4BIT_UNIT_0/g2/Y                           -       A->Y   R     MX2X1HVT         11   3.3   120   308    1547 
  SUB_EXP_UNIT/CLA_4BIT_UNIT_0/g208/Y                         -       B->Y   F     NAND2X1HVT        2   0.6   123   158    1705 
  SUB_EXP_UNIT/CLA_4BIT_UNIT_0/g206/Y                         -       B->Y   R     CLKXOR2X1HVT      9   2.8   106   288    1992 
  SHF_RIGHT_MAN_UNIT/g1029/Y                                  -       A->Y   F     INVX1HVT          5   1.5   101   129    2122 
  SHF_RIGHT_MAN_UNIT/g1007/Y                                  -       B1->Y  R     OAI22X1HVT        2   0.4   100   109    2230 
  SHF_RIGHT_MAN_UNIT/g998/Y                                   -       B->Y   F     MXI2XLHVT         1   0.3   158   206    2437 
  SHF_RIGHT_MAN_UNIT/g993/Y                                   -       B->Y   R     NOR2X1HVT         4   0.9    99   154    2591 
  COMP_MAN_UNIT/u_low/g252/Y                                  -       B->Y   R     OR2XLHVT          1   0.3    30   131    2722 
  COMP_MAN_UNIT/u_low/g250/Y                                  -       A0->Y  F     AOI22X1HVT        1   0.3   149   160    2882 
  COMP_MAN_UNIT/u_low/g249/Y                                  -       A->Y   R     NOR2X1HVT         1   0.3    59   140    3022 
  COMP_MAN_UNIT/u_low/g248/Y                                  -       B->Y   F     NOR2X1HVT         1   0.3    54    70    3092 
  COMP_MAN_UNIT/u_low/g2/Y                                    -       A1->Y  R     OAI21X1HVT        1   0.2    61    80    3172 
  COMP_MAN_UNIT/g16/Y                                         -       A1->Y  R     AO21X1HVT         6   1.7    76   266    3438 
  SWAP_MAN1_UNIT/fopt249/Y                                    -       A->Y   F     INVX1HVT          1   0.3    42    78    3516 
  SWAP_MAN1_UNIT/fopt248/Y                                    -       A->Y   R     INVX1HVT         12   3.4   112    92    3608 
  SWAP_MAN1_UNIT/g239/Y                                       -       S0->Y  F     MX2XLHVT          2   0.5    66   236    3844 
  MAN_ALU_UNIT/ALU_SUB_UNIT/CLA_4BIT_UNIT_0/g326/Y            -       A->Y   R     XOR2XLHVT         3   0.8    60   298    4142 
  MAN_ALU_UNIT/ALU_SUB_UNIT/CLA_4BIT_UNIT_0/g318/Y            -       A1N->Y R     OAI2BB1X1HVT      1   0.3    48   210    4352 
  MAN_ALU_UNIT/ALU_SUB_UNIT/CLA_4BIT_UNIT_0/g317/Y            -       B->Y   F     NAND2X1HVT        1   0.3    90    95    4448 
  MAN_ALU_UNIT/ALU_SUB_UNIT/CLA_4BIT_UNIT_0/g315/Y            -       B->Y   R     NAND2BX1HVT       1   0.2    37    76    4523 
  MAN_ALU_UNIT/ALU_SUB_UNIT/CLA_4BIT_UNIT_0/g312/Y            -       A1N->Y R     OAI2BB1XLHVT      1   0.2    44   164    4688 
  MAN_ALU_UNIT/ALU_SUB_UNIT/g25/Y                             -       B0->Y  R     AO21X1HVT         4   0.8    52   136    4824 
  MAN_ALU_UNIT/ALU_SUB_UNIT/CLA_4BIT_UNIT_1/g356_dup373/Y     -       A1N->Y R     OAI2BB1X1HVT      3   0.9    63   215    5039 
  MAN_ALU_UNIT/ALU_SUB_UNIT/CLA_4BIT_UNIT_1/g350/Y            -       A1->Y  F     AOI21X1HVT        1   0.3   111   135    5174 
  MAN_ALU_UNIT/ALU_SUB_UNIT/CLA_4BIT_UNIT_1/g349/Y            -       B->Y   R     XNOR2X1HVT        6   1.5    70   308    5482 
  LOPD_UNIT/g406/Y                                            -       A1N->Y R     AOI2BB1XLHVT      8   1.9   230   229    5710 
  EXP_ADJUSTION_UNIT/g145/Y                                   -       A1->Y  F     OAI21X1HVT        3   0.7   149   270    5980 
  EXP_ADJUSTION_UNIT/CLA_8BIT_UNIT/CLA_4BIT_UNIT_0/g303_dup/Y -       B->Y   R     XNOR2X1HVT        1   0.3    36   308    6288 
  EXP_ADJUSTION_UNIT/CLA_8BIT_UNIT/CLA_4BIT_UNIT_0/g2/Y       -       C->Y   F     NOR3X1HVT         2   0.5    70    62    6349 
  EXP_ADJUSTION_UNIT/CLA_8BIT_UNIT/CLA_4BIT_UNIT_0/g291/Y     -       A1->Y  R     OAI21X1HVT        1   0.3    68    94    6444 
  EXP_ADJUSTION_UNIT/CLA_8BIT_UNIT/CLA_4BIT_UNIT_0/g289/Y     -       B0->Y  F     OAI21X1HVT        1   0.2    99   127    6571 
  EXP_ADJUSTION_UNIT/CLA_8BIT_UNIT/g2/Y                       -       B0->Y  F     AO21X1HVT         2   0.5    50   181    6752 
  EXP_ADJUSTION_UNIT/CLA_8BIT_UNIT/CLA_4BIT_UNIT_1/g295/Y     -       B->Y   R     NAND2BX1HVT       3   0.9    50    60    6812 
  EXP_ADJUSTION_UNIT/CLA_8BIT_UNIT/CLA_4BIT_UNIT_1/g307/Y     -       B0->Y  F     OAI2BB1X1HVT      1   0.3    92   116    6927 
  EXP_ADJUSTION_UNIT/CLA_8BIT_UNIT/CLA_4BIT_UNIT_1/g306/Y     -       B->Y   R     XNOR2X1HVT        1   0.2    34   278    7206 
  EXP_ADJUSTION_UNIT/g159/Y                                   -       B->Y   R     AND2XLHVT         1   0.2    27   159    7365 
  g839/Y                                                      -       A0->Y  R     AO21X1HVT         1   1.0    58   252    7617 
  fopt837/Y                                                   -       A->Y   R     BUFX12HVT         1   1.7    42   146    7763 
  drc_bufs942/Y                                               -       A->Y   R     CLKBUFX20HVT      1 100.0   184   224    7987 
  o_bfu_add[28]                                               <<<     -      R     (port)            -     -     -     0    7987 
#--------------------------------------------------------------------------------------------------------------------------------

