desc: --stacks=yes --massif-out-file=./Reports/ANALYSIS_DIR/checkmemory/MergeSort.out
cmd: ./main 2 3
time_unit: i
#-----------
snapshot=0
#-----------
time=0
mem_heap_B=0
mem_heap_extra_B=0
mem_stacks_B=0
heap_tree=empty
#-----------
snapshot=1
#-----------
time=62472
mem_heap_B=0
mem_heap_extra_B=0
mem_stacks_B=7736
heap_tree=detailed
n0: 0 (heap allocation functions) malloc/new/new[], --alloc-fns, etc.
#-----------
snapshot=2
#-----------
time=95685
mem_heap_B=0
mem_heap_extra_B=0
mem_stacks_B=4016
heap_tree=empty
#-----------
snapshot=3
#-----------
time=137030
mem_heap_B=0
mem_heap_extra_B=0
mem_stacks_B=1384
heap_tree=empty
#-----------
snapshot=4
#-----------
time=170055
mem_heap_B=0
mem_heap_extra_B=0
mem_stacks_B=1864
heap_tree=empty
#-----------
snapshot=5
#-----------
time=212145
mem_heap_B=0
mem_heap_extra_B=0
mem_stacks_B=1384
heap_tree=empty
#-----------
snapshot=6
#-----------
time=239306
mem_heap_B=0
mem_heap_extra_B=0
mem_stacks_B=1384
heap_tree=empty
#-----------
snapshot=7
#-----------
time=286839
mem_heap_B=0
mem_heap_extra_B=0
mem_stacks_B=1864
heap_tree=empty
#-----------
snapshot=8
#-----------
time=348582
mem_heap_B=0
mem_heap_extra_B=0
mem_stacks_B=1384
heap_tree=empty
#-----------
snapshot=9
#-----------
time=403536
mem_heap_B=0
mem_heap_extra_B=0
mem_stacks_B=1704
heap_tree=empty
#-----------
snapshot=10
#-----------
time=451030
mem_heap_B=0
mem_heap_extra_B=0
mem_stacks_B=1864
heap_tree=empty
#-----------
snapshot=11
#-----------
time=479181
mem_heap_B=0
mem_heap_extra_B=0
mem_stacks_B=1960
heap_tree=empty
#-----------
snapshot=12
#-----------
time=528239
mem_heap_B=0
mem_heap_extra_B=0
mem_stacks_B=1864
heap_tree=empty
#-----------
snapshot=13
#-----------
time=561127
mem_heap_B=0
mem_heap_extra_B=0
mem_stacks_B=1864
heap_tree=empty
#-----------
snapshot=14
#-----------
time=618656
mem_heap_B=0
mem_heap_extra_B=0
mem_stacks_B=1608
heap_tree=detailed
n0: 0 (heap allocation functions) malloc/new/new[], --alloc-fns, etc.
#-----------
snapshot=15
#-----------
time=685582
mem_heap_B=0
mem_heap_extra_B=0
mem_stacks_B=1608
heap_tree=empty
#-----------
snapshot=16
#-----------
time=739136
mem_heap_B=0
mem_heap_extra_B=0
mem_stacks_B=1608
heap_tree=empty
#-----------
snapshot=17
#-----------
time=772605
mem_heap_B=0
mem_heap_extra_B=0
mem_stacks_B=1864
heap_tree=empty
#-----------
snapshot=18
#-----------
time=816919
mem_heap_B=0
mem_heap_extra_B=0
mem_stacks_B=1608
heap_tree=detailed
n0: 0 (heap allocation functions) malloc/new/new[], --alloc-fns, etc.
#-----------
snapshot=19
#-----------
time=848367
mem_heap_B=0
mem_heap_extra_B=0
mem_stacks_B=1608
heap_tree=empty
#-----------
snapshot=20
#-----------
time=889466
mem_heap_B=0
mem_heap_extra_B=0
mem_stacks_B=1960
heap_tree=empty
#-----------
snapshot=21
#-----------
time=947036
mem_heap_B=0
mem_heap_extra_B=0
mem_stacks_B=1864
heap_tree=empty
#-----------
snapshot=22
#-----------
time=991605
mem_heap_B=0
mem_heap_extra_B=0
mem_stacks_B=1864
heap_tree=empty
#-----------
snapshot=23
#-----------
time=1035582
mem_heap_B=0
mem_heap_extra_B=0
mem_stacks_B=1864
heap_tree=empty
#-----------
snapshot=24
#-----------
time=1104358
mem_heap_B=0
mem_heap_extra_B=0
mem_stacks_B=1864
heap_tree=empty
#-----------
snapshot=25
#-----------
time=1154383
mem_heap_B=0
mem_heap_extra_B=0
mem_stacks_B=1384
heap_tree=empty
#-----------
snapshot=26
#-----------
time=1196501
mem_heap_B=0
mem_heap_extra_B=0
mem_stacks_B=1608
heap_tree=empty
#-----------
snapshot=27
#-----------
time=1245182
mem_heap_B=0
mem_heap_extra_B=0
mem_stacks_B=1448
heap_tree=empty
#-----------
snapshot=28
#-----------
time=1298474
mem_heap_B=0
mem_heap_extra_B=0
mem_stacks_B=1384
heap_tree=empty
#-----------
snapshot=29
#-----------
time=1333997
mem_heap_B=0
mem_heap_extra_B=0
mem_stacks_B=1960
heap_tree=empty
#-----------
snapshot=30
#-----------
time=1385444
mem_heap_B=0
mem_heap_extra_B=0
mem_stacks_B=1608
heap_tree=empty
#-----------
snapshot=31
#-----------
time=1426772
mem_heap_B=0
mem_heap_extra_B=0
mem_stacks_B=1864
heap_tree=empty
#-----------
snapshot=32
#-----------
time=1469820
mem_heap_B=0
mem_heap_extra_B=0
mem_stacks_B=1608
heap_tree=empty
#-----------
snapshot=33
#-----------
time=1526172
mem_heap_B=0
mem_heap_extra_B=0
mem_stacks_B=1664
heap_tree=empty
#-----------
snapshot=34
#-----------
time=1571458
mem_heap_B=0
mem_heap_extra_B=0
mem_stacks_B=1864
heap_tree=empty
#-----------
snapshot=35
#-----------
time=1631866
mem_heap_B=0
mem_heap_extra_B=0
mem_stacks_B=1384
heap_tree=empty
#-----------
snapshot=36
#-----------
time=1693853
mem_heap_B=0
mem_heap_extra_B=0
mem_stacks_B=1608
heap_tree=empty
#-----------
snapshot=37
#-----------
time=1739633
mem_heap_B=0
mem_heap_extra_B=0
mem_stacks_B=1608
heap_tree=empty
#-----------
snapshot=38
#-----------
time=1770474
mem_heap_B=0
mem_heap_extra_B=0
mem_stacks_B=1608
heap_tree=detailed
n0: 0 (heap allocation functions) malloc/new/new[], --alloc-fns, etc.
#-----------
snapshot=39
#-----------
time=1830867
mem_heap_B=0
mem_heap_extra_B=0
mem_stacks_B=1448
heap_tree=empty
#-----------
snapshot=40
#-----------
time=1861275
mem_heap_B=0
mem_heap_extra_B=0
mem_stacks_B=1864
heap_tree=empty
#-----------
snapshot=41
#-----------
time=1907342
mem_heap_B=0
mem_heap_extra_B=0
mem_stacks_B=1608
heap_tree=empty
#-----------
snapshot=42
#-----------
time=1938681
mem_heap_B=0
mem_heap_extra_B=0
mem_stacks_B=1608
heap_tree=empty
#-----------
snapshot=43
#-----------
time=1984642
mem_heap_B=0
mem_heap_extra_B=0
mem_stacks_B=1608
heap_tree=empty
#-----------
snapshot=44
#-----------
time=2045794
mem_heap_B=0
mem_heap_extra_B=0
mem_stacks_B=1608
heap_tree=empty
#-----------
snapshot=45
#-----------
time=2091199
mem_heap_B=0
mem_heap_extra_B=0
mem_stacks_B=1864
heap_tree=empty
#-----------
snapshot=46
#-----------
time=2121522
mem_heap_B=0
mem_heap_extra_B=0
mem_stacks_B=1864
heap_tree=empty
#-----------
snapshot=47
#-----------
time=2182227
mem_heap_B=0
mem_heap_extra_B=0
mem_stacks_B=1384
heap_tree=empty
#-----------
snapshot=48
#-----------
time=2227621
mem_heap_B=0
mem_heap_extra_B=0
mem_stacks_B=1384
heap_tree=detailed
n0: 0 (heap allocation functions) malloc/new/new[], --alloc-fns, etc.
#-----------
snapshot=49
#-----------
time=2294657
mem_heap_B=0
mem_heap_extra_B=0
mem_stacks_B=1952
heap_tree=empty
#-----------
snapshot=50
#-----------
time=2321818
mem_heap_B=0
mem_heap_extra_B=0
mem_stacks_B=1600
heap_tree=empty
#-----------
snapshot=51
#-----------
time=2346079
mem_heap_B=72704
mem_heap_extra_B=8
mem_stacks_B=224
heap_tree=detailed
n1: 72704 (heap allocation functions) malloc/new/new[], --alloc-fns, etc.
 n1: 72704 0x4914939: ??? (in /usr/lib/x86_64-linux-gnu/libstdc++.so.6.0.30)
  n1: 72704 0x400647D: call_init.part.0 (dl-init.c:70)
   n1: 72704 0x4006567: call_init (dl-init.c:33)
    n1: 72704 0x4006567: _dl_init (dl-init.c:117)
     n1: 72704 0x40202C9: ??? (in /usr/lib/x86_64-linux-gnu/ld-linux-x86-64.so.2)
      n1: 72704 0x2: ???
       n1: 72704 0x1FFF00039A: ???
        n1: 72704 0x1FFF0003A1: ???
         n0: 72704 0x1FFF0003A3: ???
#-----------
snapshot=52
#-----------
time=2348023
mem_heap_B=72704
mem_heap_extra_B=8
mem_stacks_B=1816
heap_tree=detailed
n1: 72704 (heap allocation functions) malloc/new/new[], --alloc-fns, etc.
 n1: 72704 0x4914939: ??? (in /usr/lib/x86_64-linux-gnu/libstdc++.so.6.0.30)
  n1: 72704 0x400647D: call_init.part.0 (dl-init.c:70)
   n1: 72704 0x4006567: call_init (dl-init.c:33)
    n1: 72704 0x4006567: _dl_init (dl-init.c:117)
     n1: 72704 0x40202C9: ??? (in /usr/lib/x86_64-linux-gnu/ld-linux-x86-64.so.2)
      n1: 72704 0x2: ???
       n1: 72704 0x1FFF00039A: ???
        n1: 72704 0x1FFF0003A1: ???
         n0: 72704 0x1FFF0003A3: ???
#-----------
snapshot=53
#-----------
time=2375187
mem_heap_B=72704
mem_heap_extra_B=8
mem_stacks_B=504
heap_tree=empty
#-----------
snapshot=54
#-----------
time=2402391
mem_heap_B=72704
mem_heap_extra_B=8
mem_stacks_B=504
heap_tree=empty
#-----------
snapshot=55
#-----------
time=2429889
mem_heap_B=72704
mem_heap_extra_B=8
mem_stacks_B=1464
heap_tree=empty
#-----------
snapshot=56
#-----------
time=2456790
mem_heap_B=72725
mem_heap_extra_B=27
mem_stacks_B=2840
heap_tree=detailed
n2: 72725 (heap allocation functions) malloc/new/new[], --alloc-fns, etc.
 n1: 72704 0x4914939: ??? (in /usr/lib/x86_64-linux-gnu/libstdc++.so.6.0.30)
  n1: 72704 0x400647D: call_init.part.0 (dl-init.c:70)
   n1: 72704 0x4006567: call_init (dl-init.c:33)
    n1: 72704 0x4006567: _dl_init (dl-init.c:117)
     n1: 72704 0x40202C9: ??? (in /usr/lib/x86_64-linux-gnu/ld-linux-x86-64.so.2)
      n1: 72704 0x2: ???
       n1: 72704 0x1FFF00039A: ???
        n1: 72704 0x1FFF0003A1: ???
         n0: 72704 0x1FFF0003A3: ???
 n0: 21 in 1 place, below massif's threshold (1.00%)
#-----------
snapshot=57
#-----------
time=2464988
mem_heap_B=81389
mem_heap_extra_B=51
mem_stacks_B=1360
heap_tree=detailed
n3: 81389 (heap allocation functions) malloc/new/new[], --alloc-fns, etc.
 n1: 72704 0x4914939: ??? (in /usr/lib/x86_64-linux-gnu/libstdc++.so.6.0.30)
  n1: 72704 0x400647D: call_init.part.0 (dl-init.c:70)
   n1: 72704 0x4006567: call_init (dl-init.c:33)
    n1: 72704 0x4006567: _dl_init (dl-init.c:117)
     n1: 72704 0x40202C9: ??? (in /usr/lib/x86_64-linux-gnu/ld-linux-x86-64.so.2)
      n1: 72704 0x2: ???
       n1: 72704 0x1FFF00039A: ???
        n1: 72704 0x1FFF0003A1: ???
         n0: 72704 0x1FFF0003A3: ???
 n1: 8192 0x497F023: std::basic_filebuf<char, std::char_traits<char> >::_M_allocate_internal_buffer() (in /usr/lib/x86_64-linux-gnu/libstdc++.so.6.0.30)
  n1: 8192 0x4983015: std::basic_filebuf<char, std::char_traits<char> >::open(char const*, std::_Ios_Openmode) (in /usr/lib/x86_64-linux-gnu/libstdc++.so.6.0.30)
   n1: 8192 0x10C112: void ReadDataToFile_DEC<float>(std::__cxx11::basic_string<char, std::char_traits<char>, std::allocator<char> > const&, std::vector<float, std::allocator<float> >&) (in /home/noname/Documents/project_tiny/Sort_on_FPGA/Version1/01_slt/main)
    n0: 8192 0x10A6B4: main (in /home/noname/Documents/project_tiny/Sort_on_FPGA/Version1/01_slt/main)
 n0: 493 in 2 places, all below massif's threshold (1.00%)
#-----------
snapshot=58
#-----------
time=2465709
mem_heap_B=81389
mem_heap_extra_B=51
mem_stacks_B=2840
heap_tree=detailed
n3: 81389 (heap allocation functions) malloc/new/new[], --alloc-fns, etc.
 n1: 72704 0x4914939: ??? (in /usr/lib/x86_64-linux-gnu/libstdc++.so.6.0.30)
  n1: 72704 0x400647D: call_init.part.0 (dl-init.c:70)
   n1: 72704 0x4006567: call_init (dl-init.c:33)
    n1: 72704 0x4006567: _dl_init (dl-init.c:117)
     n1: 72704 0x40202C9: ??? (in /usr/lib/x86_64-linux-gnu/ld-linux-x86-64.so.2)
      n1: 72704 0x2: ???
       n1: 72704 0x1FFF00039A: ???
        n1: 72704 0x1FFF0003A1: ???
         n0: 72704 0x1FFF0003A3: ???
 n1: 8192 0x497F023: std::basic_filebuf<char, std::char_traits<char> >::_M_allocate_internal_buffer() (in /usr/lib/x86_64-linux-gnu/libstdc++.so.6.0.30)
  n1: 8192 0x4983015: std::basic_filebuf<char, std::char_traits<char> >::open(char const*, std::_Ios_Openmode) (in /usr/lib/x86_64-linux-gnu/libstdc++.so.6.0.30)
   n1: 8192 0x10C112: void ReadDataToFile_DEC<float>(std::__cxx11::basic_string<char, std::char_traits<char>, std::allocator<char> > const&, std::vector<float, std::allocator<float> >&) (in /home/noname/Documents/project_tiny/Sort_on_FPGA/Version1/01_slt/main)
    n0: 8192 0x10A6B4: main (in /home/noname/Documents/project_tiny/Sort_on_FPGA/Version1/01_slt/main)
 n0: 493 in 2 places, all below massif's threshold (1.00%)
#-----------
snapshot=59
#-----------
time=2493076
mem_heap_B=81478
mem_heap_extra_B=74
mem_stacks_B=1656
heap_tree=empty
#-----------
snapshot=60
#-----------
time=2520509
mem_heap_B=81574
mem_heap_extra_B=74
mem_stacks_B=1656
heap_tree=empty
#-----------
snapshot=61
#-----------
time=2547671
mem_heap_B=81574
mem_heap_extra_B=74
mem_stacks_B=1656
heap_tree=empty
#-----------
snapshot=62
#-----------
time=2575203
mem_heap_B=81702
mem_heap_extra_B=74
mem_stacks_B=1656
heap_tree=empty
#-----------
snapshot=63
#-----------
time=2602472
mem_heap_B=81702
mem_heap_extra_B=74
mem_stacks_B=1512
heap_tree=empty
#-----------
snapshot=64
#-----------
time=2629747
mem_heap_B=81958
mem_heap_extra_B=74
mem_stacks_B=1512
heap_tree=empty
#-----------
snapshot=65
#-----------
time=2656925
mem_heap_B=81958
mem_heap_extra_B=74
mem_stacks_B=1688
heap_tree=empty
#-----------
snapshot=66
#-----------
time=2684349
mem_heap_B=81958
mem_heap_extra_B=74
mem_stacks_B=1656
heap_tree=empty
#-----------
snapshot=67
#-----------
time=2711720
mem_heap_B=81958
mem_heap_extra_B=74
mem_stacks_B=1656
heap_tree=empty
#-----------
snapshot=68
#-----------
time=2738915
mem_heap_B=81958
mem_heap_extra_B=74
mem_stacks_B=1656
heap_tree=detailed
n3: 81958 (heap allocation functions) malloc/new/new[], --alloc-fns, etc.
 n1: 72704 0x4914939: ??? (in /usr/lib/x86_64-linux-gnu/libstdc++.so.6.0.30)
  n1: 72704 0x400647D: call_init.part.0 (dl-init.c:70)
   n1: 72704 0x4006567: call_init (dl-init.c:33)
    n1: 72704 0x4006567: _dl_init (dl-init.c:117)
     n1: 72704 0x40202C9: ??? (in /usr/lib/x86_64-linux-gnu/ld-linux-x86-64.so.2)
      n1: 72704 0x2: ???
       n1: 72704 0x1FFF00039A: ???
        n1: 72704 0x1FFF0003A1: ???
         n0: 72704 0x1FFF0003A3: ???
 n1: 8192 0x497F023: std::basic_filebuf<char, std::char_traits<char> >::_M_allocate_internal_buffer() (in /usr/lib/x86_64-linux-gnu/libstdc++.so.6.0.30)
  n1: 8192 0x4983015: std::basic_filebuf<char, std::char_traits<char> >::open(char const*, std::_Ios_Openmode) (in /usr/lib/x86_64-linux-gnu/libstdc++.so.6.0.30)
   n1: 8192 0x10C112: void ReadDataToFile_DEC<float>(std::__cxx11::basic_string<char, std::char_traits<char>, std::allocator<char> > const&, std::vector<float, std::allocator<float> >&) (in /home/noname/Documents/project_tiny/Sort_on_FPGA/Version1/01_slt/main)
    n0: 8192 0x10A6B4: main (in /home/noname/Documents/project_tiny/Sort_on_FPGA/Version1/01_slt/main)
 n0: 1062 in 4 places, all below massif's threshold (1.00%)
#-----------
snapshot=69
#-----------
time=2766269
mem_heap_B=81958
mem_heap_extra_B=74
mem_stacks_B=1656
heap_tree=empty
#-----------
snapshot=70
#-----------
time=2793631
mem_heap_B=74848
mem_heap_extra_B=40
mem_stacks_B=640
heap_tree=empty
#-----------
snapshot=71
#-----------
time=2811496
mem_heap_B=83644
mem_heap_extra_B=84
mem_stacks_B=2904
heap_tree=detailed
n4: 83644 (heap allocation functions) malloc/new/new[], --alloc-fns, etc.
 n1: 72704 0x4914939: ??? (in /usr/lib/x86_64-linux-gnu/libstdc++.so.6.0.30)
  n1: 72704 0x400647D: call_init.part.0 (dl-init.c:70)
   n1: 72704 0x4006567: call_init (dl-init.c:33)
    n1: 72704 0x4006567: _dl_init (dl-init.c:117)
     n1: 72704 0x40202C9: ??? (in /usr/lib/x86_64-linux-gnu/ld-linux-x86-64.so.2)
      n1: 72704 0x2: ???
       n1: 72704 0x1FFF00039A: ???
        n1: 72704 0x1FFF0003A1: ???
         n0: 72704 0x1FFF0003A3: ???
 n1: 8192 0x497F023: std::basic_filebuf<char, std::char_traits<char> >::_M_allocate_internal_buffer() (in /usr/lib/x86_64-linux-gnu/libstdc++.so.6.0.30)
  n2: 8192 0x4983015: std::basic_filebuf<char, std::char_traits<char> >::open(char const*, std::_Ios_Openmode) (in /usr/lib/x86_64-linux-gnu/libstdc++.so.6.0.30)
   n1: 8192 0x10BB60: void WriteDataToFile_Dec<float>(std::vector<float, std::allocator<float> > const&, std::__cxx11::basic_string<char, std::char_traits<char>, std::allocator<char> > const&) (in /home/noname/Documents/project_tiny/Sort_on_FPGA/Version1/01_slt/main)
    n0: 8192 0x10A943: main (in /home/noname/Documents/project_tiny/Sort_on_FPGA/Version1/01_slt/main)
   n0: 0 in 1 place, below massif's threshold (1.00%)
 n0: 1724 in 6 places, all below massif's threshold (1.00%)
 n1: 1024 0x4B34BA3: _IO_file_doallocate (filedoalloc.c:101)
  n1: 1024 0x4B43CDF: _IO_doallocbuf (genops.c:347)
   n1: 1024 0x4B42F5F: _IO_file_overflow@@GLIBC_2.2.5 (fileops.c:744)
    n1: 1024 0x4B416D4: _IO_new_file_xsputn (fileops.c:1243)
     n1: 1024 0x4B416D4: _IO_file_xsputn@@GLIBC_2.2.5 (fileops.c:1196)
      n1: 1024 0x4B2B14C: outstring_func (vfprintf-internal.c:239)
       n1: 1024 0x4B2B14C: __vfprintf_internal (vfprintf-internal.c:1263)
        n1: 1024 0x4BEACBA: __printf_chk (printf_chk.c:33)
         n1: 1024 0x10C1CE: void ReadDataToFile_DEC<float>(std::__cxx11::basic_string<char, std::char_traits<char>, std::allocator<char> > const&, std::vector<float, std::allocator<float> >&) (in /home/noname/Documents/project_tiny/Sort_on_FPGA/Version1/01_slt/main)
          n0: 1024 0x10A6B4: main (in /home/noname/Documents/project_tiny/Sort_on_FPGA/Version1/01_slt/main)
#-----------
snapshot=72
#-----------
time=2814298
mem_heap_B=83644
mem_heap_extra_B=84
mem_stacks_B=3960
heap_tree=peak
n4: 83644 (heap allocation functions) malloc/new/new[], --alloc-fns, etc.
 n1: 72704 0x4914939: ??? (in /usr/lib/x86_64-linux-gnu/libstdc++.so.6.0.30)
  n1: 72704 0x400647D: call_init.part.0 (dl-init.c:70)
   n1: 72704 0x4006567: call_init (dl-init.c:33)
    n1: 72704 0x4006567: _dl_init (dl-init.c:117)
     n1: 72704 0x40202C9: ??? (in /usr/lib/x86_64-linux-gnu/ld-linux-x86-64.so.2)
      n1: 72704 0x2: ???
       n1: 72704 0x1FFF00039A: ???
        n1: 72704 0x1FFF0003A1: ???
         n0: 72704 0x1FFF0003A3: ???
 n1: 8192 0x497F023: std::basic_filebuf<char, std::char_traits<char> >::_M_allocate_internal_buffer() (in /usr/lib/x86_64-linux-gnu/libstdc++.so.6.0.30)
  n2: 8192 0x4983015: std::basic_filebuf<char, std::char_traits<char> >::open(char const*, std::_Ios_Openmode) (in /usr/lib/x86_64-linux-gnu/libstdc++.so.6.0.30)
   n1: 8192 0x10BB60: void WriteDataToFile_Dec<float>(std::vector<float, std::allocator<float> > const&, std::__cxx11::basic_string<char, std::char_traits<char>, std::allocator<char> > const&) (in /home/noname/Documents/project_tiny/Sort_on_FPGA/Version1/01_slt/main)
    n0: 8192 0x10A943: main (in /home/noname/Documents/project_tiny/Sort_on_FPGA/Version1/01_slt/main)
   n0: 0 in 1 place, below massif's threshold (1.00%)
 n0: 1724 in 6 places, all below massif's threshold (1.00%)
 n1: 1024 0x4B34BA3: _IO_file_doallocate (filedoalloc.c:101)
  n1: 1024 0x4B43CDF: _IO_doallocbuf (genops.c:347)
   n1: 1024 0x4B42F5F: _IO_file_overflow@@GLIBC_2.2.5 (fileops.c:744)
    n1: 1024 0x4B416D4: _IO_new_file_xsputn (fileops.c:1243)
     n1: 1024 0x4B416D4: _IO_file_xsputn@@GLIBC_2.2.5 (fileops.c:1196)
      n1: 1024 0x4B2B14C: outstring_func (vfprintf-internal.c:239)
       n1: 1024 0x4B2B14C: __vfprintf_internal (vfprintf-internal.c:1263)
        n1: 1024 0x4BEACBA: __printf_chk (printf_chk.c:33)
         n1: 1024 0x10C1CE: void ReadDataToFile_DEC<float>(std::__cxx11::basic_string<char, std::char_traits<char>, std::allocator<char> > const&, std::vector<float, std::allocator<float> >&) (in /home/noname/Documents/project_tiny/Sort_on_FPGA/Version1/01_slt/main)
          n0: 1024 0x10A6B4: main (in /home/noname/Documents/project_tiny/Sort_on_FPGA/Version1/01_slt/main)
#-----------
snapshot=73
#-----------
time=2841468
mem_heap_B=83644
mem_heap_extra_B=84
mem_stacks_B=4264
heap_tree=empty
#-----------
snapshot=74
#-----------
time=2868634
mem_heap_B=83644
mem_heap_extra_B=84
mem_stacks_B=1208
heap_tree=empty
#-----------
snapshot=75
#-----------
time=2895802
mem_heap_B=83644
mem_heap_extra_B=84
mem_stacks_B=4104
heap_tree=empty
#-----------
snapshot=76
#-----------
time=2922966
mem_heap_B=83644
mem_heap_extra_B=84
mem_stacks_B=4264
heap_tree=empty
#-----------
snapshot=77
#-----------
time=2950129
mem_heap_B=83644
mem_heap_extra_B=84
mem_stacks_B=3600
heap_tree=empty
#-----------
snapshot=78
#-----------
time=2977444
mem_heap_B=83644
mem_heap_extra_B=84
mem_stacks_B=3608
heap_tree=empty
#-----------
snapshot=79
#-----------
time=3004623
mem_heap_B=83644
mem_heap_extra_B=84
mem_stacks_B=4184
heap_tree=empty
#-----------
snapshot=80
#-----------
time=3031951
mem_heap_B=83644
mem_heap_extra_B=84
mem_stacks_B=3656
heap_tree=empty
#-----------
snapshot=81
#-----------
time=3059122
mem_heap_B=83644
mem_heap_extra_B=84
mem_stacks_B=3600
heap_tree=empty
#-----------
snapshot=82
#-----------
time=3086285
mem_heap_B=83644
mem_heap_extra_B=84
mem_stacks_B=4104
heap_tree=detailed
n4: 83644 (heap allocation functions) malloc/new/new[], --alloc-fns, etc.
 n1: 72704 0x4914939: ??? (in /usr/lib/x86_64-linux-gnu/libstdc++.so.6.0.30)
  n1: 72704 0x400647D: call_init.part.0 (dl-init.c:70)
   n1: 72704 0x4006567: call_init (dl-init.c:33)
    n1: 72704 0x4006567: _dl_init (dl-init.c:117)
     n1: 72704 0x40202C9: ??? (in /usr/lib/x86_64-linux-gnu/ld-linux-x86-64.so.2)
      n1: 72704 0x2: ???
       n1: 72704 0x1FFF00039A: ???
        n1: 72704 0x1FFF0003A1: ???
         n0: 72704 0x1FFF0003A3: ???
 n1: 8192 0x497F023: std::basic_filebuf<char, std::char_traits<char> >::_M_allocate_internal_buffer() (in /usr/lib/x86_64-linux-gnu/libstdc++.so.6.0.30)
  n2: 8192 0x4983015: std::basic_filebuf<char, std::char_traits<char> >::open(char const*, std::_Ios_Openmode) (in /usr/lib/x86_64-linux-gnu/libstdc++.so.6.0.30)
   n1: 8192 0x10BB60: void WriteDataToFile_Dec<float>(std::vector<float, std::allocator<float> > const&, std::__cxx11::basic_string<char, std::char_traits<char>, std::allocator<char> > const&) (in /home/noname/Documents/project_tiny/Sort_on_FPGA/Version1/01_slt/main)
    n0: 8192 0x10A943: main (in /home/noname/Documents/project_tiny/Sort_on_FPGA/Version1/01_slt/main)
   n0: 0 in 1 place, below massif's threshold (1.00%)
 n0: 1724 in 6 places, all below massif's threshold (1.00%)
 n1: 1024 0x4B34BA3: _IO_file_doallocate (filedoalloc.c:101)
  n1: 1024 0x4B43CDF: _IO_doallocbuf (genops.c:347)
   n1: 1024 0x4B42F5F: _IO_file_overflow@@GLIBC_2.2.5 (fileops.c:744)
    n1: 1024 0x4B416D4: _IO_new_file_xsputn (fileops.c:1243)
     n1: 1024 0x4B416D4: _IO_file_xsputn@@GLIBC_2.2.5 (fileops.c:1196)
      n1: 1024 0x4B2B14C: outstring_func (vfprintf-internal.c:239)
       n1: 1024 0x4B2B14C: __vfprintf_internal (vfprintf-internal.c:1263)
        n1: 1024 0x4BEACBA: __printf_chk (printf_chk.c:33)
         n1: 1024 0x10C1CE: void ReadDataToFile_DEC<float>(std::__cxx11::basic_string<char, std::char_traits<char>, std::allocator<char> > const&, std::vector<float, std::allocator<float> >&) (in /home/noname/Documents/project_tiny/Sort_on_FPGA/Version1/01_slt/main)
          n0: 1024 0x10A6B4: main (in /home/noname/Documents/project_tiny/Sort_on_FPGA/Version1/01_slt/main)
#-----------
snapshot=83
#-----------
time=3113463
mem_heap_B=83644
mem_heap_extra_B=84
mem_stacks_B=4184
heap_tree=empty
#-----------
snapshot=84
#-----------
time=3140632
mem_heap_B=83644
mem_heap_extra_B=84
mem_stacks_B=1592
heap_tree=empty
#-----------
snapshot=85
#-----------
time=3167793
mem_heap_B=83644
mem_heap_extra_B=84
mem_stacks_B=3608
heap_tree=empty
#-----------
snapshot=86
#-----------
time=3194962
mem_heap_B=83644
mem_heap_extra_B=84
mem_stacks_B=4216
heap_tree=empty
#-----------
snapshot=87
#-----------
time=3222342
mem_heap_B=83644
mem_heap_extra_B=84
mem_stacks_B=3656
heap_tree=empty
#-----------
snapshot=88
#-----------
time=3249503
mem_heap_B=83644
mem_heap_extra_B=84
mem_stacks_B=2216
heap_tree=empty
#-----------
snapshot=89
#-----------
time=3276670
mem_heap_B=83644
mem_heap_extra_B=84
mem_stacks_B=4096
heap_tree=empty
#-----------
snapshot=90
#-----------
time=3303838
mem_heap_B=73728
mem_heap_extra_B=16
mem_stacks_B=1752
heap_tree=empty
