--------------------------------------------------------------------------------
Command:            ./main 2 3
Massif arguments:   --stacks=yes --massif-out-file=./Reports/ANALYSIS_DIR/checkmemory/MergeSort.out
ms_print arguments: ./Reports/ANALYSIS_DIR/checkmemory/MergeSort.out
--------------------------------------------------------------------------------


    KB
85.93^                                                             : :        
     |                                                     @   ::@:#:::::@::::
     |                                                     @:::::@:#:::::@::::
     |                                                     @:::::@:#:::::@::::
     |                                                   @:@:::::@:#:::::@::::
     |                                                   @:@:::::@:#:::::@::::
     |                                                   @:@:::::@:#:::::@::::
     |                                                   @:@:::::@:#:::::@::::
     |                                                   @:@:::::@:#:::::@::::
     |                                                   @:@:::::@:#:::::@::::
     |                                                   @:@:::::@:#:::::@::::
     |                                                   @:@:::::@:#:::::@::::
     |                                                   @:@:::::@:#:::::@::::
     |                                                   @:@:::::@:#:::::@::::
     |                                                   @:@:::::@:#:::::@::::
     |                                                   @:@:::::@:#:::::@::::
     |                                                   @:@:::::@:#:::::@::::
     |                                                   @:@:::::@:#:::::@::::
     |                                                   @:@:::::@:#:::::@::::
     | @                                                 @:@:::::@:#:::::@::::
   0 +----------------------------------------------------------------------->Mi
     0                                                                   3.151

Number of snapshots: 91
 Detailed snapshots: [1, 14, 18, 38, 48, 51, 52, 56, 57, 58, 68, 71, 72 (peak), 82]

--------------------------------------------------------------------------------
  n        time(i)         total(B)   useful-heap(B) extra-heap(B)    stacks(B)
--------------------------------------------------------------------------------
  0              0                0                0             0            0
  1         62,472            7,736                0             0        7,736
00.00% (0B) (heap allocation functions) malloc/new/new[], --alloc-fns, etc.

--------------------------------------------------------------------------------
  n        time(i)         total(B)   useful-heap(B) extra-heap(B)    stacks(B)
--------------------------------------------------------------------------------
  2         95,685            4,016                0             0        4,016
  3        137,030            1,384                0             0        1,384
  4        170,055            1,864                0             0        1,864
  5        212,145            1,384                0             0        1,384
  6        239,306            1,384                0             0        1,384
  7        286,839            1,864                0             0        1,864
  8        348,582            1,384                0             0        1,384
  9        403,536            1,704                0             0        1,704
 10        451,030            1,864                0             0        1,864
 11        479,181            1,960                0             0        1,960
 12        528,239            1,864                0             0        1,864
 13        561,127            1,864                0             0        1,864
 14        618,656            1,608                0             0        1,608
00.00% (0B) (heap allocation functions) malloc/new/new[], --alloc-fns, etc.

--------------------------------------------------------------------------------
  n        time(i)         total(B)   useful-heap(B) extra-heap(B)    stacks(B)
--------------------------------------------------------------------------------
 15        685,582            1,608                0             0        1,608
 16        739,136            1,608                0             0        1,608
 17        772,605            1,864                0             0        1,864
 18        816,919            1,608                0             0        1,608
00.00% (0B) (heap allocation functions) malloc/new/new[], --alloc-fns, etc.

--------------------------------------------------------------------------------
  n        time(i)         total(B)   useful-heap(B) extra-heap(B)    stacks(B)
--------------------------------------------------------------------------------
 19        848,367            1,608                0             0        1,608
 20        889,466            1,960                0             0        1,960
 21        947,036            1,864                0             0        1,864
 22        991,605            1,864                0             0        1,864
 23      1,035,582            1,864                0             0        1,864
 24      1,104,358            1,864                0             0        1,864
 25      1,154,383            1,384                0             0        1,384
 26      1,196,501            1,608                0             0        1,608
 27      1,245,182            1,448                0             0        1,448
 28      1,298,474            1,384                0             0        1,384
 29      1,333,997            1,960                0             0        1,960
 30      1,385,444            1,608                0             0        1,608
 31      1,426,772            1,864                0             0        1,864
 32      1,469,820            1,608                0             0        1,608
 33      1,526,172            1,664                0             0        1,664
 34      1,571,458            1,864                0             0        1,864
 35      1,631,866            1,384                0             0        1,384
 36      1,693,853            1,608                0             0        1,608
 37      1,739,633            1,608                0             0        1,608
 38      1,770,474            1,608                0             0        1,608
00.00% (0B) (heap allocation functions) malloc/new/new[], --alloc-fns, etc.

--------------------------------------------------------------------------------
  n        time(i)         total(B)   useful-heap(B) extra-heap(B)    stacks(B)
--------------------------------------------------------------------------------
 39      1,830,867            1,448                0             0        1,448
 40      1,861,275            1,864                0             0        1,864
 41      1,907,342            1,608                0             0        1,608
 42      1,938,681            1,608                0             0        1,608
 43      1,984,642            1,608                0             0        1,608
 44      2,045,794            1,608                0             0        1,608
 45      2,091,199            1,864                0             0        1,864
 46      2,121,522            1,864                0             0        1,864
 47      2,182,227            1,384                0             0        1,384
 48      2,227,621            1,384                0             0        1,384
00.00% (0B) (heap allocation functions) malloc/new/new[], --alloc-fns, etc.

--------------------------------------------------------------------------------
  n        time(i)         total(B)   useful-heap(B) extra-heap(B)    stacks(B)
--------------------------------------------------------------------------------
 49      2,294,657            1,952                0             0        1,952
 50      2,321,818            1,600                0             0        1,600
 51      2,346,079           72,936           72,704             8          224
99.68% (72,704B) (heap allocation functions) malloc/new/new[], --alloc-fns, etc.
->99.68% (72,704B) 0x4914939: ??? (in /usr/lib/x86_64-linux-gnu/libstdc++.so.6.0.30)
  ->99.68% (72,704B) 0x400647D: call_init.part.0 (dl-init.c:70)
    ->99.68% (72,704B) 0x4006567: call_init (dl-init.c:33)
      ->99.68% (72,704B) 0x4006567: _dl_init (dl-init.c:117)
        ->99.68% (72,704B) 0x40202C9: ??? (in /usr/lib/x86_64-linux-gnu/ld-linux-x86-64.so.2)
          ->99.68% (72,704B) 0x2: ???
            ->99.68% (72,704B) 0x1FFF00039A: ???
              ->99.68% (72,704B) 0x1FFF0003A1: ???
                ->99.68% (72,704B) 0x1FFF0003A3: ???
                  
--------------------------------------------------------------------------------
  n        time(i)         total(B)   useful-heap(B) extra-heap(B)    stacks(B)
--------------------------------------------------------------------------------
 52      2,348,023           74,528           72,704             8        1,816
97.55% (72,704B) (heap allocation functions) malloc/new/new[], --alloc-fns, etc.
->97.55% (72,704B) 0x4914939: ??? (in /usr/lib/x86_64-linux-gnu/libstdc++.so.6.0.30)
  ->97.55% (72,704B) 0x400647D: call_init.part.0 (dl-init.c:70)
    ->97.55% (72,704B) 0x4006567: call_init (dl-init.c:33)
      ->97.55% (72,704B) 0x4006567: _dl_init (dl-init.c:117)
        ->97.55% (72,704B) 0x40202C9: ??? (in /usr/lib/x86_64-linux-gnu/ld-linux-x86-64.so.2)
          ->97.55% (72,704B) 0x2: ???
            ->97.55% (72,704B) 0x1FFF00039A: ???
              ->97.55% (72,704B) 0x1FFF0003A1: ???
                ->97.55% (72,704B) 0x1FFF0003A3: ???
                  
--------------------------------------------------------------------------------
  n        time(i)         total(B)   useful-heap(B) extra-heap(B)    stacks(B)
--------------------------------------------------------------------------------
 53      2,375,187           73,216           72,704             8          504
 54      2,402,391           73,216           72,704             8          504
 55      2,429,889           74,176           72,704             8        1,464
 56      2,456,790           75,592           72,725            27        2,840
96.21% (72,725B) (heap allocation functions) malloc/new/new[], --alloc-fns, etc.
->96.18% (72,704B) 0x4914939: ??? (in /usr/lib/x86_64-linux-gnu/libstdc++.so.6.0.30)
| ->96.18% (72,704B) 0x400647D: call_init.part.0 (dl-init.c:70)
|   ->96.18% (72,704B) 0x4006567: call_init (dl-init.c:33)
|     ->96.18% (72,704B) 0x4006567: _dl_init (dl-init.c:117)
|       ->96.18% (72,704B) 0x40202C9: ??? (in /usr/lib/x86_64-linux-gnu/ld-linux-x86-64.so.2)
|         ->96.18% (72,704B) 0x2: ???
|           ->96.18% (72,704B) 0x1FFF00039A: ???
|             ->96.18% (72,704B) 0x1FFF0003A1: ???
|               ->96.18% (72,704B) 0x1FFF0003A3: ???
|                 
->00.03% (21B) in 1+ places, all below ms_print's threshold (01.00%)

--------------------------------------------------------------------------------
  n        time(i)         total(B)   useful-heap(B) extra-heap(B)    stacks(B)
--------------------------------------------------------------------------------
 57      2,464,988           82,800           81,389            51        1,360
98.30% (81,389B) (heap allocation functions) malloc/new/new[], --alloc-fns, etc.
->87.81% (72,704B) 0x4914939: ??? (in /usr/lib/x86_64-linux-gnu/libstdc++.so.6.0.30)
| ->87.81% (72,704B) 0x400647D: call_init.part.0 (dl-init.c:70)
|   ->87.81% (72,704B) 0x4006567: call_init (dl-init.c:33)
|     ->87.81% (72,704B) 0x4006567: _dl_init (dl-init.c:117)
|       ->87.81% (72,704B) 0x40202C9: ??? (in /usr/lib/x86_64-linux-gnu/ld-linux-x86-64.so.2)
|         ->87.81% (72,704B) 0x2: ???
|           ->87.81% (72,704B) 0x1FFF00039A: ???
|             ->87.81% (72,704B) 0x1FFF0003A1: ???
|               ->87.81% (72,704B) 0x1FFF0003A3: ???
|                 
->09.89% (8,192B) 0x497F023: std::basic_filebuf<char, std::char_traits<char> >::_M_allocate_internal_buffer() (in /usr/lib/x86_64-linux-gnu/libstdc++.so.6.0.30)
| ->09.89% (8,192B) 0x4983015: std::basic_filebuf<char, std::char_traits<char> >::open(char const*, std::_Ios_Openmode) (in /usr/lib/x86_64-linux-gnu/libstdc++.so.6.0.30)
|   ->09.89% (8,192B) 0x10C112: void ReadDataToFile_DEC<float>(std::__cxx11::basic_string<char, std::char_traits<char>, std::allocator<char> > const&, std::vector<float, std::allocator<float> >&) (in /home/noname/Documents/project_tiny/Sort_on_FPGA/Version1/01_slt/main)
|     ->09.89% (8,192B) 0x10A6B4: main (in /home/noname/Documents/project_tiny/Sort_on_FPGA/Version1/01_slt/main)
|       
->00.60% (493B) in 1+ places, all below ms_print's threshold (01.00%)

--------------------------------------------------------------------------------
  n        time(i)         total(B)   useful-heap(B) extra-heap(B)    stacks(B)
--------------------------------------------------------------------------------
 58      2,465,709           84,280           81,389            51        2,840
96.57% (81,389B) (heap allocation functions) malloc/new/new[], --alloc-fns, etc.
->86.26% (72,704B) 0x4914939: ??? (in /usr/lib/x86_64-linux-gnu/libstdc++.so.6.0.30)
| ->86.26% (72,704B) 0x400647D: call_init.part.0 (dl-init.c:70)
|   ->86.26% (72,704B) 0x4006567: call_init (dl-init.c:33)
|     ->86.26% (72,704B) 0x4006567: _dl_init (dl-init.c:117)
|       ->86.26% (72,704B) 0x40202C9: ??? (in /usr/lib/x86_64-linux-gnu/ld-linux-x86-64.so.2)
|         ->86.26% (72,704B) 0x2: ???
|           ->86.26% (72,704B) 0x1FFF00039A: ???
|             ->86.26% (72,704B) 0x1FFF0003A1: ???
|               ->86.26% (72,704B) 0x1FFF0003A3: ???
|                 
->09.72% (8,192B) 0x497F023: std::basic_filebuf<char, std::char_traits<char> >::_M_allocate_internal_buffer() (in /usr/lib/x86_64-linux-gnu/libstdc++.so.6.0.30)
| ->09.72% (8,192B) 0x4983015: std::basic_filebuf<char, std::char_traits<char> >::open(char const*, std::_Ios_Openmode) (in /usr/lib/x86_64-linux-gnu/libstdc++.so.6.0.30)
|   ->09.72% (8,192B) 0x10C112: void ReadDataToFile_DEC<float>(std::__cxx11::basic_string<char, std::char_traits<char>, std::allocator<char> > const&, std::vector<float, std::allocator<float> >&) (in /home/noname/Documents/project_tiny/Sort_on_FPGA/Version1/01_slt/main)
|     ->09.72% (8,192B) 0x10A6B4: main (in /home/noname/Documents/project_tiny/Sort_on_FPGA/Version1/01_slt/main)
|       
->00.58% (493B) in 1+ places, all below ms_print's threshold (01.00%)

--------------------------------------------------------------------------------
  n        time(i)         total(B)   useful-heap(B) extra-heap(B)    stacks(B)
--------------------------------------------------------------------------------
 59      2,493,076           83,208           81,478            74        1,656
 60      2,520,509           83,304           81,574            74        1,656
 61      2,547,671           83,304           81,574            74        1,656
 62      2,575,203           83,432           81,702            74        1,656
 63      2,602,472           83,288           81,702            74        1,512
 64      2,629,747           83,544           81,958            74        1,512
 65      2,656,925           83,720           81,958            74        1,688
 66      2,684,349           83,688           81,958            74        1,656
 67      2,711,720           83,688           81,958            74        1,656
 68      2,738,915           83,688           81,958            74        1,656
97.93% (81,958B) (heap allocation functions) malloc/new/new[], --alloc-fns, etc.
->86.88% (72,704B) 0x4914939: ??? (in /usr/lib/x86_64-linux-gnu/libstdc++.so.6.0.30)
| ->86.88% (72,704B) 0x400647D: call_init.part.0 (dl-init.c:70)
|   ->86.88% (72,704B) 0x4006567: call_init (dl-init.c:33)
|     ->86.88% (72,704B) 0x4006567: _dl_init (dl-init.c:117)
|       ->86.88% (72,704B) 0x40202C9: ??? (in /usr/lib/x86_64-linux-gnu/ld-linux-x86-64.so.2)
|         ->86.88% (72,704B) 0x2: ???
|           ->86.88% (72,704B) 0x1FFF00039A: ???
|             ->86.88% (72,704B) 0x1FFF0003A1: ???
|               ->86.88% (72,704B) 0x1FFF0003A3: ???
|                 
->09.79% (8,192B) 0x497F023: std::basic_filebuf<char, std::char_traits<char> >::_M_allocate_internal_buffer() (in /usr/lib/x86_64-linux-gnu/libstdc++.so.6.0.30)
| ->09.79% (8,192B) 0x4983015: std::basic_filebuf<char, std::char_traits<char> >::open(char const*, std::_Ios_Openmode) (in /usr/lib/x86_64-linux-gnu/libstdc++.so.6.0.30)
|   ->09.79% (8,192B) 0x10C112: void ReadDataToFile_DEC<float>(std::__cxx11::basic_string<char, std::char_traits<char>, std::allocator<char> > const&, std::vector<float, std::allocator<float> >&) (in /home/noname/Documents/project_tiny/Sort_on_FPGA/Version1/01_slt/main)
|     ->09.79% (8,192B) 0x10A6B4: main (in /home/noname/Documents/project_tiny/Sort_on_FPGA/Version1/01_slt/main)
|       
->01.27% (1,062B) in 4 places, all below massif's threshold (1.00%)
  
--------------------------------------------------------------------------------
  n        time(i)         total(B)   useful-heap(B) extra-heap(B)    stacks(B)
--------------------------------------------------------------------------------
 69      2,766,269           83,688           81,958            74        1,656
 70      2,793,631           75,528           74,848            40          640
 71      2,811,496           86,632           83,644            84        2,904
96.55% (83,644B) (heap allocation functions) malloc/new/new[], --alloc-fns, etc.
->83.92% (72,704B) 0x4914939: ??? (in /usr/lib/x86_64-linux-gnu/libstdc++.so.6.0.30)
| ->83.92% (72,704B) 0x400647D: call_init.part.0 (dl-init.c:70)
|   ->83.92% (72,704B) 0x4006567: call_init (dl-init.c:33)
|     ->83.92% (72,704B) 0x4006567: _dl_init (dl-init.c:117)
|       ->83.92% (72,704B) 0x40202C9: ??? (in /usr/lib/x86_64-linux-gnu/ld-linux-x86-64.so.2)
|         ->83.92% (72,704B) 0x2: ???
|           ->83.92% (72,704B) 0x1FFF00039A: ???
|             ->83.92% (72,704B) 0x1FFF0003A1: ???
|               ->83.92% (72,704B) 0x1FFF0003A3: ???
|                 
->09.46% (8,192B) 0x497F023: std::basic_filebuf<char, std::char_traits<char> >::_M_allocate_internal_buffer() (in /usr/lib/x86_64-linux-gnu/libstdc++.so.6.0.30)
| ->09.46% (8,192B) 0x4983015: std::basic_filebuf<char, std::char_traits<char> >::open(char const*, std::_Ios_Openmode) (in /usr/lib/x86_64-linux-gnu/libstdc++.so.6.0.30)
|   ->09.46% (8,192B) 0x10BB60: void WriteDataToFile_Dec<float>(std::vector<float, std::allocator<float> > const&, std::__cxx11::basic_string<char, std::char_traits<char>, std::allocator<char> > const&) (in /home/noname/Documents/project_tiny/Sort_on_FPGA/Version1/01_slt/main)
|   | ->09.46% (8,192B) 0x10A943: main (in /home/noname/Documents/project_tiny/Sort_on_FPGA/Version1/01_slt/main)
|   |   
|   ->00.00% (0B) in 1+ places, all below ms_print's threshold (01.00%)
|   
->01.99% (1,724B) in 6 places, all below massif's threshold (1.00%)
| 
->01.18% (1,024B) 0x4B34BA3: _IO_file_doallocate (filedoalloc.c:101)
  ->01.18% (1,024B) 0x4B43CDF: _IO_doallocbuf (genops.c:347)
    ->01.18% (1,024B) 0x4B42F5F: _IO_file_overflow@@GLIBC_2.2.5 (fileops.c:744)
      ->01.18% (1,024B) 0x4B416D4: _IO_new_file_xsputn (fileops.c:1243)
        ->01.18% (1,024B) 0x4B416D4: _IO_file_xsputn@@GLIBC_2.2.5 (fileops.c:1196)
          ->01.18% (1,024B) 0x4B2B14C: outstring_func (vfprintf-internal.c:239)
            ->01.18% (1,024B) 0x4B2B14C: __vfprintf_internal (vfprintf-internal.c:1263)
              ->01.18% (1,024B) 0x4BEACBA: __printf_chk (printf_chk.c:33)
                ->01.18% (1,024B) 0x10C1CE: void ReadDataToFile_DEC<float>(std::__cxx11::basic_string<char, std::char_traits<char>, std::allocator<char> > const&, std::vector<float, std::allocator<float> >&) (in /home/noname/Documents/project_tiny/Sort_on_FPGA/Version1/01_slt/main)
                  ->01.18% (1,024B) 0x10A6B4: main (in /home/noname/Documents/project_tiny/Sort_on_FPGA/Version1/01_slt/main)
                    
--------------------------------------------------------------------------------
  n        time(i)         total(B)   useful-heap(B) extra-heap(B)    stacks(B)
--------------------------------------------------------------------------------
 72      2,814,298           87,688           83,644            84        3,960
95.39% (83,644B) (heap allocation functions) malloc/new/new[], --alloc-fns, etc.
->82.91% (72,704B) 0x4914939: ??? (in /usr/lib/x86_64-linux-gnu/libstdc++.so.6.0.30)
| ->82.91% (72,704B) 0x400647D: call_init.part.0 (dl-init.c:70)
|   ->82.91% (72,704B) 0x4006567: call_init (dl-init.c:33)
|     ->82.91% (72,704B) 0x4006567: _dl_init (dl-init.c:117)
|       ->82.91% (72,704B) 0x40202C9: ??? (in /usr/lib/x86_64-linux-gnu/ld-linux-x86-64.so.2)
|         ->82.91% (72,704B) 0x2: ???
|           ->82.91% (72,704B) 0x1FFF00039A: ???
|             ->82.91% (72,704B) 0x1FFF0003A1: ???
|               ->82.91% (72,704B) 0x1FFF0003A3: ???
|                 
->09.34% (8,192B) 0x497F023: std::basic_filebuf<char, std::char_traits<char> >::_M_allocate_internal_buffer() (in /usr/lib/x86_64-linux-gnu/libstdc++.so.6.0.30)
| ->09.34% (8,192B) 0x4983015: std::basic_filebuf<char, std::char_traits<char> >::open(char const*, std::_Ios_Openmode) (in /usr/lib/x86_64-linux-gnu/libstdc++.so.6.0.30)
|   ->09.34% (8,192B) 0x10BB60: void WriteDataToFile_Dec<float>(std::vector<float, std::allocator<float> > const&, std::__cxx11::basic_string<char, std::char_traits<char>, std::allocator<char> > const&) (in /home/noname/Documents/project_tiny/Sort_on_FPGA/Version1/01_slt/main)
|   | ->09.34% (8,192B) 0x10A943: main (in /home/noname/Documents/project_tiny/Sort_on_FPGA/Version1/01_slt/main)
|   |   
|   ->00.00% (0B) in 1+ places, all below ms_print's threshold (01.00%)
|   
->01.97% (1,724B) in 6 places, all below massif's threshold (1.00%)
| 
->01.17% (1,024B) 0x4B34BA3: _IO_file_doallocate (filedoalloc.c:101)
  ->01.17% (1,024B) 0x4B43CDF: _IO_doallocbuf (genops.c:347)
    ->01.17% (1,024B) 0x4B42F5F: _IO_file_overflow@@GLIBC_2.2.5 (fileops.c:744)
      ->01.17% (1,024B) 0x4B416D4: _IO_new_file_xsputn (fileops.c:1243)
        ->01.17% (1,024B) 0x4B416D4: _IO_file_xsputn@@GLIBC_2.2.5 (fileops.c:1196)
          ->01.17% (1,024B) 0x4B2B14C: outstring_func (vfprintf-internal.c:239)
            ->01.17% (1,024B) 0x4B2B14C: __vfprintf_internal (vfprintf-internal.c:1263)
              ->01.17% (1,024B) 0x4BEACBA: __printf_chk (printf_chk.c:33)
                ->01.17% (1,024B) 0x10C1CE: void ReadDataToFile_DEC<float>(std::__cxx11::basic_string<char, std::char_traits<char>, std::allocator<char> > const&, std::vector<float, std::allocator<float> >&) (in /home/noname/Documents/project_tiny/Sort_on_FPGA/Version1/01_slt/main)
                  ->01.17% (1,024B) 0x10A6B4: main (in /home/noname/Documents/project_tiny/Sort_on_FPGA/Version1/01_slt/main)
                    
--------------------------------------------------------------------------------
  n        time(i)         total(B)   useful-heap(B) extra-heap(B)    stacks(B)
--------------------------------------------------------------------------------
 73      2,841,468           87,992           83,644            84        4,264
 74      2,868,634           84,936           83,644            84        1,208
 75      2,895,802           87,832           83,644            84        4,104
 76      2,922,966           87,992           83,644            84        4,264
 77      2,950,129           87,328           83,644            84        3,600
 78      2,977,444           87,336           83,644            84        3,608
 79      3,004,623           87,912           83,644            84        4,184
 80      3,031,951           87,384           83,644            84        3,656
 81      3,059,122           87,328           83,644            84        3,600
 82      3,086,285           87,832           83,644            84        4,104
95.23% (83,644B) (heap allocation functions) malloc/new/new[], --alloc-fns, etc.
->82.78% (72,704B) 0x4914939: ??? (in /usr/lib/x86_64-linux-gnu/libstdc++.so.6.0.30)
| ->82.78% (72,704B) 0x400647D: call_init.part.0 (dl-init.c:70)
|   ->82.78% (72,704B) 0x4006567: call_init (dl-init.c:33)
|     ->82.78% (72,704B) 0x4006567: _dl_init (dl-init.c:117)
|       ->82.78% (72,704B) 0x40202C9: ??? (in /usr/lib/x86_64-linux-gnu/ld-linux-x86-64.so.2)
|         ->82.78% (72,704B) 0x2: ???
|           ->82.78% (72,704B) 0x1FFF00039A: ???
|             ->82.78% (72,704B) 0x1FFF0003A1: ???
|               ->82.78% (72,704B) 0x1FFF0003A3: ???
|                 
->09.33% (8,192B) 0x497F023: std::basic_filebuf<char, std::char_traits<char> >::_M_allocate_internal_buffer() (in /usr/lib/x86_64-linux-gnu/libstdc++.so.6.0.30)
| ->09.33% (8,192B) 0x4983015: std::basic_filebuf<char, std::char_traits<char> >::open(char const*, std::_Ios_Openmode) (in /usr/lib/x86_64-linux-gnu/libstdc++.so.6.0.30)
|   ->09.33% (8,192B) 0x10BB60: void WriteDataToFile_Dec<float>(std::vector<float, std::allocator<float> > const&, std::__cxx11::basic_string<char, std::char_traits<char>, std::allocator<char> > const&) (in /home/noname/Documents/project_tiny/Sort_on_FPGA/Version1/01_slt/main)
|   | ->09.33% (8,192B) 0x10A943: main (in /home/noname/Documents/project_tiny/Sort_on_FPGA/Version1/01_slt/main)
|   |   
|   ->00.00% (0B) in 1+ places, all below ms_print's threshold (01.00%)
|   
->01.96% (1,724B) in 6 places, all below massif's threshold (1.00%)
| 
->01.17% (1,024B) 0x4B34BA3: _IO_file_doallocate (filedoalloc.c:101)
  ->01.17% (1,024B) 0x4B43CDF: _IO_doallocbuf (genops.c:347)
    ->01.17% (1,024B) 0x4B42F5F: _IO_file_overflow@@GLIBC_2.2.5 (fileops.c:744)
      ->01.17% (1,024B) 0x4B416D4: _IO_new_file_xsputn (fileops.c:1243)
        ->01.17% (1,024B) 0x4B416D4: _IO_file_xsputn@@GLIBC_2.2.5 (fileops.c:1196)
          ->01.17% (1,024B) 0x4B2B14C: outstring_func (vfprintf-internal.c:239)
            ->01.17% (1,024B) 0x4B2B14C: __vfprintf_internal (vfprintf-internal.c:1263)
              ->01.17% (1,024B) 0x4BEACBA: __printf_chk (printf_chk.c:33)
                ->01.17% (1,024B) 0x10C1CE: void ReadDataToFile_DEC<float>(std::__cxx11::basic_string<char, std::char_traits<char>, std::allocator<char> > const&, std::vector<float, std::allocator<float> >&) (in /home/noname/Documents/project_tiny/Sort_on_FPGA/Version1/01_slt/main)
                  ->01.17% (1,024B) 0x10A6B4: main (in /home/noname/Documents/project_tiny/Sort_on_FPGA/Version1/01_slt/main)
                    
--------------------------------------------------------------------------------
  n        time(i)         total(B)   useful-heap(B) extra-heap(B)    stacks(B)
--------------------------------------------------------------------------------
 83      3,113,463           87,912           83,644            84        4,184
 84      3,140,632           85,320           83,644            84        1,592
 85      3,167,793           87,336           83,644            84        3,608
 86      3,194,962           87,944           83,644            84        4,216
 87      3,222,342           87,384           83,644            84        3,656
 88      3,249,503           85,944           83,644            84        2,216
 89      3,276,670           87,824           83,644            84        4,096
 90      3,303,838           75,496           73,728            16        1,752
