--------------------------------------------------------------------------------
Command:            ./main 2 3
Massif arguments:   --stacks=yes --massif-out-file=./Reports/ANALYSIS_DIR/checkmemory/MergeSort_1.out
ms_print arguments: ./Reports/ANALYSIS_DIR/checkmemory/MergeSort_1.out
--------------------------------------------------------------------------------


    KB
97.26^                                              :     :          ::       
     |                                          ##:::@:::::@:::::@::::@:::::@:
     |                                          # :::@:::::@:::::@::::@:::::@:
     |                       @:@:::::@::::: :@::# :::@:::::@:::::@::::@:::::@:
     |                  @::::@:@:::::@:::::::@::# :::@:::::@:::::@::::@:::::@:
     |                  @::::@:@:::::@:::::::@::# :::@:::::@:::::@::::@:::::@:
     |                  @::::@:@:::::@:::::::@::# :::@:::::@:::::@::::@:::::@:
     |                  @::::@:@:::::@:::::::@::# :::@:::::@:::::@::::@:::::@:
     |                  @::::@:@:::::@:::::::@::# :::@:::::@:::::@::::@:::::@:
     |                  @::::@:@:::::@:::::::@::# :::@:::::@:::::@::::@:::::@:
     |                  @::::@:@:::::@:::::::@::# :::@:::::@:::::@::::@:::::@:
     |                  @::::@:@:::::@:::::::@::# :::@:::::@:::::@::::@:::::@:
     |                  @::::@:@:::::@:::::::@::# :::@:::::@:::::@::::@:::::@:
     |                  @::::@:@:::::@:::::::@::# :::@:::::@:::::@::::@:::::@:
     |                  @::::@:@:::::@:::::::@::# :::@:::::@:::::@::::@:::::@:
     |                  @::::@:@:::::@:::::::@::# :::@:::::@:::::@::::@:::::@:
     |                  @::::@:@:::::@:::::::@::# :::@:::::@:::::@::::@:::::@:
     |                  @::::@:@:::::@:::::::@::# :::@:::::@:::::@::::@:::::@:
     |                  @::::@:@:::::@:::::::@::# :::@:::::@:::::@::::@:::::@:
     |                  @::::@:@:::::@:::::::@::# :::@:::::@:::::@::::@:::::@:
   0 +----------------------------------------------------------------------->Mi
     0                                                                   8.960

Number of snapshots: 95
 Detailed snapshots: [4, 5, 13, 17, 19, 24, 26, 33, 42, 46 (peak), 52, 62, 72, 82, 92]

--------------------------------------------------------------------------------
  n        time(i)         total(B)   useful-heap(B) extra-heap(B)    stacks(B)
--------------------------------------------------------------------------------
  0              0                0                0             0            0
  1        170,403            1,864                0             0        1,864
  2        348,930            1,384                0             0        1,384
  3        479,529            1,960                0             0        1,960
  4        619,004            1,608                0             0        1,608
00.00% (0B) (heap allocation functions) malloc/new/new[], --alloc-fns, etc.

--------------------------------------------------------------------------------
  n        time(i)         total(B)   useful-heap(B) extra-heap(B)    stacks(B)
--------------------------------------------------------------------------------
  5        817,267            1,608                0             0        1,608
00.00% (0B) (heap allocation functions) malloc/new/new[], --alloc-fns, etc.

--------------------------------------------------------------------------------
  n        time(i)         total(B)   useful-heap(B) extra-heap(B)    stacks(B)
--------------------------------------------------------------------------------
  6        947,414            1,864                0             0        1,864
  7      1,035,960            1,864                0             0        1,864
  8      1,154,761            1,384                0             0        1,384
  9      1,245,560            1,448                0             0        1,448
 10      1,385,822            1,608                0             0        1,608
 11      1,571,885            1,960                0             0        1,960
 12      1,694,219            1,608                0             0        1,608
 13      1,770,840            1,608                0             0        1,608
00.00% (0B) (heap allocation functions) malloc/new/new[], --alloc-fns, etc.

--------------------------------------------------------------------------------
  n        time(i)         total(B)   useful-heap(B) extra-heap(B)    stacks(B)
--------------------------------------------------------------------------------
 14      1,907,708            1,608                0             0        1,608
 15      1,985,008            1,608                0             0        1,608
 16      2,121,860            1,864                0             0        1,864
 17      2,227,962            1,384                0             0        1,384
00.00% (0B) (heap allocation functions) malloc/new/new[], --alloc-fns, etc.

--------------------------------------------------------------------------------
  n        time(i)         total(B)   useful-heap(B) extra-heap(B)    stacks(B)
--------------------------------------------------------------------------------
 18      2,380,556           73,216           72,704             8          504
 19      2,471,079           84,408           81,389            51        2,968
96.42% (81,389B) (heap allocation functions) malloc/new/new[], --alloc-fns, etc.
->86.13% (72,704B) 0x4914939: ??? (in /usr/lib/x86_64-linux-gnu/libstdc++.so.6.0.30)
| ->86.13% (72,704B) 0x400647D: call_init.part.0 (dl-init.c:70)
|   ->86.13% (72,704B) 0x4006567: call_init (dl-init.c:33)
|     ->86.13% (72,704B) 0x4006567: _dl_init (dl-init.c:117)
|       ->86.13% (72,704B) 0x40202C9: ??? (in /usr/lib/x86_64-linux-gnu/ld-linux-x86-64.so.2)
|         ->86.13% (72,704B) 0x2: ???
|           ->86.13% (72,704B) 0x1FFF00039A: ???
|             ->86.13% (72,704B) 0x1FFF0003A1: ???
|               ->86.13% (72,704B) 0x1FFF0003A3: ???
|                 
->09.71% (8,192B) 0x497F023: std::basic_filebuf<char, std::char_traits<char> >::_M_allocate_internal_buffer() (in /usr/lib/x86_64-linux-gnu/libstdc++.so.6.0.30)
| ->09.71% (8,192B) 0x4983015: std::basic_filebuf<char, std::char_traits<char> >::open(char const*, std::_Ios_Openmode) (in /usr/lib/x86_64-linux-gnu/libstdc++.so.6.0.30)
|   ->09.71% (8,192B) 0x10C932: void ReadDataToFile_DEC<float>(std::__cxx11::basic_string<char, std::char_traits<char>, std::allocator<char> > const&, std::vector<float, std::allocator<float> >&) (in /home/noname/Documents/project_tiny/Sort_on_FPGA/Version1/01_slt/main)
|     ->09.71% (8,192B) 0x10A799: main (in /home/noname/Documents/project_tiny/Sort_on_FPGA/Version1/01_slt/main)
|       
->00.58% (493B) in 1+ places, all below ms_print's threshold (01.00%)

--------------------------------------------------------------------------------
  n        time(i)         total(B)   useful-heap(B) extra-heap(B)    stacks(B)
--------------------------------------------------------------------------------
 20      2,580,664           83,384           81,702            74        1,608
 21      2,689,436           83,792           81,958            74        1,760
 22      2,799,009           84,296           82,470            74        1,752
 23      2,963,635           84,152           82,470            74        1,608
 24      3,068,665           86,000           84,461            67        1,472
98.21% (84,461B) (heap allocation functions) malloc/new/new[], --alloc-fns, etc.
->84.54% (72,704B) 0x4914939: ??? (in /usr/lib/x86_64-linux-gnu/libstdc++.so.6.0.30)
| ->84.54% (72,704B) 0x400647D: call_init.part.0 (dl-init.c:70)
|   ->84.54% (72,704B) 0x4006567: call_init (dl-init.c:33)
|     ->84.54% (72,704B) 0x4006567: _dl_init (dl-init.c:117)
|       ->84.54% (72,704B) 0x40202C9: ??? (in /usr/lib/x86_64-linux-gnu/ld-linux-x86-64.so.2)
|         ->84.54% (72,704B) 0x2: ???
|           ->84.54% (72,704B) 0x1FFF00039A: ???
|             ->84.54% (72,704B) 0x1FFF0003A1: ???
|               ->84.54% (72,704B) 0x1FFF0003A3: ???
|                 
->09.53% (8,192B) 0x497F023: std::basic_filebuf<char, std::char_traits<char> >::_M_allocate_internal_buffer() (in /usr/lib/x86_64-linux-gnu/libstdc++.so.6.0.30)
| ->09.53% (8,192B) 0x4983015: std::basic_filebuf<char, std::char_traits<char> >::open(char const*, std::_Ios_Openmode) (in /usr/lib/x86_64-linux-gnu/libstdc++.so.6.0.30)
|   ->09.53% (8,192B) 0x10C932: void ReadDataToFile_DEC<float>(std::__cxx11::basic_string<char, std::char_traits<char>, std::allocator<char> > const&, std::vector<float, std::allocator<float> >&) (in /home/noname/Documents/project_tiny/Sort_on_FPGA/Version1/01_slt/main)
|     ->09.53% (8,192B) 0x10A799: main (in /home/noname/Documents/project_tiny/Sort_on_FPGA/Version1/01_slt/main)
|       
->03.57% (3,072B) 0x10C7D2: void std::vector<float, std::allocator<float> >::_M_realloc_insert<float const&>(__gnu_cxx::__normal_iterator<float*, std::vector<float, std::allocator<float> > >, float const&) (in /home/noname/Documents/project_tiny/Sort_on_FPGA/Version1/01_slt/main)
| ->03.57% (3,072B) 0x10CAAA: void ReadDataToFile_DEC<float>(std::__cxx11::basic_string<char, std::char_traits<char>, std::allocator<char> > const&, std::vector<float, std::allocator<float> >&) (in /home/noname/Documents/project_tiny/Sort_on_FPGA/Version1/01_slt/main)
|   ->03.57% (3,072B) 0x10A799: main (in /home/noname/Documents/project_tiny/Sort_on_FPGA/Version1/01_slt/main)
|     
->00.57% (493B) in 1+ places, all below ms_print's threshold (01.00%)

--------------------------------------------------------------------------------
  n        time(i)         total(B)   useful-heap(B) extra-heap(B)    stacks(B)
--------------------------------------------------------------------------------
 25      3,205,349           85,176           83,494            74        1,608
 26      3,341,388           85,320           83,494            74        1,752
97.86% (83,494B) (heap allocation functions) malloc/new/new[], --alloc-fns, etc.
->85.21% (72,704B) 0x4914939: ??? (in /usr/lib/x86_64-linux-gnu/libstdc++.so.6.0.30)
| ->85.21% (72,704B) 0x400647D: call_init.part.0 (dl-init.c:70)
|   ->85.21% (72,704B) 0x4006567: call_init (dl-init.c:33)
|     ->85.21% (72,704B) 0x4006567: _dl_init (dl-init.c:117)
|       ->85.21% (72,704B) 0x40202C9: ??? (in /usr/lib/x86_64-linux-gnu/ld-linux-x86-64.so.2)
|         ->85.21% (72,704B) 0x2: ???
|           ->85.21% (72,704B) 0x1FFF00039A: ???
|             ->85.21% (72,704B) 0x1FFF0003A1: ???
|               ->85.21% (72,704B) 0x1FFF0003A3: ???
|                 
->09.60% (8,192B) 0x497F023: std::basic_filebuf<char, std::char_traits<char> >::_M_allocate_internal_buffer() (in /usr/lib/x86_64-linux-gnu/libstdc++.so.6.0.30)
| ->09.60% (8,192B) 0x4983015: std::basic_filebuf<char, std::char_traits<char> >::open(char const*, std::_Ios_Openmode) (in /usr/lib/x86_64-linux-gnu/libstdc++.so.6.0.30)
|   ->09.60% (8,192B) 0x10C932: void ReadDataToFile_DEC<float>(std::__cxx11::basic_string<char, std::char_traits<char>, std::allocator<char> > const&, std::vector<float, std::allocator<float> >&) (in /home/noname/Documents/project_tiny/Sort_on_FPGA/Version1/01_slt/main)
|     ->09.60% (8,192B) 0x10A799: main (in /home/noname/Documents/project_tiny/Sort_on_FPGA/Version1/01_slt/main)
|       
->02.40% (2,048B) 0x10C7D2: void std::vector<float, std::allocator<float> >::_M_realloc_insert<float const&>(__gnu_cxx::__normal_iterator<float*, std::vector<float, std::allocator<float> > >, float const&) (in /home/noname/Documents/project_tiny/Sort_on_FPGA/Version1/01_slt/main)
| ->02.40% (2,048B) 0x10CAAA: void ReadDataToFile_DEC<float>(std::__cxx11::basic_string<char, std::char_traits<char>, std::allocator<char> > const&, std::vector<float, std::allocator<float> >&) (in /home/noname/Documents/project_tiny/Sort_on_FPGA/Version1/01_slt/main)
|   ->02.40% (2,048B) 0x10A799: main (in /home/noname/Documents/project_tiny/Sort_on_FPGA/Version1/01_slt/main)
|     
->00.64% (550B) in 1+ places, all below ms_print's threshold (01.00%)

--------------------------------------------------------------------------------
  n        time(i)         total(B)   useful-heap(B) extra-heap(B)    stacks(B)
--------------------------------------------------------------------------------
 27      3,423,761           85,176           83,494            74        1,608
 28      3,560,892           85,320           83,494            74        1,752
 29      3,703,443           87,592           85,542            74        1,976
 30      3,853,570           87,160           85,542            74        1,544
 31      3,953,661           87,392           85,542            74        1,776
 32      4,054,204           87,224           85,542            74        1,608
 33      4,154,298           87,584           85,542            74        1,968
97.67% (85,542B) (heap allocation functions) malloc/new/new[], --alloc-fns, etc.
->83.01% (72,704B) 0x4914939: ??? (in /usr/lib/x86_64-linux-gnu/libstdc++.so.6.0.30)
| ->83.01% (72,704B) 0x400647D: call_init.part.0 (dl-init.c:70)
|   ->83.01% (72,704B) 0x4006567: call_init (dl-init.c:33)
|     ->83.01% (72,704B) 0x4006567: _dl_init (dl-init.c:117)
|       ->83.01% (72,704B) 0x40202C9: ??? (in /usr/lib/x86_64-linux-gnu/ld-linux-x86-64.so.2)
|         ->83.01% (72,704B) 0x2: ???
|           ->83.01% (72,704B) 0x1FFF00039A: ???
|             ->83.01% (72,704B) 0x1FFF0003A1: ???
|               ->83.01% (72,704B) 0x1FFF0003A3: ???
|                 
->09.35% (8,192B) 0x497F023: std::basic_filebuf<char, std::char_traits<char> >::_M_allocate_internal_buffer() (in /usr/lib/x86_64-linux-gnu/libstdc++.so.6.0.30)
| ->09.35% (8,192B) 0x4983015: std::basic_filebuf<char, std::char_traits<char> >::open(char const*, std::_Ios_Openmode) (in /usr/lib/x86_64-linux-gnu/libstdc++.so.6.0.30)
|   ->09.35% (8,192B) 0x10C932: void ReadDataToFile_DEC<float>(std::__cxx11::basic_string<char, std::char_traits<char>, std::allocator<char> > const&, std::vector<float, std::allocator<float> >&) (in /home/noname/Documents/project_tiny/Sort_on_FPGA/Version1/01_slt/main)
|     ->09.35% (8,192B) 0x10A799: main (in /home/noname/Documents/project_tiny/Sort_on_FPGA/Version1/01_slt/main)
|       
->04.68% (4,096B) 0x10C7D2: void std::vector<float, std::allocator<float> >::_M_realloc_insert<float const&>(__gnu_cxx::__normal_iterator<float*, std::vector<float, std::allocator<float> > >, float const&) (in /home/noname/Documents/project_tiny/Sort_on_FPGA/Version1/01_slt/main)
| ->04.68% (4,096B) 0x10CAAA: void ReadDataToFile_DEC<float>(std::__cxx11::basic_string<char, std::char_traits<char>, std::allocator<char> > const&, std::vector<float, std::allocator<float> >&) (in /home/noname/Documents/project_tiny/Sort_on_FPGA/Version1/01_slt/main)
|   ->04.68% (4,096B) 0x10A799: main (in /home/noname/Documents/project_tiny/Sort_on_FPGA/Version1/01_slt/main)
|     
->00.63% (550B) in 1+ places, all below ms_print's threshold (01.00%)

--------------------------------------------------------------------------------
  n        time(i)         total(B)   useful-heap(B) extra-heap(B)    stacks(B)
--------------------------------------------------------------------------------
 34      4,254,427           87,160           85,542            74        1,544
 35      4,354,500           87,256           85,542            74        1,640
 36      4,504,682           87,656           85,542            74        2,040
 37      4,604,957           87,592           85,542            74        1,976
 38      4,755,360           87,592           85,542            74        1,976
 39      4,856,001           82,920           82,016            40          864
 40      4,956,223           82,920           82,016            40          864
 41      5,063,859           87,216           86,208            48          960
 42      5,163,993           87,656           86,224            96        1,336
98.37% (86,224B) (heap allocation functions) malloc/new/new[], --alloc-fns, etc.
->82.94% (72,704B) 0x4914939: ??? (in /usr/lib/x86_64-linux-gnu/libstdc++.so.6.0.30)
| ->82.94% (72,704B) 0x400647D: call_init.part.0 (dl-init.c:70)
|   ->82.94% (72,704B) 0x4006567: call_init (dl-init.c:33)
|     ->82.94% (72,704B) 0x4006567: _dl_init (dl-init.c:117)
|       ->82.94% (72,704B) 0x40202C9: ??? (in /usr/lib/x86_64-linux-gnu/ld-linux-x86-64.so.2)
|         ->82.94% (72,704B) 0x2: ???
|           ->82.94% (72,704B) 0x1FFF00039A: ???
|             ->82.94% (72,704B) 0x1FFF0003A1: ???
|               ->82.94% (72,704B) 0x1FFF0003A3: ???
|                 
->09.35% (8,192B) 0x10BCD4: std::vector<float, std::allocator<float> >::vector(std::vector<float, std::allocator<float> > const&) (in /home/noname/Documents/project_tiny/Sort_on_FPGA/Version1/01_slt/main)
| ->04.67% (4,096B) 0x10A8CD: main (in /home/noname/Documents/project_tiny/Sort_on_FPGA/Version1/01_slt/main)
| | 
| ->04.67% (4,096B) 0x10A9CC: main (in /home/noname/Documents/project_tiny/Sort_on_FPGA/Version1/01_slt/main)
|   
->04.67% (4,096B) 0x10C7D2: void std::vector<float, std::allocator<float> >::_M_realloc_insert<float const&>(__gnu_cxx::__normal_iterator<float*, std::vector<float, std::allocator<float> > >, float const&) (in /home/noname/Documents/project_tiny/Sort_on_FPGA/Version1/01_slt/main)
| ->04.67% (4,096B) 0x10CAAA: void ReadDataToFile_DEC<float>(std::__cxx11::basic_string<char, std::char_traits<char>, std::allocator<char> > const&, std::vector<float, std::allocator<float> >&) (in /home/noname/Documents/project_tiny/Sort_on_FPGA/Version1/01_slt/main)
|   ->04.67% (4,096B) 0x10A799: main (in /home/noname/Documents/project_tiny/Sort_on_FPGA/Version1/01_slt/main)
|     
->01.17% (1,024B) 0x4B34BA3: _IO_file_doallocate (filedoalloc.c:101)
| ->01.17% (1,024B) 0x4B43CDF: _IO_doallocbuf (genops.c:347)
|   ->01.17% (1,024B) 0x4B42F5F: _IO_file_overflow@@GLIBC_2.2.5 (fileops.c:744)
|     ->01.17% (1,024B) 0x4B416D4: _IO_new_file_xsputn (fileops.c:1243)
|       ->01.17% (1,024B) 0x4B416D4: _IO_file_xsputn@@GLIBC_2.2.5 (fileops.c:1196)
|         ->01.17% (1,024B) 0x4B2B14C: outstring_func (vfprintf-internal.c:239)
|           ->01.17% (1,024B) 0x4B2B14C: __vfprintf_internal (vfprintf-internal.c:1263)
|             ->01.17% (1,024B) 0x4BEACBA: __printf_chk (printf_chk.c:33)
|               ->01.17% (1,024B) 0x10C9EE: void ReadDataToFile_DEC<float>(std::__cxx11::basic_string<char, std::char_traits<char>, std::allocator<char> > const&, std::vector<float, std::allocator<float> >&) (in /home/noname/Documents/project_tiny/Sort_on_FPGA/Version1/01_slt/main)
|                 ->01.17% (1,024B) 0x10A799: main (in /home/noname/Documents/project_tiny/Sort_on_FPGA/Version1/01_slt/main)
|                   
->00.24% (208B) in 1+ places, all below ms_print's threshold (01.00%)

--------------------------------------------------------------------------------
  n        time(i)         total(B)   useful-heap(B) extra-heap(B)    stacks(B)
--------------------------------------------------------------------------------
 43      5,264,400           87,640           86,444            84        1,112
 44      5,364,915           87,552           86,276            84        1,192
 45      5,465,013           87,320           86,208            48        1,064
 46      5,595,811           99,288           95,120           112        4,056
95.80% (95,120B) (heap allocation functions) malloc/new/new[], --alloc-fns, etc.
->73.23% (72,704B) 0x4914939: ??? (in /usr/lib/x86_64-linux-gnu/libstdc++.so.6.0.30)
| ->73.23% (72,704B) 0x400647D: call_init.part.0 (dl-init.c:70)
|   ->73.23% (72,704B) 0x4006567: call_init (dl-init.c:33)
|     ->73.23% (72,704B) 0x4006567: _dl_init (dl-init.c:117)
|       ->73.23% (72,704B) 0x40202C9: ??? (in /usr/lib/x86_64-linux-gnu/ld-linux-x86-64.so.2)
|         ->73.23% (72,704B) 0x2: ???
|           ->73.23% (72,704B) 0x1FFF00039A: ???
|             ->73.23% (72,704B) 0x1FFF0003A1: ???
|               ->73.23% (72,704B) 0x1FFF0003A3: ???
|                 
->08.25% (8,192B) 0x10BCD4: std::vector<float, std::allocator<float> >::vector(std::vector<float, std::allocator<float> > const&) (in /home/noname/Documents/project_tiny/Sort_on_FPGA/Version1/01_slt/main)
| ->04.13% (4,096B) 0x10A8CD: main (in /home/noname/Documents/project_tiny/Sort_on_FPGA/Version1/01_slt/main)
| | 
| ->04.13% (4,096B) 0x10A9CC: main (in /home/noname/Documents/project_tiny/Sort_on_FPGA/Version1/01_slt/main)
|   
->08.25% (8,192B) 0x497F023: std::basic_filebuf<char, std::char_traits<char> >::_M_allocate_internal_buffer() (in /usr/lib/x86_64-linux-gnu/libstdc++.so.6.0.30)
| ->08.25% (8,192B) 0x4983015: std::basic_filebuf<char, std::char_traits<char> >::open(char const*, std::_Ios_Openmode) (in /usr/lib/x86_64-linux-gnu/libstdc++.so.6.0.30)
|   ->08.25% (8,192B) 0x10C380: void WriteDataToFile_Dec<float>(std::vector<float, std::allocator<float> > const&, std::__cxx11::basic_string<char, std::char_traits<char>, std::allocator<char> > const&) (in /home/noname/Documents/project_tiny/Sort_on_FPGA/Version1/01_slt/main)
|   | ->08.25% (8,192B) 0x10AB33: main (in /home/noname/Documents/project_tiny/Sort_on_FPGA/Version1/01_slt/main)
|   |   
|   ->00.00% (0B) in 1+ places, all below ms_print's threshold (01.00%)
|   
->04.13% (4,096B) 0x10C7D2: void std::vector<float, std::allocator<float> >::_M_realloc_insert<float const&>(__gnu_cxx::__normal_iterator<float*, std::vector<float, std::allocator<float> > >, float const&) (in /home/noname/Documents/project_tiny/Sort_on_FPGA/Version1/01_slt/main)
| ->04.13% (4,096B) 0x10CAAA: void ReadDataToFile_DEC<float>(std::__cxx11::basic_string<char, std::char_traits<char>, std::allocator<char> > const&, std::vector<float, std::allocator<float> >&) (in /home/noname/Documents/project_tiny/Sort_on_FPGA/Version1/01_slt/main)
|   ->04.13% (4,096B) 0x10A799: main (in /home/noname/Documents/project_tiny/Sort_on_FPGA/Version1/01_slt/main)
|     
->01.03% (1,024B) 0x4B34BA3: _IO_file_doallocate (filedoalloc.c:101)
| ->01.03% (1,024B) 0x4B43CDF: _IO_doallocbuf (genops.c:347)
|   ->01.03% (1,024B) 0x4B42F5F: _IO_file_overflow@@GLIBC_2.2.5 (fileops.c:744)
|     ->01.03% (1,024B) 0x4B416D4: _IO_new_file_xsputn (fileops.c:1243)
|       ->01.03% (1,024B) 0x4B416D4: _IO_file_xsputn@@GLIBC_2.2.5 (fileops.c:1196)
|         ->01.03% (1,024B) 0x4B2B14C: outstring_func (vfprintf-internal.c:239)
|           ->01.03% (1,024B) 0x4B2B14C: __vfprintf_internal (vfprintf-internal.c:1263)
|             ->01.03% (1,024B) 0x4BEACBA: __printf_chk (printf_chk.c:33)
|               ->01.03% (1,024B) 0x10C9EE: void ReadDataToFile_DEC<float>(std::__cxx11::basic_string<char, std::char_traits<char>, std::allocator<char> > const&, std::vector<float, std::allocator<float> >&) (in /home/noname/Documents/project_tiny/Sort_on_FPGA/Version1/01_slt/main)
|                 ->01.03% (1,024B) 0x10A799: main (in /home/noname/Documents/project_tiny/Sort_on_FPGA/Version1/01_slt/main)
|                   
->00.92% (912B) in 1+ places, all below ms_print's threshold (01.00%)

--------------------------------------------------------------------------------
  n        time(i)         total(B)   useful-heap(B) extra-heap(B)    stacks(B)
--------------------------------------------------------------------------------
 47      5,745,902           96,544           95,120           112        1,312
 48      5,846,006           99,512           95,120           112        4,280
 49      5,946,070           99,544           95,120           112        4,312
 50      6,022,702           97,608           95,120           112        2,376
 51      6,099,343           99,592           95,120           112        4,360
 52      6,175,976           98,936           95,120           112        3,704
96.14% (95,120B) (heap allocation functions) malloc/new/new[], --alloc-fns, etc.
->73.49% (72,704B) 0x4914939: ??? (in /usr/lib/x86_64-linux-gnu/libstdc++.so.6.0.30)
| ->73.49% (72,704B) 0x400647D: call_init.part.0 (dl-init.c:70)
|   ->73.49% (72,704B) 0x4006567: call_init (dl-init.c:33)
|     ->73.49% (72,704B) 0x4006567: _dl_init (dl-init.c:117)
|       ->73.49% (72,704B) 0x40202C9: ??? (in /usr/lib/x86_64-linux-gnu/ld-linux-x86-64.so.2)
|         ->73.49% (72,704B) 0x2: ???
|           ->73.49% (72,704B) 0x1FFF00039A: ???
|             ->73.49% (72,704B) 0x1FFF0003A1: ???
|               ->73.49% (72,704B) 0x1FFF0003A3: ???
|                 
->08.28% (8,192B) 0x10BCD4: std::vector<float, std::allocator<float> >::vector(std::vector<float, std::allocator<float> > const&) (in /home/noname/Documents/project_tiny/Sort_on_FPGA/Version1/01_slt/main)
| ->04.14% (4,096B) 0x10A8CD: main (in /home/noname/Documents/project_tiny/Sort_on_FPGA/Version1/01_slt/main)
| | 
| ->04.14% (4,096B) 0x10A9CC: main (in /home/noname/Documents/project_tiny/Sort_on_FPGA/Version1/01_slt/main)
|   
->08.28% (8,192B) 0x497F023: std::basic_filebuf<char, std::char_traits<char> >::_M_allocate_internal_buffer() (in /usr/lib/x86_64-linux-gnu/libstdc++.so.6.0.30)
| ->08.28% (8,192B) 0x4983015: std::basic_filebuf<char, std::char_traits<char> >::open(char const*, std::_Ios_Openmode) (in /usr/lib/x86_64-linux-gnu/libstdc++.so.6.0.30)
|   ->08.28% (8,192B) 0x10C380: void WriteDataToFile_Dec<float>(std::vector<float, std::allocator<float> > const&, std::__cxx11::basic_string<char, std::char_traits<char>, std::allocator<char> > const&) (in /home/noname/Documents/project_tiny/Sort_on_FPGA/Version1/01_slt/main)
|   | ->08.28% (8,192B) 0x10AB33: main (in /home/noname/Documents/project_tiny/Sort_on_FPGA/Version1/01_slt/main)
|   |   
|   ->00.00% (0B) in 1+ places, all below ms_print's threshold (01.00%)
|   
->04.14% (4,096B) 0x10C7D2: void std::vector<float, std::allocator<float> >::_M_realloc_insert<float const&>(__gnu_cxx::__normal_iterator<float*, std::vector<float, std::allocator<float> > >, float const&) (in /home/noname/Documents/project_tiny/Sort_on_FPGA/Version1/01_slt/main)
| ->04.14% (4,096B) 0x10CAAA: void ReadDataToFile_DEC<float>(std::__cxx11::basic_string<char, std::char_traits<char>, std::allocator<char> > const&, std::vector<float, std::allocator<float> >&) (in /home/noname/Documents/project_tiny/Sort_on_FPGA/Version1/01_slt/main)
|   ->04.14% (4,096B) 0x10A799: main (in /home/noname/Documents/project_tiny/Sort_on_FPGA/Version1/01_slt/main)
|     
->01.04% (1,024B) 0x4B34BA3: _IO_file_doallocate (filedoalloc.c:101)
| ->01.04% (1,024B) 0x4B43CDF: _IO_doallocbuf (genops.c:347)
|   ->01.04% (1,024B) 0x4B42F5F: _IO_file_overflow@@GLIBC_2.2.5 (fileops.c:744)
|     ->01.04% (1,024B) 0x4B416D4: _IO_new_file_xsputn (fileops.c:1243)
|       ->01.04% (1,024B) 0x4B416D4: _IO_file_xsputn@@GLIBC_2.2.5 (fileops.c:1196)
|         ->01.04% (1,024B) 0x4B2B14C: outstring_func (vfprintf-internal.c:239)
|           ->01.04% (1,024B) 0x4B2B14C: __vfprintf_internal (vfprintf-internal.c:1263)
|             ->01.04% (1,024B) 0x4BEACBA: __printf_chk (printf_chk.c:33)
|               ->01.04% (1,024B) 0x10C9EE: void ReadDataToFile_DEC<float>(std::__cxx11::basic_string<char, std::char_traits<char>, std::allocator<char> > const&, std::vector<float, std::allocator<float> >&) (in /home/noname/Documents/project_tiny/Sort_on_FPGA/Version1/01_slt/main)
|                 ->01.04% (1,024B) 0x10A799: main (in /home/noname/Documents/project_tiny/Sort_on_FPGA/Version1/01_slt/main)
|                   
->00.92% (912B) in 1+ places, all below ms_print's threshold (01.00%)

--------------------------------------------------------------------------------
  n        time(i)         total(B)   useful-heap(B) extra-heap(B)    stacks(B)
--------------------------------------------------------------------------------
 53      6,252,605           99,544           95,120           112        4,312
 54      6,329,256           99,432           95,120           112        4,200
 55      6,405,953           98,984           95,120           112        3,752
 56      6,482,587           99,432           95,120           112        4,200
 57      6,559,211           96,928           95,120           112        1,696
 58      6,635,849           99,432           95,120           112        4,200
 59      6,712,471           96,664           95,120           112        1,432
 60      6,789,121           99,592           95,120           112        4,360
 61      6,865,781           97,584           95,120           112        2,352
 62      6,942,415           99,512           95,120           112        4,280
95.59% (95,120B) (heap allocation functions) malloc/new/new[], --alloc-fns, etc.
->73.06% (72,704B) 0x4914939: ??? (in /usr/lib/x86_64-linux-gnu/libstdc++.so.6.0.30)
| ->73.06% (72,704B) 0x400647D: call_init.part.0 (dl-init.c:70)
|   ->73.06% (72,704B) 0x4006567: call_init (dl-init.c:33)
|     ->73.06% (72,704B) 0x4006567: _dl_init (dl-init.c:117)
|       ->73.06% (72,704B) 0x40202C9: ??? (in /usr/lib/x86_64-linux-gnu/ld-linux-x86-64.so.2)
|         ->73.06% (72,704B) 0x2: ???
|           ->73.06% (72,704B) 0x1FFF00039A: ???
|             ->73.06% (72,704B) 0x1FFF0003A1: ???
|               ->73.06% (72,704B) 0x1FFF0003A3: ???
|                 
->08.23% (8,192B) 0x10BCD4: std::vector<float, std::allocator<float> >::vector(std::vector<float, std::allocator<float> > const&) (in /home/noname/Documents/project_tiny/Sort_on_FPGA/Version1/01_slt/main)
| ->04.12% (4,096B) 0x10A8CD: main (in /home/noname/Documents/project_tiny/Sort_on_FPGA/Version1/01_slt/main)
| | 
| ->04.12% (4,096B) 0x10A9CC: main (in /home/noname/Documents/project_tiny/Sort_on_FPGA/Version1/01_slt/main)
|   
->08.23% (8,192B) 0x497F023: std::basic_filebuf<char, std::char_traits<char> >::_M_allocate_internal_buffer() (in /usr/lib/x86_64-linux-gnu/libstdc++.so.6.0.30)
| ->08.23% (8,192B) 0x4983015: std::basic_filebuf<char, std::char_traits<char> >::open(char const*, std::_Ios_Openmode) (in /usr/lib/x86_64-linux-gnu/libstdc++.so.6.0.30)
|   ->08.23% (8,192B) 0x10C380: void WriteDataToFile_Dec<float>(std::vector<float, std::allocator<float> > const&, std::__cxx11::basic_string<char, std::char_traits<char>, std::allocator<char> > const&) (in /home/noname/Documents/project_tiny/Sort_on_FPGA/Version1/01_slt/main)
|   | ->08.23% (8,192B) 0x10AB33: main (in /home/noname/Documents/project_tiny/Sort_on_FPGA/Version1/01_slt/main)
|   |   
|   ->00.00% (0B) in 1+ places, all below ms_print's threshold (01.00%)
|   
->04.12% (4,096B) 0x10C7D2: void std::vector<float, std::allocator<float> >::_M_realloc_insert<float const&>(__gnu_cxx::__normal_iterator<float*, std::vector<float, std::allocator<float> > >, float const&) (in /home/noname/Documents/project_tiny/Sort_on_FPGA/Version1/01_slt/main)
| ->04.12% (4,096B) 0x10CAAA: void ReadDataToFile_DEC<float>(std::__cxx11::basic_string<char, std::char_traits<char>, std::allocator<char> > const&, std::vector<float, std::allocator<float> >&) (in /home/noname/Documents/project_tiny/Sort_on_FPGA/Version1/01_slt/main)
|   ->04.12% (4,096B) 0x10A799: main (in /home/noname/Documents/project_tiny/Sort_on_FPGA/Version1/01_slt/main)
|     
->01.03% (1,024B) 0x4B34BA3: _IO_file_doallocate (filedoalloc.c:101)
| ->01.03% (1,024B) 0x4B43CDF: _IO_doallocbuf (genops.c:347)
|   ->01.03% (1,024B) 0x4B42F5F: _IO_file_overflow@@GLIBC_2.2.5 (fileops.c:744)
|     ->01.03% (1,024B) 0x4B416D4: _IO_new_file_xsputn (fileops.c:1243)
|       ->01.03% (1,024B) 0x4B416D4: _IO_file_xsputn@@GLIBC_2.2.5 (fileops.c:1196)
|         ->01.03% (1,024B) 0x4B2B14C: outstring_func (vfprintf-internal.c:239)
|           ->01.03% (1,024B) 0x4B2B14C: __vfprintf_internal (vfprintf-internal.c:1263)
|             ->01.03% (1,024B) 0x4BEACBA: __printf_chk (printf_chk.c:33)
|               ->01.03% (1,024B) 0x10C9EE: void ReadDataToFile_DEC<float>(std::__cxx11::basic_string<char, std::char_traits<char>, std::allocator<char> > const&, std::vector<float, std::allocator<float> >&) (in /home/noname/Documents/project_tiny/Sort_on_FPGA/Version1/01_slt/main)
|                 ->01.03% (1,024B) 0x10A799: main (in /home/noname/Documents/project_tiny/Sort_on_FPGA/Version1/01_slt/main)
|                   
->00.92% (912B) in 1+ places, all below ms_print's threshold (01.00%)

--------------------------------------------------------------------------------
  n        time(i)         total(B)   useful-heap(B) extra-heap(B)    stacks(B)
--------------------------------------------------------------------------------
 63      7,019,036           99,424           95,120           112        4,192
 64      7,095,663           97,144           95,120           112        1,912
 65      7,172,324           99,432           95,120           112        4,200
 66      7,248,952           96,680           95,120           112        1,448
 67      7,325,577           99,552           95,120           112        4,320
 68      7,402,199           96,904           95,120           112        1,672
 69      7,478,824           99,528           95,120           112        4,296
 70      7,555,467           98,936           95,120           112        3,704
 71      7,632,094           99,528           95,120           112        4,296
 72      7,708,798           98,936           95,120           112        3,704
96.14% (95,120B) (heap allocation functions) malloc/new/new[], --alloc-fns, etc.
->73.49% (72,704B) 0x4914939: ??? (in /usr/lib/x86_64-linux-gnu/libstdc++.so.6.0.30)
| ->73.49% (72,704B) 0x400647D: call_init.part.0 (dl-init.c:70)
|   ->73.49% (72,704B) 0x4006567: call_init (dl-init.c:33)
|     ->73.49% (72,704B) 0x4006567: _dl_init (dl-init.c:117)
|       ->73.49% (72,704B) 0x40202C9: ??? (in /usr/lib/x86_64-linux-gnu/ld-linux-x86-64.so.2)
|         ->73.49% (72,704B) 0x2: ???
|           ->73.49% (72,704B) 0x1FFF00039A: ???
|             ->73.49% (72,704B) 0x1FFF0003A1: ???
|               ->73.49% (72,704B) 0x1FFF0003A3: ???
|                 
->08.28% (8,192B) 0x10BCD4: std::vector<float, std::allocator<float> >::vector(std::vector<float, std::allocator<float> > const&) (in /home/noname/Documents/project_tiny/Sort_on_FPGA/Version1/01_slt/main)
| ->04.14% (4,096B) 0x10A8CD: main (in /home/noname/Documents/project_tiny/Sort_on_FPGA/Version1/01_slt/main)
| | 
| ->04.14% (4,096B) 0x10A9CC: main (in /home/noname/Documents/project_tiny/Sort_on_FPGA/Version1/01_slt/main)
|   
->08.28% (8,192B) 0x497F023: std::basic_filebuf<char, std::char_traits<char> >::_M_allocate_internal_buffer() (in /usr/lib/x86_64-linux-gnu/libstdc++.so.6.0.30)
| ->08.28% (8,192B) 0x4983015: std::basic_filebuf<char, std::char_traits<char> >::open(char const*, std::_Ios_Openmode) (in /usr/lib/x86_64-linux-gnu/libstdc++.so.6.0.30)
|   ->08.28% (8,192B) 0x10C380: void WriteDataToFile_Dec<float>(std::vector<float, std::allocator<float> > const&, std::__cxx11::basic_string<char, std::char_traits<char>, std::allocator<char> > const&) (in /home/noname/Documents/project_tiny/Sort_on_FPGA/Version1/01_slt/main)
|   | ->08.28% (8,192B) 0x10AB33: main (in /home/noname/Documents/project_tiny/Sort_on_FPGA/Version1/01_slt/main)
|   |   
|   ->00.00% (0B) in 1+ places, all below ms_print's threshold (01.00%)
|   
->04.14% (4,096B) 0x10C7D2: void std::vector<float, std::allocator<float> >::_M_realloc_insert<float const&>(__gnu_cxx::__normal_iterator<float*, std::vector<float, std::allocator<float> > >, float const&) (in /home/noname/Documents/project_tiny/Sort_on_FPGA/Version1/01_slt/main)
| ->04.14% (4,096B) 0x10CAAA: void ReadDataToFile_DEC<float>(std::__cxx11::basic_string<char, std::char_traits<char>, std::allocator<char> > const&, std::vector<float, std::allocator<float> >&) (in /home/noname/Documents/project_tiny/Sort_on_FPGA/Version1/01_slt/main)
|   ->04.14% (4,096B) 0x10A799: main (in /home/noname/Documents/project_tiny/Sort_on_FPGA/Version1/01_slt/main)
|     
->01.04% (1,024B) 0x4B34BA3: _IO_file_doallocate (filedoalloc.c:101)
| ->01.04% (1,024B) 0x4B43CDF: _IO_doallocbuf (genops.c:347)
|   ->01.04% (1,024B) 0x4B42F5F: _IO_file_overflow@@GLIBC_2.2.5 (fileops.c:744)
|     ->01.04% (1,024B) 0x4B416D4: _IO_new_file_xsputn (fileops.c:1243)
|       ->01.04% (1,024B) 0x4B416D4: _IO_file_xsputn@@GLIBC_2.2.5 (fileops.c:1196)
|         ->01.04% (1,024B) 0x4B2B14C: outstring_func (vfprintf-internal.c:239)
|           ->01.04% (1,024B) 0x4B2B14C: __vfprintf_internal (vfprintf-internal.c:1263)
|             ->01.04% (1,024B) 0x4BEACBA: __printf_chk (printf_chk.c:33)
|               ->01.04% (1,024B) 0x10C9EE: void ReadDataToFile_DEC<float>(std::__cxx11::basic_string<char, std::char_traits<char>, std::allocator<char> > const&, std::vector<float, std::allocator<float> >&) (in /home/noname/Documents/project_tiny/Sort_on_FPGA/Version1/01_slt/main)
|                 ->01.04% (1,024B) 0x10A799: main (in /home/noname/Documents/project_tiny/Sort_on_FPGA/Version1/01_slt/main)
|                   
->00.92% (912B) in 1+ places, all below ms_print's threshold (01.00%)

--------------------------------------------------------------------------------
  n        time(i)         total(B)   useful-heap(B) extra-heap(B)    stacks(B)
--------------------------------------------------------------------------------
 73      7,785,437           99,512           95,120           112        4,280
 74      7,862,067           98,936           95,120           112        3,704
 75      7,938,734           99,512           95,120           112        4,280
 76      8,015,359           99,424           95,120           112        4,192
 77      8,091,984           99,576           95,120           112        4,344
 78      8,168,614           96,672           95,120           112        1,440
 79      8,245,263           99,592           95,120           112        4,360
 80      8,321,898           96,640           95,120           112        1,408
 81      8,398,554           99,592           95,120           112        4,360
 82      8,475,192           98,936           95,120           112        3,704
96.14% (95,120B) (heap allocation functions) malloc/new/new[], --alloc-fns, etc.
->73.49% (72,704B) 0x4914939: ??? (in /usr/lib/x86_64-linux-gnu/libstdc++.so.6.0.30)
| ->73.49% (72,704B) 0x400647D: call_init.part.0 (dl-init.c:70)
|   ->73.49% (72,704B) 0x4006567: call_init (dl-init.c:33)
|     ->73.49% (72,704B) 0x4006567: _dl_init (dl-init.c:117)
|       ->73.49% (72,704B) 0x40202C9: ??? (in /usr/lib/x86_64-linux-gnu/ld-linux-x86-64.so.2)
|         ->73.49% (72,704B) 0x2: ???
|           ->73.49% (72,704B) 0x1FFF00039A: ???
|             ->73.49% (72,704B) 0x1FFF0003A1: ???
|               ->73.49% (72,704B) 0x1FFF0003A3: ???
|                 
->08.28% (8,192B) 0x10BCD4: std::vector<float, std::allocator<float> >::vector(std::vector<float, std::allocator<float> > const&) (in /home/noname/Documents/project_tiny/Sort_on_FPGA/Version1/01_slt/main)
| ->04.14% (4,096B) 0x10A8CD: main (in /home/noname/Documents/project_tiny/Sort_on_FPGA/Version1/01_slt/main)
| | 
| ->04.14% (4,096B) 0x10A9CC: main (in /home/noname/Documents/project_tiny/Sort_on_FPGA/Version1/01_slt/main)
|   
->08.28% (8,192B) 0x497F023: std::basic_filebuf<char, std::char_traits<char> >::_M_allocate_internal_buffer() (in /usr/lib/x86_64-linux-gnu/libstdc++.so.6.0.30)
| ->08.28% (8,192B) 0x4983015: std::basic_filebuf<char, std::char_traits<char> >::open(char const*, std::_Ios_Openmode) (in /usr/lib/x86_64-linux-gnu/libstdc++.so.6.0.30)
|   ->08.28% (8,192B) 0x10C380: void WriteDataToFile_Dec<float>(std::vector<float, std::allocator<float> > const&, std::__cxx11::basic_string<char, std::char_traits<char>, std::allocator<char> > const&) (in /home/noname/Documents/project_tiny/Sort_on_FPGA/Version1/01_slt/main)
|   | ->08.28% (8,192B) 0x10AB33: main (in /home/noname/Documents/project_tiny/Sort_on_FPGA/Version1/01_slt/main)
|   |   
|   ->00.00% (0B) in 1+ places, all below ms_print's threshold (01.00%)
|   
->04.14% (4,096B) 0x10C7D2: void std::vector<float, std::allocator<float> >::_M_realloc_insert<float const&>(__gnu_cxx::__normal_iterator<float*, std::vector<float, std::allocator<float> > >, float const&) (in /home/noname/Documents/project_tiny/Sort_on_FPGA/Version1/01_slt/main)
| ->04.14% (4,096B) 0x10CAAA: void ReadDataToFile_DEC<float>(std::__cxx11::basic_string<char, std::char_traits<char>, std::allocator<char> > const&, std::vector<float, std::allocator<float> >&) (in /home/noname/Documents/project_tiny/Sort_on_FPGA/Version1/01_slt/main)
|   ->04.14% (4,096B) 0x10A799: main (in /home/noname/Documents/project_tiny/Sort_on_FPGA/Version1/01_slt/main)
|     
->01.04% (1,024B) 0x4B34BA3: _IO_file_doallocate (filedoalloc.c:101)
| ->01.04% (1,024B) 0x4B43CDF: _IO_doallocbuf (genops.c:347)
|   ->01.04% (1,024B) 0x4B42F5F: _IO_file_overflow@@GLIBC_2.2.5 (fileops.c:744)
|     ->01.04% (1,024B) 0x4B416D4: _IO_new_file_xsputn (fileops.c:1243)
|       ->01.04% (1,024B) 0x4B416D4: _IO_file_xsputn@@GLIBC_2.2.5 (fileops.c:1196)
|         ->01.04% (1,024B) 0x4B2B14C: outstring_func (vfprintf-internal.c:239)
|           ->01.04% (1,024B) 0x4B2B14C: __vfprintf_internal (vfprintf-internal.c:1263)
|             ->01.04% (1,024B) 0x4BEACBA: __printf_chk (printf_chk.c:33)
|               ->01.04% (1,024B) 0x10C9EE: void ReadDataToFile_DEC<float>(std::__cxx11::basic_string<char, std::char_traits<char>, std::allocator<char> > const&, std::vector<float, std::allocator<float> >&) (in /home/noname/Documents/project_tiny/Sort_on_FPGA/Version1/01_slt/main)
|                 ->01.04% (1,024B) 0x10A799: main (in /home/noname/Documents/project_tiny/Sort_on_FPGA/Version1/01_slt/main)
|                   
->00.92% (912B) in 1+ places, all below ms_print's threshold (01.00%)

--------------------------------------------------------------------------------
  n        time(i)         total(B)   useful-heap(B) extra-heap(B)    stacks(B)
--------------------------------------------------------------------------------
 83      8,551,817           99,544           95,120           112        4,312
 84      8,628,449           99,328           95,120           112        4,096
 85      8,705,323           98,984           95,120           112        3,752
 86      8,781,996           99,432           95,120           112        4,200
 87      8,858,629           96,976           95,120           112        1,744
 88      8,935,263           99,544           95,120           112        4,312
 89      9,011,890           97,616           95,120           112        2,384
 90      9,088,523           99,544           95,120           112        4,312
 91      9,165,146           99,432           95,120           112        4,200
 92      9,241,768           98,984           95,120           112        3,752
96.10% (95,120B) (heap allocation functions) malloc/new/new[], --alloc-fns, etc.
->73.45% (72,704B) 0x4914939: ??? (in /usr/lib/x86_64-linux-gnu/libstdc++.so.6.0.30)
| ->73.45% (72,704B) 0x400647D: call_init.part.0 (dl-init.c:70)
|   ->73.45% (72,704B) 0x4006567: call_init (dl-init.c:33)
|     ->73.45% (72,704B) 0x4006567: _dl_init (dl-init.c:117)
|       ->73.45% (72,704B) 0x40202C9: ??? (in /usr/lib/x86_64-linux-gnu/ld-linux-x86-64.so.2)
|         ->73.45% (72,704B) 0x2: ???
|           ->73.45% (72,704B) 0x1FFF00039A: ???
|             ->73.45% (72,704B) 0x1FFF0003A1: ???
|               ->73.45% (72,704B) 0x1FFF0003A3: ???
|                 
->08.28% (8,192B) 0x10BCD4: std::vector<float, std::allocator<float> >::vector(std::vector<float, std::allocator<float> > const&) (in /home/noname/Documents/project_tiny/Sort_on_FPGA/Version1/01_slt/main)
| ->04.14% (4,096B) 0x10A8CD: main (in /home/noname/Documents/project_tiny/Sort_on_FPGA/Version1/01_slt/main)
| | 
| ->04.14% (4,096B) 0x10A9CC: main (in /home/noname/Documents/project_tiny/Sort_on_FPGA/Version1/01_slt/main)
|   
->08.28% (8,192B) 0x497F023: std::basic_filebuf<char, std::char_traits<char> >::_M_allocate_internal_buffer() (in /usr/lib/x86_64-linux-gnu/libstdc++.so.6.0.30)
| ->08.28% (8,192B) 0x4983015: std::basic_filebuf<char, std::char_traits<char> >::open(char const*, std::_Ios_Openmode) (in /usr/lib/x86_64-linux-gnu/libstdc++.so.6.0.30)
|   ->08.28% (8,192B) 0x10C380: void WriteDataToFile_Dec<float>(std::vector<float, std::allocator<float> > const&, std::__cxx11::basic_string<char, std::char_traits<char>, std::allocator<char> > const&) (in /home/noname/Documents/project_tiny/Sort_on_FPGA/Version1/01_slt/main)
|   | ->08.28% (8,192B) 0x10AB33: main (in /home/noname/Documents/project_tiny/Sort_on_FPGA/Version1/01_slt/main)
|   |   
|   ->00.00% (0B) in 1+ places, all below ms_print's threshold (01.00%)
|   
->04.14% (4,096B) 0x10C7D2: void std::vector<float, std::allocator<float> >::_M_realloc_insert<float const&>(__gnu_cxx::__normal_iterator<float*, std::vector<float, std::allocator<float> > >, float const&) (in /home/noname/Documents/project_tiny/Sort_on_FPGA/Version1/01_slt/main)
| ->04.14% (4,096B) 0x10CAAA: void ReadDataToFile_DEC<float>(std::__cxx11::basic_string<char, std::char_traits<char>, std::allocator<char> > const&, std::vector<float, std::allocator<float> >&) (in /home/noname/Documents/project_tiny/Sort_on_FPGA/Version1/01_slt/main)
|   ->04.14% (4,096B) 0x10A799: main (in /home/noname/Documents/project_tiny/Sort_on_FPGA/Version1/01_slt/main)
|     
->01.03% (1,024B) 0x4B34BA3: _IO_file_doallocate (filedoalloc.c:101)
| ->01.03% (1,024B) 0x4B43CDF: _IO_doallocbuf (genops.c:347)
|   ->01.03% (1,024B) 0x4B42F5F: _IO_file_overflow@@GLIBC_2.2.5 (fileops.c:744)
|     ->01.03% (1,024B) 0x4B416D4: _IO_new_file_xsputn (fileops.c:1243)
|       ->01.03% (1,024B) 0x4B416D4: _IO_file_xsputn@@GLIBC_2.2.5 (fileops.c:1196)
|         ->01.03% (1,024B) 0x4B2B14C: outstring_func (vfprintf-internal.c:239)
|           ->01.03% (1,024B) 0x4B2B14C: __vfprintf_internal (vfprintf-internal.c:1263)
|             ->01.03% (1,024B) 0x4BEACBA: __printf_chk (printf_chk.c:33)
|               ->01.03% (1,024B) 0x10C9EE: void ReadDataToFile_DEC<float>(std::__cxx11::basic_string<char, std::char_traits<char>, std::allocator<char> > const&, std::vector<float, std::allocator<float> >&) (in /home/noname/Documents/project_tiny/Sort_on_FPGA/Version1/01_slt/main)
|                 ->01.03% (1,024B) 0x10A799: main (in /home/noname/Documents/project_tiny/Sort_on_FPGA/Version1/01_slt/main)
|                   
->00.92% (912B) in 1+ places, all below ms_print's threshold (01.00%)

--------------------------------------------------------------------------------
  n        time(i)         total(B)   useful-heap(B) extra-heap(B)    stacks(B)
--------------------------------------------------------------------------------
 93      9,318,398           99,504           95,120           112        4,272
 94      9,395,027           96,696           95,120           112        1,464
