--------------------------------------------------------------------------------
Command:            ./main 8 3
Massif arguments:   --stacks=yes --massif-out-file=./Reports/ANALYSIS_DIR/checkmemory/QuickSort.out
ms_print arguments: ./Reports/ANALYSIS_DIR/checkmemory/QuickSort.out
--------------------------------------------------------------------------------


    KB
97.26^                                                                     :  
     |                                          #:::::::::@:::::@:::::@:::::@:
     |                                          #:::::::::@:::::@:::::@:::::@:
     |                        @:@:::::@::::: :@:#:::::::::@:::::@:::::@:::::@:
     |                   @::::@:@: :::@:::::::@:#:::::::::@:::::@:::::@:::::@:
     |                   @:: :@:@: :::@:::::::@:#:::::::::@:::::@:::::@:::::@:
     |                  :@:: :@:@: :::@:::::::@:#:::::::::@:::::@:::::@:::::@:
     |                  :@:: :@:@: :::@:::::::@:#:::::::::@:::::@:::::@:::::@:
     |                  :@:: :@:@: :::@:::::::@:#:::::::::@:::::@:::::@:::::@:
     |                  :@:: :@:@: :::@:::::::@:#:::::::::@:::::@:::::@:::::@:
     |                  :@:: :@:@: :::@:::::::@:#:::::::::@:::::@:::::@:::::@:
     |                  :@:: :@:@: :::@:::::::@:#:::::::::@:::::@:::::@:::::@:
     |                  :@:: :@:@: :::@:::::::@:#:::::::::@:::::@:::::@:::::@:
     |                  :@:: :@:@: :::@:::::::@:#:::::::::@:::::@:::::@:::::@:
     |                  :@:: :@:@: :::@:::::::@:#:::::::::@:::::@:::::@:::::@:
     |                  :@:: :@:@: :::@:::::::@:#:::::::::@:::::@:::::@:::::@:
     |                  :@:: :@:@: :::@:::::::@:#:::::::::@:::::@:::::@:::::@:
     |                  :@:: :@:@: :::@:::::::@:#:::::::::@:::::@:::::@:::::@:
     |                  :@:: :@:@: :::@:::::::@:#:::::::::@:::::@:::::@:::::@:
     |                  :@:: :@:@: :::@:::::::@:#:::::::::@:::::@:::::@:::::@:
   0 +----------------------------------------------------------------------->Mi
     0                                                                   8.755

Number of snapshots: 92
 Detailed snapshots: [4, 5, 13, 17, 19, 24, 26, 33, 42, 44 (peak), 58, 68, 78, 88]

--------------------------------------------------------------------------------
  n        time(i)         total(B)   useful-heap(B) extra-heap(B)    stacks(B)
--------------------------------------------------------------------------------
  0              0                0                0             0            0
  1        170,403            1,864                0             0        1,864
  2        348,930            1,384                0             0        1,384
  3        479,529            1,960                0             0        1,960
  4        619,004            1,608                0             0        1,608
00.00% (0B) (heap allocation functions) malloc/new/new[], --alloc-fns, etc.

--------------------------------------------------------------------------------
  n        time(i)         total(B)   useful-heap(B) extra-heap(B)    stacks(B)
--------------------------------------------------------------------------------
  5        817,267            1,608                0             0        1,608
00.00% (0B) (heap allocation functions) malloc/new/new[], --alloc-fns, etc.

--------------------------------------------------------------------------------
  n        time(i)         total(B)   useful-heap(B) extra-heap(B)    stacks(B)
--------------------------------------------------------------------------------
  6        947,414            1,864                0             0        1,864
  7      1,035,960            1,864                0             0        1,864
  8      1,154,761            1,384                0             0        1,384
  9      1,245,560            1,448                0             0        1,448
 10      1,385,822            1,608                0             0        1,608
 11      1,571,885            1,960                0             0        1,960
 12      1,694,219            1,608                0             0        1,608
 13      1,770,840            1,608                0             0        1,608
00.00% (0B) (heap allocation functions) malloc/new/new[], --alloc-fns, etc.

--------------------------------------------------------------------------------
  n        time(i)         total(B)   useful-heap(B) extra-heap(B)    stacks(B)
--------------------------------------------------------------------------------
 14      1,907,708            1,608                0             0        1,608
 15      1,985,008            1,608                0             0        1,608
 16      2,121,860            1,864                0             0        1,864
 17      2,227,962            1,384                0             0        1,384
00.00% (0B) (heap allocation functions) malloc/new/new[], --alloc-fns, etc.

--------------------------------------------------------------------------------
  n        time(i)         total(B)   useful-heap(B) extra-heap(B)    stacks(B)
--------------------------------------------------------------------------------
 18      2,380,556           73,216           72,704             8          504
 19      2,471,079           84,408           81,389            51        2,968
96.42% (81,389B) (heap allocation functions) malloc/new/new[], --alloc-fns, etc.
->86.13% (72,704B) 0x4914939: ??? (in /usr/lib/x86_64-linux-gnu/libstdc++.so.6.0.30)
| ->86.13% (72,704B) 0x400647D: call_init.part.0 (dl-init.c:70)
|   ->86.13% (72,704B) 0x4006567: call_init (dl-init.c:33)
|     ->86.13% (72,704B) 0x4006567: _dl_init (dl-init.c:117)
|       ->86.13% (72,704B) 0x40202C9: ??? (in /usr/lib/x86_64-linux-gnu/ld-linux-x86-64.so.2)
|         ->86.13% (72,704B) 0x2: ???
|           ->86.13% (72,704B) 0x1FFF00039A: ???
|             ->86.13% (72,704B) 0x1FFF0003A1: ???
|               ->86.13% (72,704B) 0x1FFF0003A3: ???
|                 
->09.71% (8,192B) 0x497F023: std::basic_filebuf<char, std::char_traits<char> >::_M_allocate_internal_buffer() (in /usr/lib/x86_64-linux-gnu/libstdc++.so.6.0.30)
| ->09.71% (8,192B) 0x4983015: std::basic_filebuf<char, std::char_traits<char> >::open(char const*, std::_Ios_Openmode) (in /usr/lib/x86_64-linux-gnu/libstdc++.so.6.0.30)
|   ->09.71% (8,192B) 0x10C912: void ReadDataToFile_DEC<float>(std::__cxx11::basic_string<char, std::char_traits<char>, std::allocator<char> > const&, std::vector<float, std::allocator<float> >&) (in /home/noname/Documents/project_tiny/Sort_on_FPGA/Version1/01_slt/main)
|     ->09.71% (8,192B) 0x10A799: main (in /home/noname/Documents/project_tiny/Sort_on_FPGA/Version1/01_slt/main)
|       
->00.58% (493B) in 1+ places, all below ms_print's threshold (01.00%)

--------------------------------------------------------------------------------
  n        time(i)         total(B)   useful-heap(B) extra-heap(B)    stacks(B)
--------------------------------------------------------------------------------
 20      2,580,664           83,384           81,702            74        1,608
 21      2,689,436           83,792           81,958            74        1,760
 22      2,799,009           84,296           82,470            74        1,752
 23      2,963,635           84,152           82,470            74        1,608
 24      3,068,665           86,000           84,461            67        1,472
98.21% (84,461B) (heap allocation functions) malloc/new/new[], --alloc-fns, etc.
->84.54% (72,704B) 0x4914939: ??? (in /usr/lib/x86_64-linux-gnu/libstdc++.so.6.0.30)
| ->84.54% (72,704B) 0x400647D: call_init.part.0 (dl-init.c:70)
|   ->84.54% (72,704B) 0x4006567: call_init (dl-init.c:33)
|     ->84.54% (72,704B) 0x4006567: _dl_init (dl-init.c:117)
|       ->84.54% (72,704B) 0x40202C9: ??? (in /usr/lib/x86_64-linux-gnu/ld-linux-x86-64.so.2)
|         ->84.54% (72,704B) 0x2: ???
|           ->84.54% (72,704B) 0x1FFF00039A: ???
|             ->84.54% (72,704B) 0x1FFF0003A1: ???
|               ->84.54% (72,704B) 0x1FFF0003A3: ???
|                 
->09.53% (8,192B) 0x497F023: std::basic_filebuf<char, std::char_traits<char> >::_M_allocate_internal_buffer() (in /usr/lib/x86_64-linux-gnu/libstdc++.so.6.0.30)
| ->09.53% (8,192B) 0x4983015: std::basic_filebuf<char, std::char_traits<char> >::open(char const*, std::_Ios_Openmode) (in /usr/lib/x86_64-linux-gnu/libstdc++.so.6.0.30)
|   ->09.53% (8,192B) 0x10C912: void ReadDataToFile_DEC<float>(std::__cxx11::basic_string<char, std::char_traits<char>, std::allocator<char> > const&, std::vector<float, std::allocator<float> >&) (in /home/noname/Documents/project_tiny/Sort_on_FPGA/Version1/01_slt/main)
|     ->09.53% (8,192B) 0x10A799: main (in /home/noname/Documents/project_tiny/Sort_on_FPGA/Version1/01_slt/main)
|       
->03.57% (3,072B) 0x10C7B2: void std::vector<float, std::allocator<float> >::_M_realloc_insert<float const&>(__gnu_cxx::__normal_iterator<float*, std::vector<float, std::allocator<float> > >, float const&) (in /home/noname/Documents/project_tiny/Sort_on_FPGA/Version1/01_slt/main)
| ->03.57% (3,072B) 0x10CA8A: void ReadDataToFile_DEC<float>(std::__cxx11::basic_string<char, std::char_traits<char>, std::allocator<char> > const&, std::vector<float, std::allocator<float> >&) (in /home/noname/Documents/project_tiny/Sort_on_FPGA/Version1/01_slt/main)
|   ->03.57% (3,072B) 0x10A799: main (in /home/noname/Documents/project_tiny/Sort_on_FPGA/Version1/01_slt/main)
|     
->00.57% (493B) in 1+ places, all below ms_print's threshold (01.00%)

--------------------------------------------------------------------------------
  n        time(i)         total(B)   useful-heap(B) extra-heap(B)    stacks(B)
--------------------------------------------------------------------------------
 25      3,205,349           85,176           83,494            74        1,608
 26      3,341,388           85,320           83,494            74        1,752
97.86% (83,494B) (heap allocation functions) malloc/new/new[], --alloc-fns, etc.
->85.21% (72,704B) 0x4914939: ??? (in /usr/lib/x86_64-linux-gnu/libstdc++.so.6.0.30)
| ->85.21% (72,704B) 0x400647D: call_init.part.0 (dl-init.c:70)
|   ->85.21% (72,704B) 0x4006567: call_init (dl-init.c:33)
|     ->85.21% (72,704B) 0x4006567: _dl_init (dl-init.c:117)
|       ->85.21% (72,704B) 0x40202C9: ??? (in /usr/lib/x86_64-linux-gnu/ld-linux-x86-64.so.2)
|         ->85.21% (72,704B) 0x2: ???
|           ->85.21% (72,704B) 0x1FFF00039A: ???
|             ->85.21% (72,704B) 0x1FFF0003A1: ???
|               ->85.21% (72,704B) 0x1FFF0003A3: ???
|                 
->09.60% (8,192B) 0x497F023: std::basic_filebuf<char, std::char_traits<char> >::_M_allocate_internal_buffer() (in /usr/lib/x86_64-linux-gnu/libstdc++.so.6.0.30)
| ->09.60% (8,192B) 0x4983015: std::basic_filebuf<char, std::char_traits<char> >::open(char const*, std::_Ios_Openmode) (in /usr/lib/x86_64-linux-gnu/libstdc++.so.6.0.30)
|   ->09.60% (8,192B) 0x10C912: void ReadDataToFile_DEC<float>(std::__cxx11::basic_string<char, std::char_traits<char>, std::allocator<char> > const&, std::vector<float, std::allocator<float> >&) (in /home/noname/Documents/project_tiny/Sort_on_FPGA/Version1/01_slt/main)
|     ->09.60% (8,192B) 0x10A799: main (in /home/noname/Documents/project_tiny/Sort_on_FPGA/Version1/01_slt/main)
|       
->02.40% (2,048B) 0x10C7B2: void std::vector<float, std::allocator<float> >::_M_realloc_insert<float const&>(__gnu_cxx::__normal_iterator<float*, std::vector<float, std::allocator<float> > >, float const&) (in /home/noname/Documents/project_tiny/Sort_on_FPGA/Version1/01_slt/main)
| ->02.40% (2,048B) 0x10CA8A: void ReadDataToFile_DEC<float>(std::__cxx11::basic_string<char, std::char_traits<char>, std::allocator<char> > const&, std::vector<float, std::allocator<float> >&) (in /home/noname/Documents/project_tiny/Sort_on_FPGA/Version1/01_slt/main)
|   ->02.40% (2,048B) 0x10A799: main (in /home/noname/Documents/project_tiny/Sort_on_FPGA/Version1/01_slt/main)
|     
->00.64% (550B) in 1+ places, all below ms_print's threshold (01.00%)

--------------------------------------------------------------------------------
  n        time(i)         total(B)   useful-heap(B) extra-heap(B)    stacks(B)
--------------------------------------------------------------------------------
 27      3,423,761           85,176           83,494            74        1,608
 28      3,560,892           85,320           83,494            74        1,752
 29      3,703,443           87,592           85,542            74        1,976
 30      3,853,570           87,160           85,542            74        1,544
 31      3,953,661           87,392           85,542            74        1,776
 32      4,054,204           87,224           85,542            74        1,608
 33      4,154,298           87,584           85,542            74        1,968
97.67% (85,542B) (heap allocation functions) malloc/new/new[], --alloc-fns, etc.
->83.01% (72,704B) 0x4914939: ??? (in /usr/lib/x86_64-linux-gnu/libstdc++.so.6.0.30)
| ->83.01% (72,704B) 0x400647D: call_init.part.0 (dl-init.c:70)
|   ->83.01% (72,704B) 0x4006567: call_init (dl-init.c:33)
|     ->83.01% (72,704B) 0x4006567: _dl_init (dl-init.c:117)
|       ->83.01% (72,704B) 0x40202C9: ??? (in /usr/lib/x86_64-linux-gnu/ld-linux-x86-64.so.2)
|         ->83.01% (72,704B) 0x2: ???
|           ->83.01% (72,704B) 0x1FFF00039A: ???
|             ->83.01% (72,704B) 0x1FFF0003A1: ???
|               ->83.01% (72,704B) 0x1FFF0003A3: ???
|                 
->09.35% (8,192B) 0x497F023: std::basic_filebuf<char, std::char_traits<char> >::_M_allocate_internal_buffer() (in /usr/lib/x86_64-linux-gnu/libstdc++.so.6.0.30)
| ->09.35% (8,192B) 0x4983015: std::basic_filebuf<char, std::char_traits<char> >::open(char const*, std::_Ios_Openmode) (in /usr/lib/x86_64-linux-gnu/libstdc++.so.6.0.30)
|   ->09.35% (8,192B) 0x10C912: void ReadDataToFile_DEC<float>(std::__cxx11::basic_string<char, std::char_traits<char>, std::allocator<char> > const&, std::vector<float, std::allocator<float> >&) (in /home/noname/Documents/project_tiny/Sort_on_FPGA/Version1/01_slt/main)
|     ->09.35% (8,192B) 0x10A799: main (in /home/noname/Documents/project_tiny/Sort_on_FPGA/Version1/01_slt/main)
|       
->04.68% (4,096B) 0x10C7B2: void std::vector<float, std::allocator<float> >::_M_realloc_insert<float const&>(__gnu_cxx::__normal_iterator<float*, std::vector<float, std::allocator<float> > >, float const&) (in /home/noname/Documents/project_tiny/Sort_on_FPGA/Version1/01_slt/main)
| ->04.68% (4,096B) 0x10CA8A: void ReadDataToFile_DEC<float>(std::__cxx11::basic_string<char, std::char_traits<char>, std::allocator<char> > const&, std::vector<float, std::allocator<float> >&) (in /home/noname/Documents/project_tiny/Sort_on_FPGA/Version1/01_slt/main)
|   ->04.68% (4,096B) 0x10A799: main (in /home/noname/Documents/project_tiny/Sort_on_FPGA/Version1/01_slt/main)
|     
->00.63% (550B) in 1+ places, all below ms_print's threshold (01.00%)

--------------------------------------------------------------------------------
  n        time(i)         total(B)   useful-heap(B) extra-heap(B)    stacks(B)
--------------------------------------------------------------------------------
 34      4,254,427           87,160           85,542            74        1,544
 35      4,354,500           87,256           85,542            74        1,640
 36      4,504,682           87,656           85,542            74        2,040
 37      4,604,957           87,592           85,542            74        1,976
 38      4,755,360           87,592           85,542            74        1,976
 39      4,856,001           82,920           82,016            40          864
 40      4,956,223           82,920           82,016            40          864
 41      5,063,860           87,216           86,208            48          960
 42      5,164,063           87,376           86,208            48        1,120
98.66% (86,208B) (heap allocation functions) malloc/new/new[], --alloc-fns, etc.
->83.21% (72,704B) 0x4914939: ??? (in /usr/lib/x86_64-linux-gnu/libstdc++.so.6.0.30)
| ->83.21% (72,704B) 0x400647D: call_init.part.0 (dl-init.c:70)
|   ->83.21% (72,704B) 0x4006567: call_init (dl-init.c:33)
|     ->83.21% (72,704B) 0x4006567: _dl_init (dl-init.c:117)
|       ->83.21% (72,704B) 0x40202C9: ??? (in /usr/lib/x86_64-linux-gnu/ld-linux-x86-64.so.2)
|         ->83.21% (72,704B) 0x2: ???
|           ->83.21% (72,704B) 0x1FFF00039A: ???
|             ->83.21% (72,704B) 0x1FFF0003A1: ???
|               ->83.21% (72,704B) 0x1FFF0003A3: ???
|                 
->09.38% (8,192B) 0x10BCB4: std::vector<float, std::allocator<float> >::vector(std::vector<float, std::allocator<float> > const&) (in /home/noname/Documents/project_tiny/Sort_on_FPGA/Version1/01_slt/main)
| ->04.69% (4,096B) 0x10A8CD: main (in /home/noname/Documents/project_tiny/Sort_on_FPGA/Version1/01_slt/main)
| | 
| ->04.69% (4,096B) 0x10A9CC: main (in /home/noname/Documents/project_tiny/Sort_on_FPGA/Version1/01_slt/main)
|   
->04.69% (4,096B) 0x10C7B2: void std::vector<float, std::allocator<float> >::_M_realloc_insert<float const&>(__gnu_cxx::__normal_iterator<float*, std::vector<float, std::allocator<float> > >, float const&) (in /home/noname/Documents/project_tiny/Sort_on_FPGA/Version1/01_slt/main)
| ->04.69% (4,096B) 0x10CA8A: void ReadDataToFile_DEC<float>(std::__cxx11::basic_string<char, std::char_traits<char>, std::allocator<char> > const&, std::vector<float, std::allocator<float> >&) (in /home/noname/Documents/project_tiny/Sort_on_FPGA/Version1/01_slt/main)
|   ->04.69% (4,096B) 0x10A799: main (in /home/noname/Documents/project_tiny/Sort_on_FPGA/Version1/01_slt/main)
|     
->01.17% (1,024B) 0x4B34BA3: _IO_file_doallocate (filedoalloc.c:101)
| ->01.17% (1,024B) 0x4B43CDF: _IO_doallocbuf (genops.c:347)
|   ->01.17% (1,024B) 0x4B42F5F: _IO_file_overflow@@GLIBC_2.2.5 (fileops.c:744)
|     ->01.17% (1,024B) 0x4B416D4: _IO_new_file_xsputn (fileops.c:1243)
|       ->01.17% (1,024B) 0x4B416D4: _IO_file_xsputn@@GLIBC_2.2.5 (fileops.c:1196)
|         ->01.17% (1,024B) 0x4B2B14C: outstring_func (vfprintf-internal.c:239)
|           ->01.17% (1,024B) 0x4B2B14C: __vfprintf_internal (vfprintf-internal.c:1263)
|             ->01.17% (1,024B) 0x4BEACBA: __printf_chk (printf_chk.c:33)
|               ->01.17% (1,024B) 0x10C9CE: void ReadDataToFile_DEC<float>(std::__cxx11::basic_string<char, std::char_traits<char>, std::allocator<char> > const&, std::vector<float, std::allocator<float> >&) (in /home/noname/Documents/project_tiny/Sort_on_FPGA/Version1/01_slt/main)
|                 ->01.17% (1,024B) 0x10A799: main (in /home/noname/Documents/project_tiny/Sort_on_FPGA/Version1/01_slt/main)
|                   
->00.22% (192B) in 1+ places, all below ms_print's threshold (01.00%)

--------------------------------------------------------------------------------
  n        time(i)         total(B)   useful-heap(B) extra-heap(B)    stacks(B)
--------------------------------------------------------------------------------
 43      5,315,388           87,376           86,208            48        1,120
 44      5,411,314           99,288           95,120           112        4,056
95.80% (95,120B) (heap allocation functions) malloc/new/new[], --alloc-fns, etc.
->73.23% (72,704B) 0x4914939: ??? (in /usr/lib/x86_64-linux-gnu/libstdc++.so.6.0.30)
| ->73.23% (72,704B) 0x400647D: call_init.part.0 (dl-init.c:70)
|   ->73.23% (72,704B) 0x4006567: call_init (dl-init.c:33)
|     ->73.23% (72,704B) 0x4006567: _dl_init (dl-init.c:117)
|       ->73.23% (72,704B) 0x40202C9: ??? (in /usr/lib/x86_64-linux-gnu/ld-linux-x86-64.so.2)
|         ->73.23% (72,704B) 0x2: ???
|           ->73.23% (72,704B) 0x1FFF00039A: ???
|             ->73.23% (72,704B) 0x1FFF0003A1: ???
|               ->73.23% (72,704B) 0x1FFF0003A3: ???
|                 
->08.25% (8,192B) 0x10BCB4: std::vector<float, std::allocator<float> >::vector(std::vector<float, std::allocator<float> > const&) (in /home/noname/Documents/project_tiny/Sort_on_FPGA/Version1/01_slt/main)
| ->04.13% (4,096B) 0x10A8CD: main (in /home/noname/Documents/project_tiny/Sort_on_FPGA/Version1/01_slt/main)
| | 
| ->04.13% (4,096B) 0x10A9CC: main (in /home/noname/Documents/project_tiny/Sort_on_FPGA/Version1/01_slt/main)
|   
->08.25% (8,192B) 0x497F023: std::basic_filebuf<char, std::char_traits<char> >::_M_allocate_internal_buffer() (in /usr/lib/x86_64-linux-gnu/libstdc++.so.6.0.30)
| ->08.25% (8,192B) 0x4983015: std::basic_filebuf<char, std::char_traits<char> >::open(char const*, std::_Ios_Openmode) (in /usr/lib/x86_64-linux-gnu/libstdc++.so.6.0.30)
|   ->08.25% (8,192B) 0x10C360: void WriteDataToFile_Dec<float>(std::vector<float, std::allocator<float> > const&, std::__cxx11::basic_string<char, std::char_traits<char>, std::allocator<char> > const&) (in /home/noname/Documents/project_tiny/Sort_on_FPGA/Version1/01_slt/main)
|   | ->08.25% (8,192B) 0x10AB33: main (in /home/noname/Documents/project_tiny/Sort_on_FPGA/Version1/01_slt/main)
|   |   
|   ->00.00% (0B) in 1+ places, all below ms_print's threshold (01.00%)
|   
->04.13% (4,096B) 0x10C7B2: void std::vector<float, std::allocator<float> >::_M_realloc_insert<float const&>(__gnu_cxx::__normal_iterator<float*, std::vector<float, std::allocator<float> > >, float const&) (in /home/noname/Documents/project_tiny/Sort_on_FPGA/Version1/01_slt/main)
| ->04.13% (4,096B) 0x10CA8A: void ReadDataToFile_DEC<float>(std::__cxx11::basic_string<char, std::char_traits<char>, std::allocator<char> > const&, std::vector<float, std::allocator<float> >&) (in /home/noname/Documents/project_tiny/Sort_on_FPGA/Version1/01_slt/main)
|   ->04.13% (4,096B) 0x10A799: main (in /home/noname/Documents/project_tiny/Sort_on_FPGA/Version1/01_slt/main)
|     
->01.03% (1,024B) 0x4B34BA3: _IO_file_doallocate (filedoalloc.c:101)
| ->01.03% (1,024B) 0x4B43CDF: _IO_doallocbuf (genops.c:347)
|   ->01.03% (1,024B) 0x4B42F5F: _IO_file_overflow@@GLIBC_2.2.5 (fileops.c:744)
|     ->01.03% (1,024B) 0x4B416D4: _IO_new_file_xsputn (fileops.c:1243)
|       ->01.03% (1,024B) 0x4B416D4: _IO_file_xsputn@@GLIBC_2.2.5 (fileops.c:1196)
|         ->01.03% (1,024B) 0x4B2B14C: outstring_func (vfprintf-internal.c:239)
|           ->01.03% (1,024B) 0x4B2B14C: __vfprintf_internal (vfprintf-internal.c:1263)
|             ->01.03% (1,024B) 0x4BEACBA: __printf_chk (printf_chk.c:33)
|               ->01.03% (1,024B) 0x10C9CE: void ReadDataToFile_DEC<float>(std::__cxx11::basic_string<char, std::char_traits<char>, std::allocator<char> > const&, std::vector<float, std::allocator<float> >&) (in /home/noname/Documents/project_tiny/Sort_on_FPGA/Version1/01_slt/main)
|                 ->01.03% (1,024B) 0x10A799: main (in /home/noname/Documents/project_tiny/Sort_on_FPGA/Version1/01_slt/main)
|                   
->00.92% (912B) in 1+ places, all below ms_print's threshold (01.00%)

--------------------------------------------------------------------------------
  n        time(i)         total(B)   useful-heap(B) extra-heap(B)    stacks(B)
--------------------------------------------------------------------------------
 45      5,561,405           96,544           95,120           112        1,312
 46      5,661,509           99,512           95,120           112        4,280
 47      5,761,573           99,544           95,120           112        4,312
 48      5,861,637           99,432           95,120           112        4,200
 49      5,961,772           98,936           95,120           112        3,704
 50      6,038,486           99,512           95,120           112        4,280
 51      6,115,112           99,480           95,120           112        4,248
 52      6,191,750           97,592           95,120           112        2,360
 53      6,268,375           99,432           95,120           112        4,200
 54      6,345,001           96,976           95,120           112        1,744
 55      6,421,641           99,544           95,120           112        4,312
 56      6,498,273           96,648           95,120           112        1,416
 57      6,574,898           99,528           95,120           112        4,296
 58      6,651,521           97,608           95,120           112        2,376
97.45% (95,120B) (heap allocation functions) malloc/new/new[], --alloc-fns, etc.
->74.49% (72,704B) 0x4914939: ??? (in /usr/lib/x86_64-linux-gnu/libstdc++.so.6.0.30)
| ->74.49% (72,704B) 0x400647D: call_init.part.0 (dl-init.c:70)
|   ->74.49% (72,704B) 0x4006567: call_init (dl-init.c:33)
|     ->74.49% (72,704B) 0x4006567: _dl_init (dl-init.c:117)
|       ->74.49% (72,704B) 0x40202C9: ??? (in /usr/lib/x86_64-linux-gnu/ld-linux-x86-64.so.2)
|         ->74.49% (72,704B) 0x2: ???
|           ->74.49% (72,704B) 0x1FFF00039A: ???
|             ->74.49% (72,704B) 0x1FFF0003A1: ???
|               ->74.49% (72,704B) 0x1FFF0003A3: ???
|                 
->08.39% (8,192B) 0x10BCB4: std::vector<float, std::allocator<float> >::vector(std::vector<float, std::allocator<float> > const&) (in /home/noname/Documents/project_tiny/Sort_on_FPGA/Version1/01_slt/main)
| ->04.20% (4,096B) 0x10A8CD: main (in /home/noname/Documents/project_tiny/Sort_on_FPGA/Version1/01_slt/main)
| | 
| ->04.20% (4,096B) 0x10A9CC: main (in /home/noname/Documents/project_tiny/Sort_on_FPGA/Version1/01_slt/main)
|   
->08.39% (8,192B) 0x497F023: std::basic_filebuf<char, std::char_traits<char> >::_M_allocate_internal_buffer() (in /usr/lib/x86_64-linux-gnu/libstdc++.so.6.0.30)
| ->08.39% (8,192B) 0x4983015: std::basic_filebuf<char, std::char_traits<char> >::open(char const*, std::_Ios_Openmode) (in /usr/lib/x86_64-linux-gnu/libstdc++.so.6.0.30)
|   ->08.39% (8,192B) 0x10C360: void WriteDataToFile_Dec<float>(std::vector<float, std::allocator<float> > const&, std::__cxx11::basic_string<char, std::char_traits<char>, std::allocator<char> > const&) (in /home/noname/Documents/project_tiny/Sort_on_FPGA/Version1/01_slt/main)
|   | ->08.39% (8,192B) 0x10AB33: main (in /home/noname/Documents/project_tiny/Sort_on_FPGA/Version1/01_slt/main)
|   |   
|   ->00.00% (0B) in 1+ places, all below ms_print's threshold (01.00%)
|   
->04.20% (4,096B) 0x10C7B2: void std::vector<float, std::allocator<float> >::_M_realloc_insert<float const&>(__gnu_cxx::__normal_iterator<float*, std::vector<float, std::allocator<float> > >, float const&) (in /home/noname/Documents/project_tiny/Sort_on_FPGA/Version1/01_slt/main)
| ->04.20% (4,096B) 0x10CA8A: void ReadDataToFile_DEC<float>(std::__cxx11::basic_string<char, std::char_traits<char>, std::allocator<char> > const&, std::vector<float, std::allocator<float> >&) (in /home/noname/Documents/project_tiny/Sort_on_FPGA/Version1/01_slt/main)
|   ->04.20% (4,096B) 0x10A799: main (in /home/noname/Documents/project_tiny/Sort_on_FPGA/Version1/01_slt/main)
|     
->01.05% (1,024B) 0x4B34BA3: _IO_file_doallocate (filedoalloc.c:101)
| ->01.05% (1,024B) 0x4B43CDF: _IO_doallocbuf (genops.c:347)
|   ->01.05% (1,024B) 0x4B42F5F: _IO_file_overflow@@GLIBC_2.2.5 (fileops.c:744)
|     ->01.05% (1,024B) 0x4B416D4: _IO_new_file_xsputn (fileops.c:1243)
|       ->01.05% (1,024B) 0x4B416D4: _IO_file_xsputn@@GLIBC_2.2.5 (fileops.c:1196)
|         ->01.05% (1,024B) 0x4B2B14C: outstring_func (vfprintf-internal.c:239)
|           ->01.05% (1,024B) 0x4B2B14C: __vfprintf_internal (vfprintf-internal.c:1263)
|             ->01.05% (1,024B) 0x4BEACBA: __printf_chk (printf_chk.c:33)
|               ->01.05% (1,024B) 0x10C9CE: void ReadDataToFile_DEC<float>(std::__cxx11::basic_string<char, std::char_traits<char>, std::allocator<char> > const&, std::vector<float, std::allocator<float> >&) (in /home/noname/Documents/project_tiny/Sort_on_FPGA/Version1/01_slt/main)
|                 ->01.05% (1,024B) 0x10A799: main (in /home/noname/Documents/project_tiny/Sort_on_FPGA/Version1/01_slt/main)
|                   
->00.93% (912B) in 1+ places, all below ms_print's threshold (01.00%)

--------------------------------------------------------------------------------
  n        time(i)         total(B)   useful-heap(B) extra-heap(B)    stacks(B)
--------------------------------------------------------------------------------
 59      6,728,147           99,544           95,120           112        4,312
 60      6,804,775           99,432           95,120           112        4,200
 61      6,881,396           96,888           95,120           112        1,656
 62      6,958,033           99,432           95,120           112        4,200
 63      7,034,667           96,696           95,120           112        1,464
 64      7,111,309           99,512           95,120           112        4,280
 65      7,187,931           97,608           95,120           112        2,376
 66      7,264,559           99,544           95,120           112        4,312
 67      7,341,288           98,936           95,120           112        3,704
 68      7,417,918           99,512           95,120           112        4,280
95.59% (95,120B) (heap allocation functions) malloc/new/new[], --alloc-fns, etc.
->73.06% (72,704B) 0x4914939: ??? (in /usr/lib/x86_64-linux-gnu/libstdc++.so.6.0.30)
| ->73.06% (72,704B) 0x400647D: call_init.part.0 (dl-init.c:70)
|   ->73.06% (72,704B) 0x4006567: call_init (dl-init.c:33)
|     ->73.06% (72,704B) 0x4006567: _dl_init (dl-init.c:117)
|       ->73.06% (72,704B) 0x40202C9: ??? (in /usr/lib/x86_64-linux-gnu/ld-linux-x86-64.so.2)
|         ->73.06% (72,704B) 0x2: ???
|           ->73.06% (72,704B) 0x1FFF00039A: ???
|             ->73.06% (72,704B) 0x1FFF0003A1: ???
|               ->73.06% (72,704B) 0x1FFF0003A3: ???
|                 
->08.23% (8,192B) 0x10BCB4: std::vector<float, std::allocator<float> >::vector(std::vector<float, std::allocator<float> > const&) (in /home/noname/Documents/project_tiny/Sort_on_FPGA/Version1/01_slt/main)
| ->04.12% (4,096B) 0x10A8CD: main (in /home/noname/Documents/project_tiny/Sort_on_FPGA/Version1/01_slt/main)
| | 
| ->04.12% (4,096B) 0x10A9CC: main (in /home/noname/Documents/project_tiny/Sort_on_FPGA/Version1/01_slt/main)
|   
->08.23% (8,192B) 0x497F023: std::basic_filebuf<char, std::char_traits<char> >::_M_allocate_internal_buffer() (in /usr/lib/x86_64-linux-gnu/libstdc++.so.6.0.30)
| ->08.23% (8,192B) 0x4983015: std::basic_filebuf<char, std::char_traits<char> >::open(char const*, std::_Ios_Openmode) (in /usr/lib/x86_64-linux-gnu/libstdc++.so.6.0.30)
|   ->08.23% (8,192B) 0x10C360: void WriteDataToFile_Dec<float>(std::vector<float, std::allocator<float> > const&, std::__cxx11::basic_string<char, std::char_traits<char>, std::allocator<char> > const&) (in /home/noname/Documents/project_tiny/Sort_on_FPGA/Version1/01_slt/main)
|   | ->08.23% (8,192B) 0x10AB33: main (in /home/noname/Documents/project_tiny/Sort_on_FPGA/Version1/01_slt/main)
|   |   
|   ->00.00% (0B) in 1+ places, all below ms_print's threshold (01.00%)
|   
->04.12% (4,096B) 0x10C7B2: void std::vector<float, std::allocator<float> >::_M_realloc_insert<float const&>(__gnu_cxx::__normal_iterator<float*, std::vector<float, std::allocator<float> > >, float const&) (in /home/noname/Documents/project_tiny/Sort_on_FPGA/Version1/01_slt/main)
| ->04.12% (4,096B) 0x10CA8A: void ReadDataToFile_DEC<float>(std::__cxx11::basic_string<char, std::char_traits<char>, std::allocator<char> > const&, std::vector<float, std::allocator<float> >&) (in /home/noname/Documents/project_tiny/Sort_on_FPGA/Version1/01_slt/main)
|   ->04.12% (4,096B) 0x10A799: main (in /home/noname/Documents/project_tiny/Sort_on_FPGA/Version1/01_slt/main)
|     
->01.03% (1,024B) 0x4B34BA3: _IO_file_doallocate (filedoalloc.c:101)
| ->01.03% (1,024B) 0x4B43CDF: _IO_doallocbuf (genops.c:347)
|   ->01.03% (1,024B) 0x4B42F5F: _IO_file_overflow@@GLIBC_2.2.5 (fileops.c:744)
|     ->01.03% (1,024B) 0x4B416D4: _IO_new_file_xsputn (fileops.c:1243)
|       ->01.03% (1,024B) 0x4B416D4: _IO_file_xsputn@@GLIBC_2.2.5 (fileops.c:1196)
|         ->01.03% (1,024B) 0x4B2B14C: outstring_func (vfprintf-internal.c:239)
|           ->01.03% (1,024B) 0x4B2B14C: __vfprintf_internal (vfprintf-internal.c:1263)
|             ->01.03% (1,024B) 0x4BEACBA: __printf_chk (printf_chk.c:33)
|               ->01.03% (1,024B) 0x10C9CE: void ReadDataToFile_DEC<float>(std::__cxx11::basic_string<char, std::char_traits<char>, std::allocator<char> > const&, std::vector<float, std::allocator<float> >&) (in /home/noname/Documents/project_tiny/Sort_on_FPGA/Version1/01_slt/main)
|                 ->01.03% (1,024B) 0x10A799: main (in /home/noname/Documents/project_tiny/Sort_on_FPGA/Version1/01_slt/main)
|                   
->00.92% (912B) in 1+ places, all below ms_print's threshold (01.00%)

--------------------------------------------------------------------------------
  n        time(i)         total(B)   useful-heap(B) extra-heap(B)    stacks(B)
--------------------------------------------------------------------------------
 69      7,494,634           99,432           95,120           112        4,200
 70      7,571,284           99,544           95,120           112        4,312
 71      7,647,906           99,328           95,120           112        4,096
 72      7,724,690           98,984           95,120           112        3,752
 73      7,801,312           99,480           95,120           112        4,248
 74      7,877,937           96,912           95,120           112        1,680
 75      7,954,559           96,640           95,120           112        1,408
 76      8,031,192           99,512           95,120           112        4,280
 77      8,107,833           97,608           95,120           112        2,376
 78      8,184,459           99,528           95,120           112        4,296
95.57% (95,120B) (heap allocation functions) malloc/new/new[], --alloc-fns, etc.
->73.05% (72,704B) 0x4914939: ??? (in /usr/lib/x86_64-linux-gnu/libstdc++.so.6.0.30)
| ->73.05% (72,704B) 0x400647D: call_init.part.0 (dl-init.c:70)
|   ->73.05% (72,704B) 0x4006567: call_init (dl-init.c:33)
|     ->73.05% (72,704B) 0x4006567: _dl_init (dl-init.c:117)
|       ->73.05% (72,704B) 0x40202C9: ??? (in /usr/lib/x86_64-linux-gnu/ld-linux-x86-64.so.2)
|         ->73.05% (72,704B) 0x2: ???
|           ->73.05% (72,704B) 0x1FFF00039A: ???
|             ->73.05% (72,704B) 0x1FFF0003A1: ???
|               ->73.05% (72,704B) 0x1FFF0003A3: ???
|                 
->08.23% (8,192B) 0x10BCB4: std::vector<float, std::allocator<float> >::vector(std::vector<float, std::allocator<float> > const&) (in /home/noname/Documents/project_tiny/Sort_on_FPGA/Version1/01_slt/main)
| ->04.12% (4,096B) 0x10A8CD: main (in /home/noname/Documents/project_tiny/Sort_on_FPGA/Version1/01_slt/main)
| | 
| ->04.12% (4,096B) 0x10A9CC: main (in /home/noname/Documents/project_tiny/Sort_on_FPGA/Version1/01_slt/main)
|   
->08.23% (8,192B) 0x497F023: std::basic_filebuf<char, std::char_traits<char> >::_M_allocate_internal_buffer() (in /usr/lib/x86_64-linux-gnu/libstdc++.so.6.0.30)
| ->08.23% (8,192B) 0x4983015: std::basic_filebuf<char, std::char_traits<char> >::open(char const*, std::_Ios_Openmode) (in /usr/lib/x86_64-linux-gnu/libstdc++.so.6.0.30)
|   ->08.23% (8,192B) 0x10C360: void WriteDataToFile_Dec<float>(std::vector<float, std::allocator<float> > const&, std::__cxx11::basic_string<char, std::char_traits<char>, std::allocator<char> > const&) (in /home/noname/Documents/project_tiny/Sort_on_FPGA/Version1/01_slt/main)
|   | ->08.23% (8,192B) 0x10AB33: main (in /home/noname/Documents/project_tiny/Sort_on_FPGA/Version1/01_slt/main)
|   |   
|   ->00.00% (0B) in 1+ places, all below ms_print's threshold (01.00%)
|   
->04.12% (4,096B) 0x10C7B2: void std::vector<float, std::allocator<float> >::_M_realloc_insert<float const&>(__gnu_cxx::__normal_iterator<float*, std::vector<float, std::allocator<float> > >, float const&) (in /home/noname/Documents/project_tiny/Sort_on_FPGA/Version1/01_slt/main)
| ->04.12% (4,096B) 0x10CA8A: void ReadDataToFile_DEC<float>(std::__cxx11::basic_string<char, std::char_traits<char>, std::allocator<char> > const&, std::vector<float, std::allocator<float> >&) (in /home/noname/Documents/project_tiny/Sort_on_FPGA/Version1/01_slt/main)
|   ->04.12% (4,096B) 0x10A799: main (in /home/noname/Documents/project_tiny/Sort_on_FPGA/Version1/01_slt/main)
|     
->01.03% (1,024B) 0x4B34BA3: _IO_file_doallocate (filedoalloc.c:101)
| ->01.03% (1,024B) 0x4B43CDF: _IO_doallocbuf (genops.c:347)
|   ->01.03% (1,024B) 0x4B42F5F: _IO_file_overflow@@GLIBC_2.2.5 (fileops.c:744)
|     ->01.03% (1,024B) 0x4B416D4: _IO_new_file_xsputn (fileops.c:1243)
|       ->01.03% (1,024B) 0x4B416D4: _IO_file_xsputn@@GLIBC_2.2.5 (fileops.c:1196)
|         ->01.03% (1,024B) 0x4B2B14C: outstring_func (vfprintf-internal.c:239)
|           ->01.03% (1,024B) 0x4B2B14C: __vfprintf_internal (vfprintf-internal.c:1263)
|             ->01.03% (1,024B) 0x4BEACBA: __printf_chk (printf_chk.c:33)
|               ->01.03% (1,024B) 0x10C9CE: void ReadDataToFile_DEC<float>(std::__cxx11::basic_string<char, std::char_traits<char>, std::allocator<char> > const&, std::vector<float, std::allocator<float> >&) (in /home/noname/Documents/project_tiny/Sort_on_FPGA/Version1/01_slt/main)
|                 ->01.03% (1,024B) 0x10A799: main (in /home/noname/Documents/project_tiny/Sort_on_FPGA/Version1/01_slt/main)
|                   
->00.92% (912B) in 1+ places, all below ms_print's threshold (01.00%)

--------------------------------------------------------------------------------
  n        time(i)         total(B)   useful-heap(B) extra-heap(B)    stacks(B)
--------------------------------------------------------------------------------
 79      8,261,119           98,936           95,120           112        3,704
 80      8,337,752           99,544           95,120           112        4,312
 81      8,414,376           99,432           95,120           112        4,200
 82      8,491,013           98,936           95,120           112        3,704
 83      8,567,642           99,432           95,120           112        4,200
 84      8,644,264           96,968           95,120           112        1,736
 85      8,720,918           99,512           95,120           112        4,280
 86      8,797,541           97,144           95,120           112        1,912
 87      8,874,182           99,592           95,120           112        4,360
 88      8,950,920           99,432           95,120           112        4,200
95.66% (95,120B) (heap allocation functions) malloc/new/new[], --alloc-fns, etc.
->73.12% (72,704B) 0x4914939: ??? (in /usr/lib/x86_64-linux-gnu/libstdc++.so.6.0.30)
| ->73.12% (72,704B) 0x400647D: call_init.part.0 (dl-init.c:70)
|   ->73.12% (72,704B) 0x4006567: call_init (dl-init.c:33)
|     ->73.12% (72,704B) 0x4006567: _dl_init (dl-init.c:117)
|       ->73.12% (72,704B) 0x40202C9: ??? (in /usr/lib/x86_64-linux-gnu/ld-linux-x86-64.so.2)
|         ->73.12% (72,704B) 0x2: ???
|           ->73.12% (72,704B) 0x1FFF00039A: ???
|             ->73.12% (72,704B) 0x1FFF0003A1: ???
|               ->73.12% (72,704B) 0x1FFF0003A3: ???
|                 
->08.24% (8,192B) 0x10BCB4: std::vector<float, std::allocator<float> >::vector(std::vector<float, std::allocator<float> > const&) (in /home/noname/Documents/project_tiny/Sort_on_FPGA/Version1/01_slt/main)
| ->04.12% (4,096B) 0x10A8CD: main (in /home/noname/Documents/project_tiny/Sort_on_FPGA/Version1/01_slt/main)
| | 
| ->04.12% (4,096B) 0x10A9CC: main (in /home/noname/Documents/project_tiny/Sort_on_FPGA/Version1/01_slt/main)
|   
->08.24% (8,192B) 0x497F023: std::basic_filebuf<char, std::char_traits<char> >::_M_allocate_internal_buffer() (in /usr/lib/x86_64-linux-gnu/libstdc++.so.6.0.30)
| ->08.24% (8,192B) 0x4983015: std::basic_filebuf<char, std::char_traits<char> >::open(char const*, std::_Ios_Openmode) (in /usr/lib/x86_64-linux-gnu/libstdc++.so.6.0.30)
|   ->08.24% (8,192B) 0x10C360: void WriteDataToFile_Dec<float>(std::vector<float, std::allocator<float> > const&, std::__cxx11::basic_string<char, std::char_traits<char>, std::allocator<char> > const&) (in /home/noname/Documents/project_tiny/Sort_on_FPGA/Version1/01_slt/main)
|   | ->08.24% (8,192B) 0x10AB33: main (in /home/noname/Documents/project_tiny/Sort_on_FPGA/Version1/01_slt/main)
|   |   
|   ->00.00% (0B) in 1+ places, all below ms_print's threshold (01.00%)
|   
->04.12% (4,096B) 0x10C7B2: void std::vector<float, std::allocator<float> >::_M_realloc_insert<float const&>(__gnu_cxx::__normal_iterator<float*, std::vector<float, std::allocator<float> > >, float const&) (in /home/noname/Documents/project_tiny/Sort_on_FPGA/Version1/01_slt/main)
| ->04.12% (4,096B) 0x10CA8A: void ReadDataToFile_DEC<float>(std::__cxx11::basic_string<char, std::char_traits<char>, std::allocator<char> > const&, std::vector<float, std::allocator<float> >&) (in /home/noname/Documents/project_tiny/Sort_on_FPGA/Version1/01_slt/main)
|   ->04.12% (4,096B) 0x10A799: main (in /home/noname/Documents/project_tiny/Sort_on_FPGA/Version1/01_slt/main)
|     
->01.03% (1,024B) 0x4B34BA3: _IO_file_doallocate (filedoalloc.c:101)
| ->01.03% (1,024B) 0x4B43CDF: _IO_doallocbuf (genops.c:347)
|   ->01.03% (1,024B) 0x4B42F5F: _IO_file_overflow@@GLIBC_2.2.5 (fileops.c:744)
|     ->01.03% (1,024B) 0x4B416D4: _IO_new_file_xsputn (fileops.c:1243)
|       ->01.03% (1,024B) 0x4B416D4: _IO_file_xsputn@@GLIBC_2.2.5 (fileops.c:1196)
|         ->01.03% (1,024B) 0x4B2B14C: outstring_func (vfprintf-internal.c:239)
|           ->01.03% (1,024B) 0x4B2B14C: __vfprintf_internal (vfprintf-internal.c:1263)
|             ->01.03% (1,024B) 0x4BEACBA: __printf_chk (printf_chk.c:33)
|               ->01.03% (1,024B) 0x10C9CE: void ReadDataToFile_DEC<float>(std::__cxx11::basic_string<char, std::char_traits<char>, std::allocator<char> > const&, std::vector<float, std::allocator<float> >&) (in /home/noname/Documents/project_tiny/Sort_on_FPGA/Version1/01_slt/main)
|                 ->01.03% (1,024B) 0x10A799: main (in /home/noname/Documents/project_tiny/Sort_on_FPGA/Version1/01_slt/main)
|                   
->00.92% (912B) in 1+ places, all below ms_print's threshold (01.00%)

--------------------------------------------------------------------------------
  n        time(i)         total(B)   useful-heap(B) extra-heap(B)    stacks(B)
--------------------------------------------------------------------------------
 89      9,027,551           98,936           95,120           112        3,704
 90      9,104,178           99,432           95,120           112        4,200
 91      9,180,801           96,648           95,120           112        1,416
