desc: --stacks=yes --massif-out-file=./Reports/ANALYSIS_DIR/checkmemory/Quicksort.out
cmd: ./main 2 3
time_unit: i
#-----------
snapshot=0
#-----------
time=0
mem_heap_B=0
mem_heap_extra_B=0
mem_stacks_B=0
heap_tree=empty
#-----------
snapshot=1
#-----------
time=47414
mem_heap_B=0
mem_heap_extra_B=0
mem_stacks_B=448
heap_tree=detailed
n0: 0 (heap allocation functions) malloc/new/new[], --alloc-fns, etc.
#-----------
snapshot=2
#-----------
time=108521
mem_heap_B=0
mem_heap_extra_B=0
mem_stacks_B=1408
heap_tree=empty
#-----------
snapshot=3
#-----------
time=170062
mem_heap_B=0
mem_heap_extra_B=0
mem_stacks_B=1864
heap_tree=empty
#-----------
snapshot=4
#-----------
time=212152
mem_heap_B=0
mem_heap_extra_B=0
mem_stacks_B=1384
heap_tree=empty
#-----------
snapshot=5
#-----------
time=263731
mem_heap_B=0
mem_heap_extra_B=0
mem_stacks_B=1952
heap_tree=empty
#-----------
snapshot=6
#-----------
time=303593
mem_heap_B=0
mem_heap_extra_B=0
mem_stacks_B=1384
heap_tree=empty
#-----------
snapshot=7
#-----------
time=353838
mem_heap_B=0
mem_heap_extra_B=0
mem_stacks_B=1864
heap_tree=empty
#-----------
snapshot=8
#-----------
time=403416
mem_heap_B=0
mem_heap_extra_B=0
mem_stacks_B=1864
heap_tree=empty
#-----------
snapshot=9
#-----------
time=440193
mem_heap_B=0
mem_heap_extra_B=0
mem_stacks_B=1952
heap_tree=empty
#-----------
snapshot=10
#-----------
time=479188
mem_heap_B=0
mem_heap_extra_B=0
mem_stacks_B=1960
heap_tree=empty
#-----------
snapshot=11
#-----------
time=528246
mem_heap_B=0
mem_heap_extra_B=0
mem_stacks_B=1864
heap_tree=empty
#-----------
snapshot=12
#-----------
time=561134
mem_heap_B=0
mem_heap_extra_B=0
mem_stacks_B=1864
heap_tree=empty
#-----------
snapshot=13
#-----------
time=618663
mem_heap_B=0
mem_heap_extra_B=0
mem_stacks_B=1608
heap_tree=detailed
n0: 0 (heap allocation functions) malloc/new/new[], --alloc-fns, etc.
#-----------
snapshot=14
#-----------
time=685589
mem_heap_B=0
mem_heap_extra_B=0
mem_stacks_B=1608
heap_tree=empty
#-----------
snapshot=15
#-----------
time=739143
mem_heap_B=0
mem_heap_extra_B=0
mem_stacks_B=1608
heap_tree=empty
#-----------
snapshot=16
#-----------
time=772612
mem_heap_B=0
mem_heap_extra_B=0
mem_stacks_B=1864
heap_tree=empty
#-----------
snapshot=17
#-----------
time=816926
mem_heap_B=0
mem_heap_extra_B=0
mem_stacks_B=1608
heap_tree=detailed
n0: 0 (heap allocation functions) malloc/new/new[], --alloc-fns, etc.
#-----------
snapshot=18
#-----------
time=889503
mem_heap_B=0
mem_heap_extra_B=0
mem_stacks_B=1960
heap_tree=empty
#-----------
snapshot=19
#-----------
time=947073
mem_heap_B=0
mem_heap_extra_B=0
mem_stacks_B=1864
heap_tree=empty
#-----------
snapshot=20
#-----------
time=991642
mem_heap_B=0
mem_heap_extra_B=0
mem_stacks_B=1864
heap_tree=empty
#-----------
snapshot=21
#-----------
time=1035619
mem_heap_B=0
mem_heap_extra_B=0
mem_stacks_B=1864
heap_tree=empty
#-----------
snapshot=22
#-----------
time=1104395
mem_heap_B=0
mem_heap_extra_B=0
mem_stacks_B=1864
heap_tree=empty
#-----------
snapshot=23
#-----------
time=1154420
mem_heap_B=0
mem_heap_extra_B=0
mem_stacks_B=1384
heap_tree=empty
#-----------
snapshot=24
#-----------
time=1196538
mem_heap_B=0
mem_heap_extra_B=0
mem_stacks_B=1608
heap_tree=empty
#-----------
snapshot=25
#-----------
time=1245219
mem_heap_B=0
mem_heap_extra_B=0
mem_stacks_B=1448
heap_tree=empty
#-----------
snapshot=26
#-----------
time=1298511
mem_heap_B=0
mem_heap_extra_B=0
mem_stacks_B=1384
heap_tree=empty
#-----------
snapshot=27
#-----------
time=1334034
mem_heap_B=0
mem_heap_extra_B=0
mem_stacks_B=1960
heap_tree=empty
#-----------
snapshot=28
#-----------
time=1385481
mem_heap_B=0
mem_heap_extra_B=0
mem_stacks_B=1608
heap_tree=empty
#-----------
snapshot=29
#-----------
time=1426809
mem_heap_B=0
mem_heap_extra_B=0
mem_stacks_B=1864
heap_tree=empty
#-----------
snapshot=30
#-----------
time=1469857
mem_heap_B=0
mem_heap_extra_B=0
mem_stacks_B=1608
heap_tree=empty
#-----------
snapshot=31
#-----------
time=1526308
mem_heap_B=0
mem_heap_extra_B=0
mem_stacks_B=1864
heap_tree=empty
#-----------
snapshot=32
#-----------
time=1563135
mem_heap_B=0
mem_heap_extra_B=0
mem_stacks_B=1608
heap_tree=empty
#-----------
snapshot=33
#-----------
time=1625022
mem_heap_B=0
mem_heap_extra_B=0
mem_stacks_B=1704
heap_tree=empty
#-----------
snapshot=34
#-----------
time=1698199
mem_heap_B=0
mem_heap_extra_B=0
mem_stacks_B=1608
heap_tree=empty
#-----------
snapshot=35
#-----------
time=1760060
mem_heap_B=0
mem_heap_extra_B=0
mem_stacks_B=1608
heap_tree=detailed
n0: 0 (heap allocation functions) malloc/new/new[], --alloc-fns, etc.
#-----------
snapshot=36
#-----------
time=1805835
mem_heap_B=0
mem_heap_extra_B=0
mem_stacks_B=1608
heap_tree=empty
#-----------
snapshot=37
#-----------
time=1836563
mem_heap_B=0
mem_heap_extra_B=0
mem_stacks_B=1864
heap_tree=empty
#-----------
snapshot=38
#-----------
time=1897515
mem_heap_B=0
mem_heap_extra_B=0
mem_stacks_B=1704
heap_tree=empty
#-----------
snapshot=39
#-----------
time=1928998
mem_heap_B=0
mem_heap_extra_B=0
mem_stacks_B=1608
heap_tree=empty
#-----------
snapshot=40
#-----------
time=1989944
mem_heap_B=0
mem_heap_extra_B=0
mem_stacks_B=1384
heap_tree=empty
#-----------
snapshot=41
#-----------
time=2035739
mem_heap_B=0
mem_heap_extra_B=0
mem_stacks_B=1608
heap_tree=empty
#-----------
snapshot=42
#-----------
time=2096495
mem_heap_B=0
mem_heap_extra_B=0
mem_stacks_B=1864
heap_tree=empty
#-----------
snapshot=43
#-----------
time=2127253
mem_heap_B=0
mem_heap_extra_B=0
mem_stacks_B=1608
heap_tree=empty
#-----------
snapshot=44
#-----------
time=2172834
mem_heap_B=0
mem_heap_extra_B=0
mem_stacks_B=1608
heap_tree=empty
#-----------
snapshot=45
#-----------
time=2233628
mem_heap_B=0
mem_heap_extra_B=0
mem_stacks_B=1864
heap_tree=empty
#-----------
snapshot=46
#-----------
time=2294692
mem_heap_B=0
mem_heap_extra_B=0
mem_stacks_B=1608
heap_tree=empty
#-----------
snapshot=47
#-----------
time=2344991
mem_heap_B=72704
mem_heap_extra_B=8
mem_stacks_B=1816
heap_tree=detailed
n1: 72704 (heap allocation functions) malloc/new/new[], --alloc-fns, etc.
 n1: 72704 0x4914939: ??? (in /usr/lib/x86_64-linux-gnu/libstdc++.so.6.0.30)
  n1: 72704 0x400647D: call_init.part.0 (dl-init.c:70)
   n1: 72704 0x4006567: call_init (dl-init.c:33)
    n1: 72704 0x4006567: _dl_init (dl-init.c:117)
     n1: 72704 0x40202C9: ??? (in /usr/lib/x86_64-linux-gnu/ld-linux-x86-64.so.2)
      n1: 72704 0x2: ???
       n1: 72704 0x1FFF00039A: ???
        n1: 72704 0x1FFF0003A1: ???
         n0: 72704 0x1FFF0003A3: ???
#-----------
snapshot=48
#-----------
time=2375115
mem_heap_B=72704
mem_heap_extra_B=8
mem_stacks_B=504
heap_tree=empty
#-----------
snapshot=49
#-----------
time=2421115
mem_heap_B=72704
mem_heap_extra_B=8
mem_stacks_B=1784
heap_tree=empty
#-----------
snapshot=50
#-----------
time=2451262
mem_heap_B=72704
mem_heap_extra_B=8
mem_stacks_B=1592
heap_tree=empty
#-----------
snapshot=51
#-----------
time=2453756
mem_heap_B=72725
mem_heap_extra_B=27
mem_stacks_B=2648
heap_tree=detailed
n2: 72725 (heap allocation functions) malloc/new/new[], --alloc-fns, etc.
 n1: 72704 0x4914939: ??? (in /usr/lib/x86_64-linux-gnu/libstdc++.so.6.0.30)
  n1: 72704 0x400647D: call_init.part.0 (dl-init.c:70)
   n1: 72704 0x4006567: call_init (dl-init.c:33)
    n1: 72704 0x4006567: _dl_init (dl-init.c:117)
     n1: 72704 0x40202C9: ??? (in /usr/lib/x86_64-linux-gnu/ld-linux-x86-64.so.2)
      n1: 72704 0x2: ???
       n1: 72704 0x1FFF00039A: ???
        n1: 72704 0x1FFF0003A1: ???
         n0: 72704 0x1FFF0003A3: ???
 n0: 21 in 1 place, below massif's threshold (1.00%)
#-----------
snapshot=52
#-----------
time=2461954
mem_heap_B=81389
mem_heap_extra_B=51
mem_stacks_B=1168
heap_tree=detailed
n3: 81389 (heap allocation functions) malloc/new/new[], --alloc-fns, etc.
 n1: 72704 0x4914939: ??? (in /usr/lib/x86_64-linux-gnu/libstdc++.so.6.0.30)
  n1: 72704 0x400647D: call_init.part.0 (dl-init.c:70)
   n1: 72704 0x4006567: call_init (dl-init.c:33)
    n1: 72704 0x4006567: _dl_init (dl-init.c:117)
     n1: 72704 0x40202C9: ??? (in /usr/lib/x86_64-linux-gnu/ld-linux-x86-64.so.2)
      n1: 72704 0x2: ???
       n1: 72704 0x1FFF00039A: ???
        n1: 72704 0x1FFF0003A1: ???
         n0: 72704 0x1FFF0003A3: ???
 n1: 8192 0x497F023: std::basic_filebuf<char, std::char_traits<char> >::_M_allocate_internal_buffer() (in /usr/lib/x86_64-linux-gnu/libstdc++.so.6.0.30)
  n1: 8192 0x4983015: std::basic_filebuf<char, std::char_traits<char> >::open(char const*, std::_Ios_Openmode) (in /usr/lib/x86_64-linux-gnu/libstdc++.so.6.0.30)
   n1: 8192 0x10BD02: void ReadDataToFile_DEC<float>(std::__cxx11::basic_string<char, std::char_traits<char>, std::allocator<char> > const&, std::vector<float, std::allocator<float> >&) (in /home/noname/Documents/project_tiny/Sort_on_FPGA/Version1/01_slt/main)
    n0: 8192 0x10A605: main (in /home/noname/Documents/project_tiny/Sort_on_FPGA/Version1/01_slt/main)
 n0: 493 in 2 places, all below massif's threshold (1.00%)
#-----------
snapshot=53
#-----------
time=2462675
mem_heap_B=81389
mem_heap_extra_B=51
mem_stacks_B=2648
heap_tree=detailed
n3: 81389 (heap allocation functions) malloc/new/new[], --alloc-fns, etc.
 n1: 72704 0x4914939: ??? (in /usr/lib/x86_64-linux-gnu/libstdc++.so.6.0.30)
  n1: 72704 0x400647D: call_init.part.0 (dl-init.c:70)
   n1: 72704 0x4006567: call_init (dl-init.c:33)
    n1: 72704 0x4006567: _dl_init (dl-init.c:117)
     n1: 72704 0x40202C9: ??? (in /usr/lib/x86_64-linux-gnu/ld-linux-x86-64.so.2)
      n1: 72704 0x2: ???
       n1: 72704 0x1FFF00039A: ???
        n1: 72704 0x1FFF0003A1: ???
         n0: 72704 0x1FFF0003A3: ???
 n1: 8192 0x497F023: std::basic_filebuf<char, std::char_traits<char> >::_M_allocate_internal_buffer() (in /usr/lib/x86_64-linux-gnu/libstdc++.so.6.0.30)
  n1: 8192 0x4983015: std::basic_filebuf<char, std::char_traits<char> >::open(char const*, std::_Ios_Openmode) (in /usr/lib/x86_64-linux-gnu/libstdc++.so.6.0.30)
   n1: 8192 0x10BD02: void ReadDataToFile_DEC<float>(std::__cxx11::basic_string<char, std::char_traits<char>, std::allocator<char> > const&, std::vector<float, std::allocator<float> >&) (in /home/noname/Documents/project_tiny/Sort_on_FPGA/Version1/01_slt/main)
    n0: 8192 0x10A605: main (in /home/noname/Documents/project_tiny/Sort_on_FPGA/Version1/01_slt/main)
 n0: 493 in 2 places, all below massif's threshold (1.00%)
#-----------
snapshot=54
#-----------
time=2492834
mem_heap_B=81478
mem_heap_extra_B=74
mem_stacks_B=1320
heap_tree=empty
#-----------
snapshot=55
#-----------
time=2523068
mem_heap_B=81574
mem_heap_extra_B=74
mem_stacks_B=1752
heap_tree=empty
#-----------
snapshot=56
#-----------
time=2553198
mem_heap_B=81702
mem_heap_extra_B=74
mem_stacks_B=1496
heap_tree=empty
#-----------
snapshot=57
#-----------
time=2583437
mem_heap_B=81702
mem_heap_extra_B=74
mem_stacks_B=1464
heap_tree=empty
#-----------
snapshot=58
#-----------
time=2613583
mem_heap_B=81702
mem_heap_extra_B=74
mem_stacks_B=1688
heap_tree=empty
#-----------
snapshot=59
#-----------
time=2643719
mem_heap_B=81958
mem_heap_extra_B=74
mem_stacks_B=1440
heap_tree=empty
#-----------
snapshot=60
#-----------
time=2673854
mem_heap_B=81901
mem_heap_extra_B=59
mem_stacks_B=1368
heap_tree=empty
#-----------
snapshot=61
#-----------
time=2704067
mem_heap_B=81958
mem_heap_extra_B=74
mem_stacks_B=1464
heap_tree=empty
#-----------
snapshot=62
#-----------
time=2734444
mem_heap_B=81958
mem_heap_extra_B=74
mem_stacks_B=1688
heap_tree=empty
#-----------
snapshot=63
#-----------
time=2764597
mem_heap_B=81901
mem_heap_extra_B=59
mem_stacks_B=1112
heap_tree=detailed
n3: 81901 (heap allocation functions) malloc/new/new[], --alloc-fns, etc.
 n1: 72704 0x4914939: ??? (in /usr/lib/x86_64-linux-gnu/libstdc++.so.6.0.30)
  n1: 72704 0x400647D: call_init.part.0 (dl-init.c:70)
   n1: 72704 0x4006567: call_init (dl-init.c:33)
    n1: 72704 0x4006567: _dl_init (dl-init.c:117)
     n1: 72704 0x40202C9: ??? (in /usr/lib/x86_64-linux-gnu/ld-linux-x86-64.so.2)
      n1: 72704 0x2: ???
       n1: 72704 0x1FFF00039A: ???
        n1: 72704 0x1FFF0003A1: ???
         n0: 72704 0x1FFF0003A3: ???
 n1: 8192 0x497F023: std::basic_filebuf<char, std::char_traits<char> >::_M_allocate_internal_buffer() (in /usr/lib/x86_64-linux-gnu/libstdc++.so.6.0.30)
  n1: 8192 0x4983015: std::basic_filebuf<char, std::char_traits<char> >::open(char const*, std::_Ios_Openmode) (in /usr/lib/x86_64-linux-gnu/libstdc++.so.6.0.30)
   n1: 8192 0x10BD02: void ReadDataToFile_DEC<float>(std::__cxx11::basic_string<char, std::char_traits<char>, std::allocator<char> > const&, std::vector<float, std::allocator<float> >&) (in /home/noname/Documents/project_tiny/Sort_on_FPGA/Version1/01_slt/main)
    n0: 8192 0x10A605: main (in /home/noname/Documents/project_tiny/Sort_on_FPGA/Version1/01_slt/main)
 n0: 1005 in 4 places, all below massif's threshold (1.00%)
#-----------
snapshot=64
#-----------
time=2794950
mem_heap_B=74240
mem_heap_extra_B=24
mem_stacks_B=592
heap_tree=empty
#-----------
snapshot=65
#-----------
time=2820683
mem_heap_B=82940
mem_heap_extra_B=68
mem_stacks_B=2712
heap_tree=detailed
n4: 82940 (heap allocation functions) malloc/new/new[], --alloc-fns, etc.
 n1: 72704 0x4914939: ??? (in /usr/lib/x86_64-linux-gnu/libstdc++.so.6.0.30)
  n1: 72704 0x400647D: call_init.part.0 (dl-init.c:70)
   n1: 72704 0x4006567: call_init (dl-init.c:33)
    n1: 72704 0x4006567: _dl_init (dl-init.c:117)
     n1: 72704 0x40202C9: ??? (in /usr/lib/x86_64-linux-gnu/ld-linux-x86-64.so.2)
      n1: 72704 0x2: ???
       n1: 72704 0x1FFF00039A: ???
        n1: 72704 0x1FFF0003A1: ???
         n0: 72704 0x1FFF0003A3: ???
 n1: 8192 0x497F023: std::basic_filebuf<char, std::char_traits<char> >::_M_allocate_internal_buffer() (in /usr/lib/x86_64-linux-gnu/libstdc++.so.6.0.30)
  n2: 8192 0x4983015: std::basic_filebuf<char, std::char_traits<char> >::open(char const*, std::_Ios_Openmode) (in /usr/lib/x86_64-linux-gnu/libstdc++.so.6.0.30)
   n1: 8192 0x10B750: void WriteDataToFile_Dec<float>(std::vector<float, std::allocator<float> > const&, std::__cxx11::basic_string<char, std::char_traits<char>, std::allocator<char> > const&) (in /home/noname/Documents/project_tiny/Sort_on_FPGA/Version1/01_slt/main)
    n0: 8192 0x10A72C: main (in /home/noname/Documents/project_tiny/Sort_on_FPGA/Version1/01_slt/main)
   n0: 0 in 1 place, below massif's threshold (1.00%)
 n1: 1024 0x4B34BA3: _IO_file_doallocate (filedoalloc.c:101)
  n1: 1024 0x4B43CDF: _IO_doallocbuf (genops.c:347)
   n1: 1024 0x4B42F5F: _IO_file_overflow@@GLIBC_2.2.5 (fileops.c:744)
    n1: 1024 0x4B416D4: _IO_new_file_xsputn (fileops.c:1243)
     n1: 1024 0x4B416D4: _IO_file_xsputn@@GLIBC_2.2.5 (fileops.c:1196)
      n1: 1024 0x4B2B14C: outstring_func (vfprintf-internal.c:239)
       n1: 1024 0x4B2B14C: __vfprintf_internal (vfprintf-internal.c:1263)
        n1: 1024 0x4BEACBA: __printf_chk (printf_chk.c:33)
         n1: 1024 0x10BDBE: void ReadDataToFile_DEC<float>(std::__cxx11::basic_string<char, std::char_traits<char>, std::allocator<char> > const&, std::vector<float, std::allocator<float> >&) (in /home/noname/Documents/project_tiny/Sort_on_FPGA/Version1/01_slt/main)
          n0: 1024 0x10A605: main (in /home/noname/Documents/project_tiny/Sort_on_FPGA/Version1/01_slt/main)
 n0: 1020 in 4 places, all below massif's threshold (1.00%)
#-----------
snapshot=66
#-----------
time=2823485
mem_heap_B=82940
mem_heap_extra_B=68
mem_stacks_B=3768
heap_tree=peak
n4: 82940 (heap allocation functions) malloc/new/new[], --alloc-fns, etc.
 n1: 72704 0x4914939: ??? (in /usr/lib/x86_64-linux-gnu/libstdc++.so.6.0.30)
  n1: 72704 0x400647D: call_init.part.0 (dl-init.c:70)
   n1: 72704 0x4006567: call_init (dl-init.c:33)
    n1: 72704 0x4006567: _dl_init (dl-init.c:117)
     n1: 72704 0x40202C9: ??? (in /usr/lib/x86_64-linux-gnu/ld-linux-x86-64.so.2)
      n1: 72704 0x2: ???
       n1: 72704 0x1FFF00039A: ???
        n1: 72704 0x1FFF0003A1: ???
         n0: 72704 0x1FFF0003A3: ???
 n1: 8192 0x497F023: std::basic_filebuf<char, std::char_traits<char> >::_M_allocate_internal_buffer() (in /usr/lib/x86_64-linux-gnu/libstdc++.so.6.0.30)
  n2: 8192 0x4983015: std::basic_filebuf<char, std::char_traits<char> >::open(char const*, std::_Ios_Openmode) (in /usr/lib/x86_64-linux-gnu/libstdc++.so.6.0.30)
   n1: 8192 0x10B750: void WriteDataToFile_Dec<float>(std::vector<float, std::allocator<float> > const&, std::__cxx11::basic_string<char, std::char_traits<char>, std::allocator<char> > const&) (in /home/noname/Documents/project_tiny/Sort_on_FPGA/Version1/01_slt/main)
    n0: 8192 0x10A72C: main (in /home/noname/Documents/project_tiny/Sort_on_FPGA/Version1/01_slt/main)
   n0: 0 in 1 place, below massif's threshold (1.00%)
 n1: 1024 0x4B34BA3: _IO_file_doallocate (filedoalloc.c:101)
  n1: 1024 0x4B43CDF: _IO_doallocbuf (genops.c:347)
   n1: 1024 0x4B42F5F: _IO_file_overflow@@GLIBC_2.2.5 (fileops.c:744)
    n1: 1024 0x4B416D4: _IO_new_file_xsputn (fileops.c:1243)
     n1: 1024 0x4B416D4: _IO_file_xsputn@@GLIBC_2.2.5 (fileops.c:1196)
      n1: 1024 0x4B2B14C: outstring_func (vfprintf-internal.c:239)
       n1: 1024 0x4B2B14C: __vfprintf_internal (vfprintf-internal.c:1263)
        n1: 1024 0x4BEACBA: __printf_chk (printf_chk.c:33)
         n1: 1024 0x10BDBE: void ReadDataToFile_DEC<float>(std::__cxx11::basic_string<char, std::char_traits<char>, std::allocator<char> > const&, std::vector<float, std::allocator<float> >&) (in /home/noname/Documents/project_tiny/Sort_on_FPGA/Version1/01_slt/main)
          n0: 1024 0x10A605: main (in /home/noname/Documents/project_tiny/Sort_on_FPGA/Version1/01_slt/main)
 n0: 1020 in 4 places, all below massif's threshold (1.00%)
#-----------
snapshot=67
#-----------
time=2853622
mem_heap_B=82940
mem_heap_extra_B=68
mem_stacks_B=3912
heap_tree=empty
#-----------
snapshot=68
#-----------
time=2883760
mem_heap_B=82940
mem_heap_extra_B=68
mem_stacks_B=4024
heap_tree=empty
#-----------
snapshot=69
#-----------
time=2913898
mem_heap_B=82940
mem_heap_extra_B=68
mem_stacks_B=4024
heap_tree=empty
#-----------
snapshot=70
#-----------
time=2944038
mem_heap_B=82940
mem_heap_extra_B=68
mem_stacks_B=4024
heap_tree=empty
#-----------
snapshot=71
#-----------
time=2974163
mem_heap_B=82940
mem_heap_extra_B=68
mem_stacks_B=4024
heap_tree=empty
#-----------
snapshot=72
#-----------
time=3004293
mem_heap_B=82940
mem_heap_extra_B=68
mem_stacks_B=3992
heap_tree=empty
#-----------
snapshot=73
#-----------
time=3034431
mem_heap_B=82940
mem_heap_extra_B=68
mem_stacks_B=1672
heap_tree=empty
#-----------
snapshot=74
#-----------
time=3064558
mem_heap_B=82940
mem_heap_extra_B=68
mem_stacks_B=1120
heap_tree=empty
#-----------
snapshot=75
#-----------
time=3094800
mem_heap_B=82940
mem_heap_extra_B=68
mem_stacks_B=3416
heap_tree=empty
#-----------
snapshot=76
#-----------
time=3124931
mem_heap_B=82940
mem_heap_extra_B=68
mem_stacks_B=4056
heap_tree=detailed
n4: 82940 (heap allocation functions) malloc/new/new[], --alloc-fns, etc.
 n1: 72704 0x4914939: ??? (in /usr/lib/x86_64-linux-gnu/libstdc++.so.6.0.30)
  n1: 72704 0x400647D: call_init.part.0 (dl-init.c:70)
   n1: 72704 0x4006567: call_init (dl-init.c:33)
    n1: 72704 0x4006567: _dl_init (dl-init.c:117)
     n1: 72704 0x40202C9: ??? (in /usr/lib/x86_64-linux-gnu/ld-linux-x86-64.so.2)
      n1: 72704 0x2: ???
       n1: 72704 0x1FFF00039A: ???
        n1: 72704 0x1FFF0003A1: ???
         n0: 72704 0x1FFF0003A3: ???
 n1: 8192 0x497F023: std::basic_filebuf<char, std::char_traits<char> >::_M_allocate_internal_buffer() (in /usr/lib/x86_64-linux-gnu/libstdc++.so.6.0.30)
  n2: 8192 0x4983015: std::basic_filebuf<char, std::char_traits<char> >::open(char const*, std::_Ios_Openmode) (in /usr/lib/x86_64-linux-gnu/libstdc++.so.6.0.30)
   n1: 8192 0x10B750: void WriteDataToFile_Dec<float>(std::vector<float, std::allocator<float> > const&, std::__cxx11::basic_string<char, std::char_traits<char>, std::allocator<char> > const&) (in /home/noname/Documents/project_tiny/Sort_on_FPGA/Version1/01_slt/main)
    n0: 8192 0x10A72C: main (in /home/noname/Documents/project_tiny/Sort_on_FPGA/Version1/01_slt/main)
   n0: 0 in 1 place, below massif's threshold (1.00%)
 n1: 1024 0x4B34BA3: _IO_file_doallocate (filedoalloc.c:101)
  n1: 1024 0x4B43CDF: _IO_doallocbuf (genops.c:347)
   n1: 1024 0x4B42F5F: _IO_file_overflow@@GLIBC_2.2.5 (fileops.c:744)
    n1: 1024 0x4B416D4: _IO_new_file_xsputn (fileops.c:1243)
     n1: 1024 0x4B416D4: _IO_file_xsputn@@GLIBC_2.2.5 (fileops.c:1196)
      n1: 1024 0x4B2B14C: outstring_func (vfprintf-internal.c:239)
       n1: 1024 0x4B2B14C: __vfprintf_internal (vfprintf-internal.c:1263)
        n1: 1024 0x4BEACBA: __printf_chk (printf_chk.c:33)
         n1: 1024 0x10BDBE: void ReadDataToFile_DEC<float>(std::__cxx11::basic_string<char, std::char_traits<char>, std::allocator<char> > const&, std::vector<float, std::allocator<float> >&) (in /home/noname/Documents/project_tiny/Sort_on_FPGA/Version1/01_slt/main)
          n0: 1024 0x10A605: main (in /home/noname/Documents/project_tiny/Sort_on_FPGA/Version1/01_slt/main)
 n0: 1020 in 4 places, all below massif's threshold (1.00%)
#-----------
snapshot=77
#-----------
time=3155057
mem_heap_B=82940
mem_heap_extra_B=68
mem_stacks_B=3912
heap_tree=empty
#-----------
snapshot=78
#-----------
time=3185196
mem_heap_B=82940
mem_heap_extra_B=68
mem_stacks_B=4024
heap_tree=empty
#-----------
snapshot=79
#-----------
time=3215342
mem_heap_B=82940
mem_heap_extra_B=68
mem_stacks_B=3992
heap_tree=empty
#-----------
snapshot=80
#-----------
time=3245470
mem_heap_B=82940
mem_heap_extra_B=68
mem_stacks_B=4024
heap_tree=empty
#-----------
snapshot=81
#-----------
time=3275594
mem_heap_B=82940
mem_heap_extra_B=68
mem_stacks_B=4032
heap_tree=empty
#-----------
snapshot=82
#-----------
time=3305752
mem_heap_B=82940
mem_heap_extra_B=68
mem_stacks_B=3160
heap_tree=empty
