--------------------------------------------------------------------------------
Command:            ./main 2 3
Massif arguments:   --stacks=yes --massif-out-file=./Reports/ANALYSIS_DIR/checkmemory/QuickSort_1.out
ms_print arguments: ./Reports/ANALYSIS_DIR/checkmemory/QuickSort_1.out
--------------------------------------------------------------------------------


    KB
97.26^                                                : :  :       :        : 
     |                                         ##::::::::@:::::@:::::@:::::@::
     |                                         # ::::::::@:::::@:::::@:::::@::
     |                        @:@:::::@:::::  :# ::::::::@:::::@:::::@:::::@::
     |                   @::::@:@:::::@::::::::# ::::::::@:::::@:::::@:::::@::
     |                   @::::@:@:::::@::::::::# ::::::::@:::::@:::::@:::::@::
     |                  :@::::@:@:::::@::::::::# ::::::::@:::::@:::::@:::::@::
     |                  :@::::@:@:::::@::::::::# ::::::::@:::::@:::::@:::::@::
     |                  :@::::@:@:::::@::::::::# ::::::::@:::::@:::::@:::::@::
     |                  :@::::@:@:::::@::::::::# ::::::::@:::::@:::::@:::::@::
     |                  :@::::@:@:::::@::::::::# ::::::::@:::::@:::::@:::::@::
     |                  :@::::@:@:::::@::::::::# ::::::::@:::::@:::::@:::::@::
     |                  :@::::@:@:::::@::::::::# ::::::::@:::::@:::::@:::::@::
     |                  :@::::@:@:::::@::::::::# ::::::::@:::::@:::::@:::::@::
     |                  :@::::@:@:::::@::::::::# ::::::::@:::::@:::::@:::::@::
     |                  :@::::@:@:::::@::::::::# ::::::::@:::::@:::::@:::::@::
     |                  :@::::@:@:::::@::::::::# ::::::::@:::::@:::::@:::::@::
     |                  :@::::@:@:::::@::::::::# ::::::::@:::::@:::::@:::::@::
     |                  :@::::@:@:::::@::::::::# ::::::::@:::::@:::::@:::::@::
     |                  :@::::@:@:::::@::::::::# ::::::::@:::::@:::::@:::::@::
   0 +----------------------------------------------------------------------->Mi
     0                                                                   8.677

Number of snapshots: 91
 Detailed snapshots: [4, 6, 14, 18, 20, 25, 27, 34, 43 (peak), 56, 66, 76, 86]

--------------------------------------------------------------------------------
  n        time(i)         total(B)   useful-heap(B) extra-heap(B)    stacks(B)
--------------------------------------------------------------------------------
  0              0                0                0             0            0
  1        170,403            1,864                0             0        1,864
  2        348,930            1,384                0             0        1,384
  3        479,529            1,960                0             0        1,960
  4        619,004            1,608                0             0        1,608
00.00% (0B) (heap allocation functions) malloc/new/new[], --alloc-fns, etc.

--------------------------------------------------------------------------------
  n        time(i)         total(B)   useful-heap(B) extra-heap(B)    stacks(B)
--------------------------------------------------------------------------------
  5        739,484            1,608                0             0        1,608
  6        817,267            1,608                0             0        1,608
00.00% (0B) (heap allocation functions) malloc/new/new[], --alloc-fns, etc.

--------------------------------------------------------------------------------
  n        time(i)         total(B)   useful-heap(B) extra-heap(B)    stacks(B)
--------------------------------------------------------------------------------
  7        947,414            1,864                0             0        1,864
  8      1,035,960            1,864                0             0        1,864
  9      1,154,761            1,384                0             0        1,384
 10      1,245,560            1,448                0             0        1,448
 11      1,385,822            1,608                0             0        1,608
 12      1,571,885            1,960                0             0        1,960
 13      1,694,219            1,608                0             0        1,608
 14      1,770,840            1,608                0             0        1,608
00.00% (0B) (heap allocation functions) malloc/new/new[], --alloc-fns, etc.

--------------------------------------------------------------------------------
  n        time(i)         total(B)   useful-heap(B) extra-heap(B)    stacks(B)
--------------------------------------------------------------------------------
 15      1,907,708            1,608                0             0        1,608
 16      1,985,008            1,608                0             0        1,608
 17      2,121,860            1,864                0             0        1,864
 18      2,227,962            1,384                0             0        1,384
00.00% (0B) (heap allocation functions) malloc/new/new[], --alloc-fns, etc.

--------------------------------------------------------------------------------
  n        time(i)         total(B)   useful-heap(B) extra-heap(B)    stacks(B)
--------------------------------------------------------------------------------
 19      2,380,556           73,216           72,704             8          504
 20      2,471,079           84,408           81,389            51        2,968
96.42% (81,389B) (heap allocation functions) malloc/new/new[], --alloc-fns, etc.
->86.13% (72,704B) 0x4914939: ??? (in /usr/lib/x86_64-linux-gnu/libstdc++.so.6.0.30)
| ->86.13% (72,704B) 0x400647D: call_init.part.0 (dl-init.c:70)
|   ->86.13% (72,704B) 0x4006567: call_init (dl-init.c:33)
|     ->86.13% (72,704B) 0x4006567: _dl_init (dl-init.c:117)
|       ->86.13% (72,704B) 0x40202C9: ??? (in /usr/lib/x86_64-linux-gnu/ld-linux-x86-64.so.2)
|         ->86.13% (72,704B) 0x2: ???
|           ->86.13% (72,704B) 0x1FFF00039A: ???
|             ->86.13% (72,704B) 0x1FFF0003A1: ???
|               ->86.13% (72,704B) 0x1FFF0003A3: ???
|                 
->09.71% (8,192B) 0x497F023: std::basic_filebuf<char, std::char_traits<char> >::_M_allocate_internal_buffer() (in /usr/lib/x86_64-linux-gnu/libstdc++.so.6.0.30)
| ->09.71% (8,192B) 0x4983015: std::basic_filebuf<char, std::char_traits<char> >::open(char const*, std::_Ios_Openmode) (in /usr/lib/x86_64-linux-gnu/libstdc++.so.6.0.30)
|   ->09.71% (8,192B) 0x10C962: void ReadDataToFile_DEC<float>(std::__cxx11::basic_string<char, std::char_traits<char>, std::allocator<char> > const&, std::vector<float, std::allocator<float> >&) (in /home/noname/Documents/project_tiny/Sort_on_FPGA/Version1/01_slt/main)
|     ->09.71% (8,192B) 0x10A799: main (in /home/noname/Documents/project_tiny/Sort_on_FPGA/Version1/01_slt/main)
|       
->00.58% (493B) in 1+ places, all below ms_print's threshold (01.00%)

--------------------------------------------------------------------------------
  n        time(i)         total(B)   useful-heap(B) extra-heap(B)    stacks(B)
--------------------------------------------------------------------------------
 21      2,580,664           83,384           81,702            74        1,608
 22      2,689,436           83,792           81,958            74        1,760
 23      2,799,009           84,296           82,470            74        1,752
 24      2,963,635           84,152           82,470            74        1,608
 25      3,068,665           86,000           84,461            67        1,472
98.21% (84,461B) (heap allocation functions) malloc/new/new[], --alloc-fns, etc.
->84.54% (72,704B) 0x4914939: ??? (in /usr/lib/x86_64-linux-gnu/libstdc++.so.6.0.30)
| ->84.54% (72,704B) 0x400647D: call_init.part.0 (dl-init.c:70)
|   ->84.54% (72,704B) 0x4006567: call_init (dl-init.c:33)
|     ->84.54% (72,704B) 0x4006567: _dl_init (dl-init.c:117)
|       ->84.54% (72,704B) 0x40202C9: ??? (in /usr/lib/x86_64-linux-gnu/ld-linux-x86-64.so.2)
|         ->84.54% (72,704B) 0x2: ???
|           ->84.54% (72,704B) 0x1FFF00039A: ???
|             ->84.54% (72,704B) 0x1FFF0003A1: ???
|               ->84.54% (72,704B) 0x1FFF0003A3: ???
|                 
->09.53% (8,192B) 0x497F023: std::basic_filebuf<char, std::char_traits<char> >::_M_allocate_internal_buffer() (in /usr/lib/x86_64-linux-gnu/libstdc++.so.6.0.30)
| ->09.53% (8,192B) 0x4983015: std::basic_filebuf<char, std::char_traits<char> >::open(char const*, std::_Ios_Openmode) (in /usr/lib/x86_64-linux-gnu/libstdc++.so.6.0.30)
|   ->09.53% (8,192B) 0x10C962: void ReadDataToFile_DEC<float>(std::__cxx11::basic_string<char, std::char_traits<char>, std::allocator<char> > const&, std::vector<float, std::allocator<float> >&) (in /home/noname/Documents/project_tiny/Sort_on_FPGA/Version1/01_slt/main)
|     ->09.53% (8,192B) 0x10A799: main (in /home/noname/Documents/project_tiny/Sort_on_FPGA/Version1/01_slt/main)
|       
->03.57% (3,072B) 0x10C802: void std::vector<float, std::allocator<float> >::_M_realloc_insert<float const&>(__gnu_cxx::__normal_iterator<float*, std::vector<float, std::allocator<float> > >, float const&) (in /home/noname/Documents/project_tiny/Sort_on_FPGA/Version1/01_slt/main)
| ->03.57% (3,072B) 0x10CADA: void ReadDataToFile_DEC<float>(std::__cxx11::basic_string<char, std::char_traits<char>, std::allocator<char> > const&, std::vector<float, std::allocator<float> >&) (in /home/noname/Documents/project_tiny/Sort_on_FPGA/Version1/01_slt/main)
|   ->03.57% (3,072B) 0x10A799: main (in /home/noname/Documents/project_tiny/Sort_on_FPGA/Version1/01_slt/main)
|     
->00.57% (493B) in 1+ places, all below ms_print's threshold (01.00%)

--------------------------------------------------------------------------------
  n        time(i)         total(B)   useful-heap(B) extra-heap(B)    stacks(B)
--------------------------------------------------------------------------------
 26      3,205,349           85,176           83,494            74        1,608
 27      3,341,388           85,320           83,494            74        1,752
97.86% (83,494B) (heap allocation functions) malloc/new/new[], --alloc-fns, etc.
->85.21% (72,704B) 0x4914939: ??? (in /usr/lib/x86_64-linux-gnu/libstdc++.so.6.0.30)
| ->85.21% (72,704B) 0x400647D: call_init.part.0 (dl-init.c:70)
|   ->85.21% (72,704B) 0x4006567: call_init (dl-init.c:33)
|     ->85.21% (72,704B) 0x4006567: _dl_init (dl-init.c:117)
|       ->85.21% (72,704B) 0x40202C9: ??? (in /usr/lib/x86_64-linux-gnu/ld-linux-x86-64.so.2)
|         ->85.21% (72,704B) 0x2: ???
|           ->85.21% (72,704B) 0x1FFF00039A: ???
|             ->85.21% (72,704B) 0x1FFF0003A1: ???
|               ->85.21% (72,704B) 0x1FFF0003A3: ???
|                 
->09.60% (8,192B) 0x497F023: std::basic_filebuf<char, std::char_traits<char> >::_M_allocate_internal_buffer() (in /usr/lib/x86_64-linux-gnu/libstdc++.so.6.0.30)
| ->09.60% (8,192B) 0x4983015: std::basic_filebuf<char, std::char_traits<char> >::open(char const*, std::_Ios_Openmode) (in /usr/lib/x86_64-linux-gnu/libstdc++.so.6.0.30)
|   ->09.60% (8,192B) 0x10C962: void ReadDataToFile_DEC<float>(std::__cxx11::basic_string<char, std::char_traits<char>, std::allocator<char> > const&, std::vector<float, std::allocator<float> >&) (in /home/noname/Documents/project_tiny/Sort_on_FPGA/Version1/01_slt/main)
|     ->09.60% (8,192B) 0x10A799: main (in /home/noname/Documents/project_tiny/Sort_on_FPGA/Version1/01_slt/main)
|       
->02.40% (2,048B) 0x10C802: void std::vector<float, std::allocator<float> >::_M_realloc_insert<float const&>(__gnu_cxx::__normal_iterator<float*, std::vector<float, std::allocator<float> > >, float const&) (in /home/noname/Documents/project_tiny/Sort_on_FPGA/Version1/01_slt/main)
| ->02.40% (2,048B) 0x10CADA: void ReadDataToFile_DEC<float>(std::__cxx11::basic_string<char, std::char_traits<char>, std::allocator<char> > const&, std::vector<float, std::allocator<float> >&) (in /home/noname/Documents/project_tiny/Sort_on_FPGA/Version1/01_slt/main)
|   ->02.40% (2,048B) 0x10A799: main (in /home/noname/Documents/project_tiny/Sort_on_FPGA/Version1/01_slt/main)
|     
->00.64% (550B) in 1+ places, all below ms_print's threshold (01.00%)

--------------------------------------------------------------------------------
  n        time(i)         total(B)   useful-heap(B) extra-heap(B)    stacks(B)
--------------------------------------------------------------------------------
 28      3,423,761           85,176           83,494            74        1,608
 29      3,560,892           85,320           83,494            74        1,752
 30      3,703,443           87,592           85,542            74        1,976
 31      3,853,570           87,160           85,542            74        1,544
 32      3,953,661           87,392           85,542            74        1,776
 33      4,054,204           87,224           85,542            74        1,608
 34      4,154,298           87,584           85,542            74        1,968
97.67% (85,542B) (heap allocation functions) malloc/new/new[], --alloc-fns, etc.
->83.01% (72,704B) 0x4914939: ??? (in /usr/lib/x86_64-linux-gnu/libstdc++.so.6.0.30)
| ->83.01% (72,704B) 0x400647D: call_init.part.0 (dl-init.c:70)
|   ->83.01% (72,704B) 0x4006567: call_init (dl-init.c:33)
|     ->83.01% (72,704B) 0x4006567: _dl_init (dl-init.c:117)
|       ->83.01% (72,704B) 0x40202C9: ??? (in /usr/lib/x86_64-linux-gnu/ld-linux-x86-64.so.2)
|         ->83.01% (72,704B) 0x2: ???
|           ->83.01% (72,704B) 0x1FFF00039A: ???
|             ->83.01% (72,704B) 0x1FFF0003A1: ???
|               ->83.01% (72,704B) 0x1FFF0003A3: ???
|                 
->09.35% (8,192B) 0x497F023: std::basic_filebuf<char, std::char_traits<char> >::_M_allocate_internal_buffer() (in /usr/lib/x86_64-linux-gnu/libstdc++.so.6.0.30)
| ->09.35% (8,192B) 0x4983015: std::basic_filebuf<char, std::char_traits<char> >::open(char const*, std::_Ios_Openmode) (in /usr/lib/x86_64-linux-gnu/libstdc++.so.6.0.30)
|   ->09.35% (8,192B) 0x10C962: void ReadDataToFile_DEC<float>(std::__cxx11::basic_string<char, std::char_traits<char>, std::allocator<char> > const&, std::vector<float, std::allocator<float> >&) (in /home/noname/Documents/project_tiny/Sort_on_FPGA/Version1/01_slt/main)
|     ->09.35% (8,192B) 0x10A799: main (in /home/noname/Documents/project_tiny/Sort_on_FPGA/Version1/01_slt/main)
|       
->04.68% (4,096B) 0x10C802: void std::vector<float, std::allocator<float> >::_M_realloc_insert<float const&>(__gnu_cxx::__normal_iterator<float*, std::vector<float, std::allocator<float> > >, float const&) (in /home/noname/Documents/project_tiny/Sort_on_FPGA/Version1/01_slt/main)
| ->04.68% (4,096B) 0x10CADA: void ReadDataToFile_DEC<float>(std::__cxx11::basic_string<char, std::char_traits<char>, std::allocator<char> > const&, std::vector<float, std::allocator<float> >&) (in /home/noname/Documents/project_tiny/Sort_on_FPGA/Version1/01_slt/main)
|   ->04.68% (4,096B) 0x10A799: main (in /home/noname/Documents/project_tiny/Sort_on_FPGA/Version1/01_slt/main)
|     
->00.63% (550B) in 1+ places, all below ms_print's threshold (01.00%)

--------------------------------------------------------------------------------
  n        time(i)         total(B)   useful-heap(B) extra-heap(B)    stacks(B)
--------------------------------------------------------------------------------
 35      4,254,427           87,160           85,542            74        1,544
 36      4,354,500           87,256           85,542            74        1,640
 37      4,504,682           87,656           85,542            74        2,040
 38      4,604,957           87,592           85,542            74        1,976
 39      4,755,360           87,592           85,542            74        1,976
 40      4,856,001           82,920           82,016            40          864
 41      5,012,060           82,784           82,016            40          728
 42      5,114,260           87,216           86,208            48          960
 43      5,305,592           99,288           95,120           112        4,056
95.80% (95,120B) (heap allocation functions) malloc/new/new[], --alloc-fns, etc.
->73.23% (72,704B) 0x4914939: ??? (in /usr/lib/x86_64-linux-gnu/libstdc++.so.6.0.30)
| ->73.23% (72,704B) 0x400647D: call_init.part.0 (dl-init.c:70)
|   ->73.23% (72,704B) 0x4006567: call_init (dl-init.c:33)
|     ->73.23% (72,704B) 0x4006567: _dl_init (dl-init.c:117)
|       ->73.23% (72,704B) 0x40202C9: ??? (in /usr/lib/x86_64-linux-gnu/ld-linux-x86-64.so.2)
|         ->73.23% (72,704B) 0x2: ???
|           ->73.23% (72,704B) 0x1FFF00039A: ???
|             ->73.23% (72,704B) 0x1FFF0003A1: ???
|               ->73.23% (72,704B) 0x1FFF0003A3: ???
|                 
->08.25% (8,192B) 0x10BD04: std::vector<float, std::allocator<float> >::vector(std::vector<float, std::allocator<float> > const&) (in /home/noname/Documents/project_tiny/Sort_on_FPGA/Version1/01_slt/main)
| ->04.13% (4,096B) 0x10A8CD: main (in /home/noname/Documents/project_tiny/Sort_on_FPGA/Version1/01_slt/main)
| | 
| ->04.13% (4,096B) 0x10A9CC: main (in /home/noname/Documents/project_tiny/Sort_on_FPGA/Version1/01_slt/main)
|   
->08.25% (8,192B) 0x497F023: std::basic_filebuf<char, std::char_traits<char> >::_M_allocate_internal_buffer() (in /usr/lib/x86_64-linux-gnu/libstdc++.so.6.0.30)
| ->08.25% (8,192B) 0x4983015: std::basic_filebuf<char, std::char_traits<char> >::open(char const*, std::_Ios_Openmode) (in /usr/lib/x86_64-linux-gnu/libstdc++.so.6.0.30)
|   ->08.25% (8,192B) 0x10C3B0: void WriteDataToFile_Dec<float>(std::vector<float, std::allocator<float> > const&, std::__cxx11::basic_string<char, std::char_traits<char>, std::allocator<char> > const&) (in /home/noname/Documents/project_tiny/Sort_on_FPGA/Version1/01_slt/main)
|   | ->08.25% (8,192B) 0x10AB33: main (in /home/noname/Documents/project_tiny/Sort_on_FPGA/Version1/01_slt/main)
|   |   
|   ->00.00% (0B) in 1+ places, all below ms_print's threshold (01.00%)
|   
->04.13% (4,096B) 0x10C802: void std::vector<float, std::allocator<float> >::_M_realloc_insert<float const&>(__gnu_cxx::__normal_iterator<float*, std::vector<float, std::allocator<float> > >, float const&) (in /home/noname/Documents/project_tiny/Sort_on_FPGA/Version1/01_slt/main)
| ->04.13% (4,096B) 0x10CADA: void ReadDataToFile_DEC<float>(std::__cxx11::basic_string<char, std::char_traits<char>, std::allocator<char> > const&, std::vector<float, std::allocator<float> >&) (in /home/noname/Documents/project_tiny/Sort_on_FPGA/Version1/01_slt/main)
|   ->04.13% (4,096B) 0x10A799: main (in /home/noname/Documents/project_tiny/Sort_on_FPGA/Version1/01_slt/main)
|     
->01.03% (1,024B) 0x4B34BA3: _IO_file_doallocate (filedoalloc.c:101)
| ->01.03% (1,024B) 0x4B43CDF: _IO_doallocbuf (genops.c:347)
|   ->01.03% (1,024B) 0x4B42F5F: _IO_file_overflow@@GLIBC_2.2.5 (fileops.c:744)
|     ->01.03% (1,024B) 0x4B416D4: _IO_new_file_xsputn (fileops.c:1243)
|       ->01.03% (1,024B) 0x4B416D4: _IO_file_xsputn@@GLIBC_2.2.5 (fileops.c:1196)
|         ->01.03% (1,024B) 0x4B2B14C: outstring_func (vfprintf-internal.c:239)
|           ->01.03% (1,024B) 0x4B2B14C: __vfprintf_internal (vfprintf-internal.c:1263)
|             ->01.03% (1,024B) 0x4BEACBA: __printf_chk (printf_chk.c:33)
|               ->01.03% (1,024B) 0x10CA1E: void ReadDataToFile_DEC<float>(std::__cxx11::basic_string<char, std::char_traits<char>, std::allocator<char> > const&, std::vector<float, std::allocator<float> >&) (in /home/noname/Documents/project_tiny/Sort_on_FPGA/Version1/01_slt/main)
|                 ->01.03% (1,024B) 0x10A799: main (in /home/noname/Documents/project_tiny/Sort_on_FPGA/Version1/01_slt/main)
|                   
->00.92% (912B) in 1+ places, all below ms_print's threshold (01.00%)

--------------------------------------------------------------------------------
  n        time(i)         total(B)   useful-heap(B) extra-heap(B)    stacks(B)
--------------------------------------------------------------------------------
 44      5,455,683           96,544           95,120           112        1,312
 45      5,555,787           99,512           95,120           112        4,280
 46      5,655,851           99,544           95,120           112        4,312
 47      5,755,915           99,432           95,120           112        4,200
 48      5,856,050           98,936           95,120           112        3,704
 49      5,956,122           96,632           95,120           112        1,400
 50      6,032,752           99,544           95,120           112        4,312
 51      6,109,388           98,936           95,120           112        3,704
 52      6,186,014           99,592           95,120           112        4,360
 53      6,262,637           99,376           95,120           112        4,144
 54      6,339,266           99,592           95,120           112        4,360
 55      6,415,997           99,432           95,120           112        4,200
 56      6,492,621           97,136           95,120           112        1,904
97.92% (95,120B) (heap allocation functions) malloc/new/new[], --alloc-fns, etc.
->74.85% (72,704B) 0x4914939: ??? (in /usr/lib/x86_64-linux-gnu/libstdc++.so.6.0.30)
| ->74.85% (72,704B) 0x400647D: call_init.part.0 (dl-init.c:70)
|   ->74.85% (72,704B) 0x4006567: call_init (dl-init.c:33)
|     ->74.85% (72,704B) 0x4006567: _dl_init (dl-init.c:117)
|       ->74.85% (72,704B) 0x40202C9: ??? (in /usr/lib/x86_64-linux-gnu/ld-linux-x86-64.so.2)
|         ->74.85% (72,704B) 0x2: ???
|           ->74.85% (72,704B) 0x1FFF00039A: ???
|             ->74.85% (72,704B) 0x1FFF0003A1: ???
|               ->74.85% (72,704B) 0x1FFF0003A3: ???
|                 
->08.43% (8,192B) 0x10BD04: std::vector<float, std::allocator<float> >::vector(std::vector<float, std::allocator<float> > const&) (in /home/noname/Documents/project_tiny/Sort_on_FPGA/Version1/01_slt/main)
| ->04.22% (4,096B) 0x10A8CD: main (in /home/noname/Documents/project_tiny/Sort_on_FPGA/Version1/01_slt/main)
| | 
| ->04.22% (4,096B) 0x10A9CC: main (in /home/noname/Documents/project_tiny/Sort_on_FPGA/Version1/01_slt/main)
|   
->08.43% (8,192B) 0x497F023: std::basic_filebuf<char, std::char_traits<char> >::_M_allocate_internal_buffer() (in /usr/lib/x86_64-linux-gnu/libstdc++.so.6.0.30)
| ->08.43% (8,192B) 0x4983015: std::basic_filebuf<char, std::char_traits<char> >::open(char const*, std::_Ios_Openmode) (in /usr/lib/x86_64-linux-gnu/libstdc++.so.6.0.30)
|   ->08.43% (8,192B) 0x10C3B0: void WriteDataToFile_Dec<float>(std::vector<float, std::allocator<float> > const&, std::__cxx11::basic_string<char, std::char_traits<char>, std::allocator<char> > const&) (in /home/noname/Documents/project_tiny/Sort_on_FPGA/Version1/01_slt/main)
|   | ->08.43% (8,192B) 0x10AB33: main (in /home/noname/Documents/project_tiny/Sort_on_FPGA/Version1/01_slt/main)
|   |   
|   ->00.00% (0B) in 1+ places, all below ms_print's threshold (01.00%)
|   
->04.22% (4,096B) 0x10C802: void std::vector<float, std::allocator<float> >::_M_realloc_insert<float const&>(__gnu_cxx::__normal_iterator<float*, std::vector<float, std::allocator<float> > >, float const&) (in /home/noname/Documents/project_tiny/Sort_on_FPGA/Version1/01_slt/main)
| ->04.22% (4,096B) 0x10CADA: void ReadDataToFile_DEC<float>(std::__cxx11::basic_string<char, std::char_traits<char>, std::allocator<char> > const&, std::vector<float, std::allocator<float> >&) (in /home/noname/Documents/project_tiny/Sort_on_FPGA/Version1/01_slt/main)
|   ->04.22% (4,096B) 0x10A799: main (in /home/noname/Documents/project_tiny/Sort_on_FPGA/Version1/01_slt/main)
|     
->01.05% (1,024B) 0x4B34BA3: _IO_file_doallocate (filedoalloc.c:101)
| ->01.05% (1,024B) 0x4B43CDF: _IO_doallocbuf (genops.c:347)
|   ->01.05% (1,024B) 0x4B42F5F: _IO_file_overflow@@GLIBC_2.2.5 (fileops.c:744)
|     ->01.05% (1,024B) 0x4B416D4: _IO_new_file_xsputn (fileops.c:1243)
|       ->01.05% (1,024B) 0x4B416D4: _IO_file_xsputn@@GLIBC_2.2.5 (fileops.c:1196)
|         ->01.05% (1,024B) 0x4B2B14C: outstring_func (vfprintf-internal.c:239)
|           ->01.05% (1,024B) 0x4B2B14C: __vfprintf_internal (vfprintf-internal.c:1263)
|             ->01.05% (1,024B) 0x4BEACBA: __printf_chk (printf_chk.c:33)
|               ->01.05% (1,024B) 0x10CA1E: void ReadDataToFile_DEC<float>(std::__cxx11::basic_string<char, std::char_traits<char>, std::allocator<char> > const&, std::vector<float, std::allocator<float> >&) (in /home/noname/Documents/project_tiny/Sort_on_FPGA/Version1/01_slt/main)
|                 ->01.05% (1,024B) 0x10A799: main (in /home/noname/Documents/project_tiny/Sort_on_FPGA/Version1/01_slt/main)
|                   
->00.94% (912B) in 1+ places, all below ms_print's threshold (01.00%)

--------------------------------------------------------------------------------
  n        time(i)         total(B)   useful-heap(B) extra-heap(B)    stacks(B)
--------------------------------------------------------------------------------
 57      6,569,255           99,432           95,120           112        4,200
 58      6,645,877           96,680           95,120           112        1,448
 59      6,722,508           99,592           95,120           112        4,360
 60      6,799,144           98,936           95,120           112        3,704
 61      6,875,767           99,536           95,120           112        4,304
 62      6,952,457           99,432           95,120           112        4,200
 63      7,029,094           98,936           95,120           112        3,704
 64      7,105,717           99,424           95,120           112        4,192
 65      7,182,338           96,968           95,120           112        1,736
 66      7,258,973           99,544           95,120           112        4,312
95.56% (95,120B) (heap allocation functions) malloc/new/new[], --alloc-fns, etc.
->73.04% (72,704B) 0x4914939: ??? (in /usr/lib/x86_64-linux-gnu/libstdc++.so.6.0.30)
| ->73.04% (72,704B) 0x400647D: call_init.part.0 (dl-init.c:70)
|   ->73.04% (72,704B) 0x4006567: call_init (dl-init.c:33)
|     ->73.04% (72,704B) 0x4006567: _dl_init (dl-init.c:117)
|       ->73.04% (72,704B) 0x40202C9: ??? (in /usr/lib/x86_64-linux-gnu/ld-linux-x86-64.so.2)
|         ->73.04% (72,704B) 0x2: ???
|           ->73.04% (72,704B) 0x1FFF00039A: ???
|             ->73.04% (72,704B) 0x1FFF0003A1: ???
|               ->73.04% (72,704B) 0x1FFF0003A3: ???
|                 
->08.23% (8,192B) 0x10BD04: std::vector<float, std::allocator<float> >::vector(std::vector<float, std::allocator<float> > const&) (in /home/noname/Documents/project_tiny/Sort_on_FPGA/Version1/01_slt/main)
| ->04.11% (4,096B) 0x10A8CD: main (in /home/noname/Documents/project_tiny/Sort_on_FPGA/Version1/01_slt/main)
| | 
| ->04.11% (4,096B) 0x10A9CC: main (in /home/noname/Documents/project_tiny/Sort_on_FPGA/Version1/01_slt/main)
|   
->08.23% (8,192B) 0x497F023: std::basic_filebuf<char, std::char_traits<char> >::_M_allocate_internal_buffer() (in /usr/lib/x86_64-linux-gnu/libstdc++.so.6.0.30)
| ->08.23% (8,192B) 0x4983015: std::basic_filebuf<char, std::char_traits<char> >::open(char const*, std::_Ios_Openmode) (in /usr/lib/x86_64-linux-gnu/libstdc++.so.6.0.30)
|   ->08.23% (8,192B) 0x10C3B0: void WriteDataToFile_Dec<float>(std::vector<float, std::allocator<float> > const&, std::__cxx11::basic_string<char, std::char_traits<char>, std::allocator<char> > const&) (in /home/noname/Documents/project_tiny/Sort_on_FPGA/Version1/01_slt/main)
|   | ->08.23% (8,192B) 0x10AB33: main (in /home/noname/Documents/project_tiny/Sort_on_FPGA/Version1/01_slt/main)
|   |   
|   ->00.00% (0B) in 1+ places, all below ms_print's threshold (01.00%)
|   
->04.11% (4,096B) 0x10C802: void std::vector<float, std::allocator<float> >::_M_realloc_insert<float const&>(__gnu_cxx::__normal_iterator<float*, std::vector<float, std::allocator<float> > >, float const&) (in /home/noname/Documents/project_tiny/Sort_on_FPGA/Version1/01_slt/main)
| ->04.11% (4,096B) 0x10CADA: void ReadDataToFile_DEC<float>(std::__cxx11::basic_string<char, std::char_traits<char>, std::allocator<char> > const&, std::vector<float, std::allocator<float> >&) (in /home/noname/Documents/project_tiny/Sort_on_FPGA/Version1/01_slt/main)
|   ->04.11% (4,096B) 0x10A799: main (in /home/noname/Documents/project_tiny/Sort_on_FPGA/Version1/01_slt/main)
|     
->01.03% (1,024B) 0x4B34BA3: _IO_file_doallocate (filedoalloc.c:101)
| ->01.03% (1,024B) 0x4B43CDF: _IO_doallocbuf (genops.c:347)
|   ->01.03% (1,024B) 0x4B42F5F: _IO_file_overflow@@GLIBC_2.2.5 (fileops.c:744)
|     ->01.03% (1,024B) 0x4B416D4: _IO_new_file_xsputn (fileops.c:1243)
|       ->01.03% (1,024B) 0x4B416D4: _IO_file_xsputn@@GLIBC_2.2.5 (fileops.c:1196)
|         ->01.03% (1,024B) 0x4B2B14C: outstring_func (vfprintf-internal.c:239)
|           ->01.03% (1,024B) 0x4B2B14C: __vfprintf_internal (vfprintf-internal.c:1263)
|             ->01.03% (1,024B) 0x4BEACBA: __printf_chk (printf_chk.c:33)
|               ->01.03% (1,024B) 0x10CA1E: void ReadDataToFile_DEC<float>(std::__cxx11::basic_string<char, std::char_traits<char>, std::allocator<char> > const&, std::vector<float, std::allocator<float> >&) (in /home/noname/Documents/project_tiny/Sort_on_FPGA/Version1/01_slt/main)
|                 ->01.03% (1,024B) 0x10A799: main (in /home/noname/Documents/project_tiny/Sort_on_FPGA/Version1/01_slt/main)
|                   
->00.92% (912B) in 1+ places, all below ms_print's threshold (01.00%)

--------------------------------------------------------------------------------
  n        time(i)         total(B)   useful-heap(B) extra-heap(B)    stacks(B)
--------------------------------------------------------------------------------
 67      7,335,595           96,672           95,120           112        1,440
 68      7,412,241           99,512           95,120           112        4,280
 69      7,488,863           96,672           95,120           112        1,440
 70      7,565,496           99,432           95,120           112        4,200
 71      7,642,122           96,856           95,120           112        1,624
 72      7,718,754           99,592           95,120           112        4,360
 73      7,795,379           99,512           95,120           112        4,280
 74      7,872,116           99,432           95,120           112        4,200
 75      7,948,749           98,984           95,120           112        3,752
 76      8,025,382           99,576           95,120           112        4,344
95.53% (95,120B) (heap allocation functions) malloc/new/new[], --alloc-fns, etc.
->73.01% (72,704B) 0x4914939: ??? (in /usr/lib/x86_64-linux-gnu/libstdc++.so.6.0.30)
| ->73.01% (72,704B) 0x400647D: call_init.part.0 (dl-init.c:70)
|   ->73.01% (72,704B) 0x4006567: call_init (dl-init.c:33)
|     ->73.01% (72,704B) 0x4006567: _dl_init (dl-init.c:117)
|       ->73.01% (72,704B) 0x40202C9: ??? (in /usr/lib/x86_64-linux-gnu/ld-linux-x86-64.so.2)
|         ->73.01% (72,704B) 0x2: ???
|           ->73.01% (72,704B) 0x1FFF00039A: ???
|             ->73.01% (72,704B) 0x1FFF0003A1: ???
|               ->73.01% (72,704B) 0x1FFF0003A3: ???
|                 
->08.23% (8,192B) 0x10BD04: std::vector<float, std::allocator<float> >::vector(std::vector<float, std::allocator<float> > const&) (in /home/noname/Documents/project_tiny/Sort_on_FPGA/Version1/01_slt/main)
| ->04.11% (4,096B) 0x10A8CD: main (in /home/noname/Documents/project_tiny/Sort_on_FPGA/Version1/01_slt/main)
| | 
| ->04.11% (4,096B) 0x10A9CC: main (in /home/noname/Documents/project_tiny/Sort_on_FPGA/Version1/01_slt/main)
|   
->08.23% (8,192B) 0x497F023: std::basic_filebuf<char, std::char_traits<char> >::_M_allocate_internal_buffer() (in /usr/lib/x86_64-linux-gnu/libstdc++.so.6.0.30)
| ->08.23% (8,192B) 0x4983015: std::basic_filebuf<char, std::char_traits<char> >::open(char const*, std::_Ios_Openmode) (in /usr/lib/x86_64-linux-gnu/libstdc++.so.6.0.30)
|   ->08.23% (8,192B) 0x10C3B0: void WriteDataToFile_Dec<float>(std::vector<float, std::allocator<float> > const&, std::__cxx11::basic_string<char, std::char_traits<char>, std::allocator<char> > const&) (in /home/noname/Documents/project_tiny/Sort_on_FPGA/Version1/01_slt/main)
|   | ->08.23% (8,192B) 0x10AB33: main (in /home/noname/Documents/project_tiny/Sort_on_FPGA/Version1/01_slt/main)
|   |   
|   ->00.00% (0B) in 1+ places, all below ms_print's threshold (01.00%)
|   
->04.11% (4,096B) 0x10C802: void std::vector<float, std::allocator<float> >::_M_realloc_insert<float const&>(__gnu_cxx::__normal_iterator<float*, std::vector<float, std::allocator<float> > >, float const&) (in /home/noname/Documents/project_tiny/Sort_on_FPGA/Version1/01_slt/main)
| ->04.11% (4,096B) 0x10CADA: void ReadDataToFile_DEC<float>(std::__cxx11::basic_string<char, std::char_traits<char>, std::allocator<char> > const&, std::vector<float, std::allocator<float> >&) (in /home/noname/Documents/project_tiny/Sort_on_FPGA/Version1/01_slt/main)
|   ->04.11% (4,096B) 0x10A799: main (in /home/noname/Documents/project_tiny/Sort_on_FPGA/Version1/01_slt/main)
|     
->01.03% (1,024B) 0x4B34BA3: _IO_file_doallocate (filedoalloc.c:101)
| ->01.03% (1,024B) 0x4B43CDF: _IO_doallocbuf (genops.c:347)
|   ->01.03% (1,024B) 0x4B42F5F: _IO_file_overflow@@GLIBC_2.2.5 (fileops.c:744)
|     ->01.03% (1,024B) 0x4B416D4: _IO_new_file_xsputn (fileops.c:1243)
|       ->01.03% (1,024B) 0x4B416D4: _IO_file_xsputn@@GLIBC_2.2.5 (fileops.c:1196)
|         ->01.03% (1,024B) 0x4B2B14C: outstring_func (vfprintf-internal.c:239)
|           ->01.03% (1,024B) 0x4B2B14C: __vfprintf_internal (vfprintf-internal.c:1263)
|             ->01.03% (1,024B) 0x4BEACBA: __printf_chk (printf_chk.c:33)
|               ->01.03% (1,024B) 0x10CA1E: void ReadDataToFile_DEC<float>(std::__cxx11::basic_string<char, std::char_traits<char>, std::allocator<char> > const&, std::vector<float, std::allocator<float> >&) (in /home/noname/Documents/project_tiny/Sort_on_FPGA/Version1/01_slt/main)
|                 ->01.03% (1,024B) 0x10A799: main (in /home/noname/Documents/project_tiny/Sort_on_FPGA/Version1/01_slt/main)
|                   
->00.92% (912B) in 1+ places, all below ms_print's threshold (01.00%)

--------------------------------------------------------------------------------
  n        time(i)         total(B)   useful-heap(B) extra-heap(B)    stacks(B)
--------------------------------------------------------------------------------
 77      8,102,010           96,912           95,120           112        1,680
 78      8,178,678           99,432           95,120           112        4,200
 79      8,255,300           96,728           95,120           112        1,496
 80      8,331,931           99,544           95,120           112        4,312
 81      8,408,570           97,544           95,120           112        2,312
 82      8,485,203           99,512           95,120           112        4,280
 83      8,561,920           98,936           95,120           112        3,704
 84      8,638,786           98,984           95,120           112        3,752
 85      8,715,416           99,424           95,120           112        4,192
 86      8,792,041           96,728           95,120           112        1,496
98.34% (95,120B) (heap allocation functions) malloc/new/new[], --alloc-fns, etc.
->75.16% (72,704B) 0x4914939: ??? (in /usr/lib/x86_64-linux-gnu/libstdc++.so.6.0.30)
| ->75.16% (72,704B) 0x400647D: call_init.part.0 (dl-init.c:70)
|   ->75.16% (72,704B) 0x4006567: call_init (dl-init.c:33)
|     ->75.16% (72,704B) 0x4006567: _dl_init (dl-init.c:117)
|       ->75.16% (72,704B) 0x40202C9: ??? (in /usr/lib/x86_64-linux-gnu/ld-linux-x86-64.so.2)
|         ->75.16% (72,704B) 0x2: ???
|           ->75.16% (72,704B) 0x1FFF00039A: ???
|             ->75.16% (72,704B) 0x1FFF0003A1: ???
|               ->75.16% (72,704B) 0x1FFF0003A3: ???
|                 
->08.47% (8,192B) 0x10BD04: std::vector<float, std::allocator<float> >::vector(std::vector<float, std::allocator<float> > const&) (in /home/noname/Documents/project_tiny/Sort_on_FPGA/Version1/01_slt/main)
| ->04.23% (4,096B) 0x10A8CD: main (in /home/noname/Documents/project_tiny/Sort_on_FPGA/Version1/01_slt/main)
| | 
| ->04.23% (4,096B) 0x10A9CC: main (in /home/noname/Documents/project_tiny/Sort_on_FPGA/Version1/01_slt/main)
|   
->08.47% (8,192B) 0x497F023: std::basic_filebuf<char, std::char_traits<char> >::_M_allocate_internal_buffer() (in /usr/lib/x86_64-linux-gnu/libstdc++.so.6.0.30)
| ->08.47% (8,192B) 0x4983015: std::basic_filebuf<char, std::char_traits<char> >::open(char const*, std::_Ios_Openmode) (in /usr/lib/x86_64-linux-gnu/libstdc++.so.6.0.30)
|   ->08.47% (8,192B) 0x10C3B0: void WriteDataToFile_Dec<float>(std::vector<float, std::allocator<float> > const&, std::__cxx11::basic_string<char, std::char_traits<char>, std::allocator<char> > const&) (in /home/noname/Documents/project_tiny/Sort_on_FPGA/Version1/01_slt/main)
|   | ->08.47% (8,192B) 0x10AB33: main (in /home/noname/Documents/project_tiny/Sort_on_FPGA/Version1/01_slt/main)
|   |   
|   ->00.00% (0B) in 1+ places, all below ms_print's threshold (01.00%)
|   
->04.23% (4,096B) 0x10C802: void std::vector<float, std::allocator<float> >::_M_realloc_insert<float const&>(__gnu_cxx::__normal_iterator<float*, std::vector<float, std::allocator<float> > >, float const&) (in /home/noname/Documents/project_tiny/Sort_on_FPGA/Version1/01_slt/main)
| ->04.23% (4,096B) 0x10CADA: void ReadDataToFile_DEC<float>(std::__cxx11::basic_string<char, std::char_traits<char>, std::allocator<char> > const&, std::vector<float, std::allocator<float> >&) (in /home/noname/Documents/project_tiny/Sort_on_FPGA/Version1/01_slt/main)
|   ->04.23% (4,096B) 0x10A799: main (in /home/noname/Documents/project_tiny/Sort_on_FPGA/Version1/01_slt/main)
|     
->01.06% (1,024B) 0x4B34BA3: _IO_file_doallocate (filedoalloc.c:101)
| ->01.06% (1,024B) 0x4B43CDF: _IO_doallocbuf (genops.c:347)
|   ->01.06% (1,024B) 0x4B42F5F: _IO_file_overflow@@GLIBC_2.2.5 (fileops.c:744)
|     ->01.06% (1,024B) 0x4B416D4: _IO_new_file_xsputn (fileops.c:1243)
|       ->01.06% (1,024B) 0x4B416D4: _IO_file_xsputn@@GLIBC_2.2.5 (fileops.c:1196)
|         ->01.06% (1,024B) 0x4B2B14C: outstring_func (vfprintf-internal.c:239)
|           ->01.06% (1,024B) 0x4B2B14C: __vfprintf_internal (vfprintf-internal.c:1263)
|             ->01.06% (1,024B) 0x4BEACBA: __printf_chk (printf_chk.c:33)
|               ->01.06% (1,024B) 0x10CA1E: void ReadDataToFile_DEC<float>(std::__cxx11::basic_string<char, std::char_traits<char>, std::allocator<char> > const&, std::vector<float, std::allocator<float> >&) (in /home/noname/Documents/project_tiny/Sort_on_FPGA/Version1/01_slt/main)
|                 ->01.06% (1,024B) 0x10A799: main (in /home/noname/Documents/project_tiny/Sort_on_FPGA/Version1/01_slt/main)
|                   
->00.94% (912B) in 1+ places, all below ms_print's threshold (01.00%)

--------------------------------------------------------------------------------
  n        time(i)         total(B)   useful-heap(B) extra-heap(B)    stacks(B)
--------------------------------------------------------------------------------
 87      8,868,671           99,592           95,120           112        4,360
 88      8,945,297           98,928           95,120           112        3,696
 89      9,022,186           98,984           95,120           112        3,752
 90      9,098,813           99,576           95,120           112        4,344
