--------------------------------------------------------------------------------
Command:            ./main 2 3
Massif arguments:   --stacks=yes --massif-out-file=./Reports/ANALYSIS_DIR/checkmemory/Quicksort.out
ms_print arguments: ./Reports/ANALYSIS_DIR/checkmemory/Quicksort.out
--------------------------------------------------------------------------------


    KB
85.02^                                                                    @   
     |                                                     @::::::@#::::::@:::
     |                                                     @::::::@#::::::@:::
     |                                                   @:@::::::@#::::::@:::
     |                                                   @:@::::::@#::::::@:::
     |                                                   @:@::::::@#::::::@:::
     |                                                   @:@::::::@#::::::@:::
     |                                                   @:@::::::@#::::::@:::
     |                                                   @:@::::::@#::::::@:::
     |                                                   @:@::::::@#::::::@:::
     |                                                   @:@::::::@#::::::@:::
     |                                                   @:@::::::@#::::::@:::
     |                                                   @:@::::::@#::::::@:::
     |                                                   @:@::::::@#::::::@:::
     |                                                   @:@::::::@#::::::@:::
     |                                                   @:@::::::@#::::::@:::
     |                                                   @:@::::::@#::::::@:::
     |                                                   @:@::::::@#::::::@:::
     |                                                   @:@::::::@#::::::@:::
     |                                                   @:@::::::@#::::::@:::
   0 +----------------------------------------------------------------------->Mi
     0                                                                   3.153

Number of snapshots: 83
 Detailed snapshots: [1, 13, 17, 35, 47, 51, 52, 53, 63, 65, 66 (peak), 76]

--------------------------------------------------------------------------------
  n        time(i)         total(B)   useful-heap(B) extra-heap(B)    stacks(B)
--------------------------------------------------------------------------------
  0              0                0                0             0            0
  1         47,414              448                0             0          448
00.00% (0B) (heap allocation functions) malloc/new/new[], --alloc-fns, etc.

--------------------------------------------------------------------------------
  n        time(i)         total(B)   useful-heap(B) extra-heap(B)    stacks(B)
--------------------------------------------------------------------------------
  2        108,521            1,408                0             0        1,408
  3        170,062            1,864                0             0        1,864
  4        212,152            1,384                0             0        1,384
  5        263,731            1,952                0             0        1,952
  6        303,593            1,384                0             0        1,384
  7        353,838            1,864                0             0        1,864
  8        403,416            1,864                0             0        1,864
  9        440,193            1,952                0             0        1,952
 10        479,188            1,960                0             0        1,960
 11        528,246            1,864                0             0        1,864
 12        561,134            1,864                0             0        1,864
 13        618,663            1,608                0             0        1,608
00.00% (0B) (heap allocation functions) malloc/new/new[], --alloc-fns, etc.

--------------------------------------------------------------------------------
  n        time(i)         total(B)   useful-heap(B) extra-heap(B)    stacks(B)
--------------------------------------------------------------------------------
 14        685,589            1,608                0             0        1,608
 15        739,143            1,608                0             0        1,608
 16        772,612            1,864                0             0        1,864
 17        816,926            1,608                0             0        1,608
00.00% (0B) (heap allocation functions) malloc/new/new[], --alloc-fns, etc.

--------------------------------------------------------------------------------
  n        time(i)         total(B)   useful-heap(B) extra-heap(B)    stacks(B)
--------------------------------------------------------------------------------
 18        889,503            1,960                0             0        1,960
 19        947,073            1,864                0             0        1,864
 20        991,642            1,864                0             0        1,864
 21      1,035,619            1,864                0             0        1,864
 22      1,104,395            1,864                0             0        1,864
 23      1,154,420            1,384                0             0        1,384
 24      1,196,538            1,608                0             0        1,608
 25      1,245,219            1,448                0             0        1,448
 26      1,298,511            1,384                0             0        1,384
 27      1,334,034            1,960                0             0        1,960
 28      1,385,481            1,608                0             0        1,608
 29      1,426,809            1,864                0             0        1,864
 30      1,469,857            1,608                0             0        1,608
 31      1,526,308            1,864                0             0        1,864
 32      1,563,135            1,608                0             0        1,608
 33      1,625,022            1,704                0             0        1,704
 34      1,698,199            1,608                0             0        1,608
 35      1,760,060            1,608                0             0        1,608
00.00% (0B) (heap allocation functions) malloc/new/new[], --alloc-fns, etc.

--------------------------------------------------------------------------------
  n        time(i)         total(B)   useful-heap(B) extra-heap(B)    stacks(B)
--------------------------------------------------------------------------------
 36      1,805,835            1,608                0             0        1,608
 37      1,836,563            1,864                0             0        1,864
 38      1,897,515            1,704                0             0        1,704
 39      1,928,998            1,608                0             0        1,608
 40      1,989,944            1,384                0             0        1,384
 41      2,035,739            1,608                0             0        1,608
 42      2,096,495            1,864                0             0        1,864
 43      2,127,253            1,608                0             0        1,608
 44      2,172,834            1,608                0             0        1,608
 45      2,233,628            1,864                0             0        1,864
 46      2,294,692            1,608                0             0        1,608
 47      2,344,991           74,528           72,704             8        1,816
97.55% (72,704B) (heap allocation functions) malloc/new/new[], --alloc-fns, etc.
->97.55% (72,704B) 0x4914939: ??? (in /usr/lib/x86_64-linux-gnu/libstdc++.so.6.0.30)
  ->97.55% (72,704B) 0x400647D: call_init.part.0 (dl-init.c:70)
    ->97.55% (72,704B) 0x4006567: call_init (dl-init.c:33)
      ->97.55% (72,704B) 0x4006567: _dl_init (dl-init.c:117)
        ->97.55% (72,704B) 0x40202C9: ??? (in /usr/lib/x86_64-linux-gnu/ld-linux-x86-64.so.2)
          ->97.55% (72,704B) 0x2: ???
            ->97.55% (72,704B) 0x1FFF00039A: ???
              ->97.55% (72,704B) 0x1FFF0003A1: ???
                ->97.55% (72,704B) 0x1FFF0003A3: ???
                  
--------------------------------------------------------------------------------
  n        time(i)         total(B)   useful-heap(B) extra-heap(B)    stacks(B)
--------------------------------------------------------------------------------
 48      2,375,115           73,216           72,704             8          504
 49      2,421,115           74,496           72,704             8        1,784
 50      2,451,262           74,304           72,704             8        1,592
 51      2,453,756           75,400           72,725            27        2,648
96.45% (72,725B) (heap allocation functions) malloc/new/new[], --alloc-fns, etc.
->96.42% (72,704B) 0x4914939: ??? (in /usr/lib/x86_64-linux-gnu/libstdc++.so.6.0.30)
| ->96.42% (72,704B) 0x400647D: call_init.part.0 (dl-init.c:70)
|   ->96.42% (72,704B) 0x4006567: call_init (dl-init.c:33)
|     ->96.42% (72,704B) 0x4006567: _dl_init (dl-init.c:117)
|       ->96.42% (72,704B) 0x40202C9: ??? (in /usr/lib/x86_64-linux-gnu/ld-linux-x86-64.so.2)
|         ->96.42% (72,704B) 0x2: ???
|           ->96.42% (72,704B) 0x1FFF00039A: ???
|             ->96.42% (72,704B) 0x1FFF0003A1: ???
|               ->96.42% (72,704B) 0x1FFF0003A3: ???
|                 
->00.03% (21B) in 1+ places, all below ms_print's threshold (01.00%)

--------------------------------------------------------------------------------
  n        time(i)         total(B)   useful-heap(B) extra-heap(B)    stacks(B)
--------------------------------------------------------------------------------
 52      2,461,954           82,608           81,389            51        1,168
98.52% (81,389B) (heap allocation functions) malloc/new/new[], --alloc-fns, etc.
->88.01% (72,704B) 0x4914939: ??? (in /usr/lib/x86_64-linux-gnu/libstdc++.so.6.0.30)
| ->88.01% (72,704B) 0x400647D: call_init.part.0 (dl-init.c:70)
|   ->88.01% (72,704B) 0x4006567: call_init (dl-init.c:33)
|     ->88.01% (72,704B) 0x4006567: _dl_init (dl-init.c:117)
|       ->88.01% (72,704B) 0x40202C9: ??? (in /usr/lib/x86_64-linux-gnu/ld-linux-x86-64.so.2)
|         ->88.01% (72,704B) 0x2: ???
|           ->88.01% (72,704B) 0x1FFF00039A: ???
|             ->88.01% (72,704B) 0x1FFF0003A1: ???
|               ->88.01% (72,704B) 0x1FFF0003A3: ???
|                 
->09.92% (8,192B) 0x497F023: std::basic_filebuf<char, std::char_traits<char> >::_M_allocate_internal_buffer() (in /usr/lib/x86_64-linux-gnu/libstdc++.so.6.0.30)
| ->09.92% (8,192B) 0x4983015: std::basic_filebuf<char, std::char_traits<char> >::open(char const*, std::_Ios_Openmode) (in /usr/lib/x86_64-linux-gnu/libstdc++.so.6.0.30)
|   ->09.92% (8,192B) 0x10BD02: void ReadDataToFile_DEC<float>(std::__cxx11::basic_string<char, std::char_traits<char>, std::allocator<char> > const&, std::vector<float, std::allocator<float> >&) (in /home/noname/Documents/project_tiny/Sort_on_FPGA/Version1/01_slt/main)
|     ->09.92% (8,192B) 0x10A605: main (in /home/noname/Documents/project_tiny/Sort_on_FPGA/Version1/01_slt/main)
|       
->00.60% (493B) in 1+ places, all below ms_print's threshold (01.00%)

--------------------------------------------------------------------------------
  n        time(i)         total(B)   useful-heap(B) extra-heap(B)    stacks(B)
--------------------------------------------------------------------------------
 53      2,462,675           84,088           81,389            51        2,648
96.79% (81,389B) (heap allocation functions) malloc/new/new[], --alloc-fns, etc.
->86.46% (72,704B) 0x4914939: ??? (in /usr/lib/x86_64-linux-gnu/libstdc++.so.6.0.30)
| ->86.46% (72,704B) 0x400647D: call_init.part.0 (dl-init.c:70)
|   ->86.46% (72,704B) 0x4006567: call_init (dl-init.c:33)
|     ->86.46% (72,704B) 0x4006567: _dl_init (dl-init.c:117)
|       ->86.46% (72,704B) 0x40202C9: ??? (in /usr/lib/x86_64-linux-gnu/ld-linux-x86-64.so.2)
|         ->86.46% (72,704B) 0x2: ???
|           ->86.46% (72,704B) 0x1FFF00039A: ???
|             ->86.46% (72,704B) 0x1FFF0003A1: ???
|               ->86.46% (72,704B) 0x1FFF0003A3: ???
|                 
->09.74% (8,192B) 0x497F023: std::basic_filebuf<char, std::char_traits<char> >::_M_allocate_internal_buffer() (in /usr/lib/x86_64-linux-gnu/libstdc++.so.6.0.30)
| ->09.74% (8,192B) 0x4983015: std::basic_filebuf<char, std::char_traits<char> >::open(char const*, std::_Ios_Openmode) (in /usr/lib/x86_64-linux-gnu/libstdc++.so.6.0.30)
|   ->09.74% (8,192B) 0x10BD02: void ReadDataToFile_DEC<float>(std::__cxx11::basic_string<char, std::char_traits<char>, std::allocator<char> > const&, std::vector<float, std::allocator<float> >&) (in /home/noname/Documents/project_tiny/Sort_on_FPGA/Version1/01_slt/main)
|     ->09.74% (8,192B) 0x10A605: main (in /home/noname/Documents/project_tiny/Sort_on_FPGA/Version1/01_slt/main)
|       
->00.59% (493B) in 1+ places, all below ms_print's threshold (01.00%)

--------------------------------------------------------------------------------
  n        time(i)         total(B)   useful-heap(B) extra-heap(B)    stacks(B)
--------------------------------------------------------------------------------
 54      2,492,834           82,872           81,478            74        1,320
 55      2,523,068           83,400           81,574            74        1,752
 56      2,553,198           83,272           81,702            74        1,496
 57      2,583,437           83,240           81,702            74        1,464
 58      2,613,583           83,464           81,702            74        1,688
 59      2,643,719           83,472           81,958            74        1,440
 60      2,673,854           83,328           81,901            59        1,368
 61      2,704,067           83,496           81,958            74        1,464
 62      2,734,444           83,720           81,958            74        1,688
 63      2,764,597           83,072           81,901            59        1,112
98.59% (81,901B) (heap allocation functions) malloc/new/new[], --alloc-fns, etc.
->87.52% (72,704B) 0x4914939: ??? (in /usr/lib/x86_64-linux-gnu/libstdc++.so.6.0.30)
| ->87.52% (72,704B) 0x400647D: call_init.part.0 (dl-init.c:70)
|   ->87.52% (72,704B) 0x4006567: call_init (dl-init.c:33)
|     ->87.52% (72,704B) 0x4006567: _dl_init (dl-init.c:117)
|       ->87.52% (72,704B) 0x40202C9: ??? (in /usr/lib/x86_64-linux-gnu/ld-linux-x86-64.so.2)
|         ->87.52% (72,704B) 0x2: ???
|           ->87.52% (72,704B) 0x1FFF00039A: ???
|             ->87.52% (72,704B) 0x1FFF0003A1: ???
|               ->87.52% (72,704B) 0x1FFF0003A3: ???
|                 
->09.86% (8,192B) 0x497F023: std::basic_filebuf<char, std::char_traits<char> >::_M_allocate_internal_buffer() (in /usr/lib/x86_64-linux-gnu/libstdc++.so.6.0.30)
| ->09.86% (8,192B) 0x4983015: std::basic_filebuf<char, std::char_traits<char> >::open(char const*, std::_Ios_Openmode) (in /usr/lib/x86_64-linux-gnu/libstdc++.so.6.0.30)
|   ->09.86% (8,192B) 0x10BD02: void ReadDataToFile_DEC<float>(std::__cxx11::basic_string<char, std::char_traits<char>, std::allocator<char> > const&, std::vector<float, std::allocator<float> >&) (in /home/noname/Documents/project_tiny/Sort_on_FPGA/Version1/01_slt/main)
|     ->09.86% (8,192B) 0x10A605: main (in /home/noname/Documents/project_tiny/Sort_on_FPGA/Version1/01_slt/main)
|       
->01.21% (1,005B) in 4 places, all below massif's threshold (1.00%)
  
--------------------------------------------------------------------------------
  n        time(i)         total(B)   useful-heap(B) extra-heap(B)    stacks(B)
--------------------------------------------------------------------------------
 64      2,794,950           74,856           74,240            24          592
 65      2,820,683           85,720           82,940            68        2,712
96.76% (82,940B) (heap allocation functions) malloc/new/new[], --alloc-fns, etc.
->84.82% (72,704B) 0x4914939: ??? (in /usr/lib/x86_64-linux-gnu/libstdc++.so.6.0.30)
| ->84.82% (72,704B) 0x400647D: call_init.part.0 (dl-init.c:70)
|   ->84.82% (72,704B) 0x4006567: call_init (dl-init.c:33)
|     ->84.82% (72,704B) 0x4006567: _dl_init (dl-init.c:117)
|       ->84.82% (72,704B) 0x40202C9: ??? (in /usr/lib/x86_64-linux-gnu/ld-linux-x86-64.so.2)
|         ->84.82% (72,704B) 0x2: ???
|           ->84.82% (72,704B) 0x1FFF00039A: ???
|             ->84.82% (72,704B) 0x1FFF0003A1: ???
|               ->84.82% (72,704B) 0x1FFF0003A3: ???
|                 
->09.56% (8,192B) 0x497F023: std::basic_filebuf<char, std::char_traits<char> >::_M_allocate_internal_buffer() (in /usr/lib/x86_64-linux-gnu/libstdc++.so.6.0.30)
| ->09.56% (8,192B) 0x4983015: std::basic_filebuf<char, std::char_traits<char> >::open(char const*, std::_Ios_Openmode) (in /usr/lib/x86_64-linux-gnu/libstdc++.so.6.0.30)
|   ->09.56% (8,192B) 0x10B750: void WriteDataToFile_Dec<float>(std::vector<float, std::allocator<float> > const&, std::__cxx11::basic_string<char, std::char_traits<char>, std::allocator<char> > const&) (in /home/noname/Documents/project_tiny/Sort_on_FPGA/Version1/01_slt/main)
|   | ->09.56% (8,192B) 0x10A72C: main (in /home/noname/Documents/project_tiny/Sort_on_FPGA/Version1/01_slt/main)
|   |   
|   ->00.00% (0B) in 1+ places, all below ms_print's threshold (01.00%)
|   
->01.19% (1,024B) 0x4B34BA3: _IO_file_doallocate (filedoalloc.c:101)
| ->01.19% (1,024B) 0x4B43CDF: _IO_doallocbuf (genops.c:347)
|   ->01.19% (1,024B) 0x4B42F5F: _IO_file_overflow@@GLIBC_2.2.5 (fileops.c:744)
|     ->01.19% (1,024B) 0x4B416D4: _IO_new_file_xsputn (fileops.c:1243)
|       ->01.19% (1,024B) 0x4B416D4: _IO_file_xsputn@@GLIBC_2.2.5 (fileops.c:1196)
|         ->01.19% (1,024B) 0x4B2B14C: outstring_func (vfprintf-internal.c:239)
|           ->01.19% (1,024B) 0x4B2B14C: __vfprintf_internal (vfprintf-internal.c:1263)
|             ->01.19% (1,024B) 0x4BEACBA: __printf_chk (printf_chk.c:33)
|               ->01.19% (1,024B) 0x10BDBE: void ReadDataToFile_DEC<float>(std::__cxx11::basic_string<char, std::char_traits<char>, std::allocator<char> > const&, std::vector<float, std::allocator<float> >&) (in /home/noname/Documents/project_tiny/Sort_on_FPGA/Version1/01_slt/main)
|                 ->01.19% (1,024B) 0x10A605: main (in /home/noname/Documents/project_tiny/Sort_on_FPGA/Version1/01_slt/main)
|                   
->01.19% (1,020B) in 4 places, all below massif's threshold (1.00%)
  
--------------------------------------------------------------------------------
  n        time(i)         total(B)   useful-heap(B) extra-heap(B)    stacks(B)
--------------------------------------------------------------------------------
 66      2,823,485           86,776           82,940            68        3,768
95.58% (82,940B) (heap allocation functions) malloc/new/new[], --alloc-fns, etc.
->83.78% (72,704B) 0x4914939: ??? (in /usr/lib/x86_64-linux-gnu/libstdc++.so.6.0.30)
| ->83.78% (72,704B) 0x400647D: call_init.part.0 (dl-init.c:70)
|   ->83.78% (72,704B) 0x4006567: call_init (dl-init.c:33)
|     ->83.78% (72,704B) 0x4006567: _dl_init (dl-init.c:117)
|       ->83.78% (72,704B) 0x40202C9: ??? (in /usr/lib/x86_64-linux-gnu/ld-linux-x86-64.so.2)
|         ->83.78% (72,704B) 0x2: ???
|           ->83.78% (72,704B) 0x1FFF00039A: ???
|             ->83.78% (72,704B) 0x1FFF0003A1: ???
|               ->83.78% (72,704B) 0x1FFF0003A3: ???
|                 
->09.44% (8,192B) 0x497F023: std::basic_filebuf<char, std::char_traits<char> >::_M_allocate_internal_buffer() (in /usr/lib/x86_64-linux-gnu/libstdc++.so.6.0.30)
| ->09.44% (8,192B) 0x4983015: std::basic_filebuf<char, std::char_traits<char> >::open(char const*, std::_Ios_Openmode) (in /usr/lib/x86_64-linux-gnu/libstdc++.so.6.0.30)
|   ->09.44% (8,192B) 0x10B750: void WriteDataToFile_Dec<float>(std::vector<float, std::allocator<float> > const&, std::__cxx11::basic_string<char, std::char_traits<char>, std::allocator<char> > const&) (in /home/noname/Documents/project_tiny/Sort_on_FPGA/Version1/01_slt/main)
|   | ->09.44% (8,192B) 0x10A72C: main (in /home/noname/Documents/project_tiny/Sort_on_FPGA/Version1/01_slt/main)
|   |   
|   ->00.00% (0B) in 1+ places, all below ms_print's threshold (01.00%)
|   
->01.18% (1,024B) 0x4B34BA3: _IO_file_doallocate (filedoalloc.c:101)
| ->01.18% (1,024B) 0x4B43CDF: _IO_doallocbuf (genops.c:347)
|   ->01.18% (1,024B) 0x4B42F5F: _IO_file_overflow@@GLIBC_2.2.5 (fileops.c:744)
|     ->01.18% (1,024B) 0x4B416D4: _IO_new_file_xsputn (fileops.c:1243)
|       ->01.18% (1,024B) 0x4B416D4: _IO_file_xsputn@@GLIBC_2.2.5 (fileops.c:1196)
|         ->01.18% (1,024B) 0x4B2B14C: outstring_func (vfprintf-internal.c:239)
|           ->01.18% (1,024B) 0x4B2B14C: __vfprintf_internal (vfprintf-internal.c:1263)
|             ->01.18% (1,024B) 0x4BEACBA: __printf_chk (printf_chk.c:33)
|               ->01.18% (1,024B) 0x10BDBE: void ReadDataToFile_DEC<float>(std::__cxx11::basic_string<char, std::char_traits<char>, std::allocator<char> > const&, std::vector<float, std::allocator<float> >&) (in /home/noname/Documents/project_tiny/Sort_on_FPGA/Version1/01_slt/main)
|                 ->01.18% (1,024B) 0x10A605: main (in /home/noname/Documents/project_tiny/Sort_on_FPGA/Version1/01_slt/main)
|                   
->01.18% (1,020B) in 4 places, all below massif's threshold (1.00%)
  
--------------------------------------------------------------------------------
  n        time(i)         total(B)   useful-heap(B) extra-heap(B)    stacks(B)
--------------------------------------------------------------------------------
 67      2,853,622           86,920           82,940            68        3,912
 68      2,883,760           87,032           82,940            68        4,024
 69      2,913,898           87,032           82,940            68        4,024
 70      2,944,038           87,032           82,940            68        4,024
 71      2,974,163           87,032           82,940            68        4,024
 72      3,004,293           87,000           82,940            68        3,992
 73      3,034,431           84,680           82,940            68        1,672
 74      3,064,558           84,128           82,940            68        1,120
 75      3,094,800           86,424           82,940            68        3,416
 76      3,124,931           87,064           82,940            68        4,056
95.26% (82,940B) (heap allocation functions) malloc/new/new[], --alloc-fns, etc.
->83.51% (72,704B) 0x4914939: ??? (in /usr/lib/x86_64-linux-gnu/libstdc++.so.6.0.30)
| ->83.51% (72,704B) 0x400647D: call_init.part.0 (dl-init.c:70)
|   ->83.51% (72,704B) 0x4006567: call_init (dl-init.c:33)
|     ->83.51% (72,704B) 0x4006567: _dl_init (dl-init.c:117)
|       ->83.51% (72,704B) 0x40202C9: ??? (in /usr/lib/x86_64-linux-gnu/ld-linux-x86-64.so.2)
|         ->83.51% (72,704B) 0x2: ???
|           ->83.51% (72,704B) 0x1FFF00039A: ???
|             ->83.51% (72,704B) 0x1FFF0003A1: ???
|               ->83.51% (72,704B) 0x1FFF0003A3: ???
|                 
->09.41% (8,192B) 0x497F023: std::basic_filebuf<char, std::char_traits<char> >::_M_allocate_internal_buffer() (in /usr/lib/x86_64-linux-gnu/libstdc++.so.6.0.30)
| ->09.41% (8,192B) 0x4983015: std::basic_filebuf<char, std::char_traits<char> >::open(char const*, std::_Ios_Openmode) (in /usr/lib/x86_64-linux-gnu/libstdc++.so.6.0.30)
|   ->09.41% (8,192B) 0x10B750: void WriteDataToFile_Dec<float>(std::vector<float, std::allocator<float> > const&, std::__cxx11::basic_string<char, std::char_traits<char>, std::allocator<char> > const&) (in /home/noname/Documents/project_tiny/Sort_on_FPGA/Version1/01_slt/main)
|   | ->09.41% (8,192B) 0x10A72C: main (in /home/noname/Documents/project_tiny/Sort_on_FPGA/Version1/01_slt/main)
|   |   
|   ->00.00% (0B) in 1+ places, all below ms_print's threshold (01.00%)
|   
->01.18% (1,024B) 0x4B34BA3: _IO_file_doallocate (filedoalloc.c:101)
| ->01.18% (1,024B) 0x4B43CDF: _IO_doallocbuf (genops.c:347)
|   ->01.18% (1,024B) 0x4B42F5F: _IO_file_overflow@@GLIBC_2.2.5 (fileops.c:744)
|     ->01.18% (1,024B) 0x4B416D4: _IO_new_file_xsputn (fileops.c:1243)
|       ->01.18% (1,024B) 0x4B416D4: _IO_file_xsputn@@GLIBC_2.2.5 (fileops.c:1196)
|         ->01.18% (1,024B) 0x4B2B14C: outstring_func (vfprintf-internal.c:239)
|           ->01.18% (1,024B) 0x4B2B14C: __vfprintf_internal (vfprintf-internal.c:1263)
|             ->01.18% (1,024B) 0x4BEACBA: __printf_chk (printf_chk.c:33)
|               ->01.18% (1,024B) 0x10BDBE: void ReadDataToFile_DEC<float>(std::__cxx11::basic_string<char, std::char_traits<char>, std::allocator<char> > const&, std::vector<float, std::allocator<float> >&) (in /home/noname/Documents/project_tiny/Sort_on_FPGA/Version1/01_slt/main)
|                 ->01.18% (1,024B) 0x10A605: main (in /home/noname/Documents/project_tiny/Sort_on_FPGA/Version1/01_slt/main)
|                   
->01.17% (1,020B) in 4 places, all below massif's threshold (1.00%)
  
--------------------------------------------------------------------------------
  n        time(i)         total(B)   useful-heap(B) extra-heap(B)    stacks(B)
--------------------------------------------------------------------------------
 77      3,155,057           86,920           82,940            68        3,912
 78      3,185,196           87,032           82,940            68        4,024
 79      3,215,342           87,000           82,940            68        3,992
 80      3,245,470           87,032           82,940            68        4,024
 81      3,275,594           87,040           82,940            68        4,032
 82      3,305,752           86,168           82,940            68        3,160
