desc: --stacks=yes --massif-out-file=./Reports/ANALYSIS_DIR/checkmemory/QuickSort_1.out
cmd: ./main 2 3
time_unit: i
#-----------
snapshot=0
#-----------
time=0
mem_heap_B=0
mem_heap_extra_B=0
mem_stacks_B=0
heap_tree=empty
#-----------
snapshot=1
#-----------
time=170403
mem_heap_B=0
mem_heap_extra_B=0
mem_stacks_B=1864
heap_tree=empty
#-----------
snapshot=2
#-----------
time=348930
mem_heap_B=0
mem_heap_extra_B=0
mem_stacks_B=1384
heap_tree=empty
#-----------
snapshot=3
#-----------
time=479529
mem_heap_B=0
mem_heap_extra_B=0
mem_stacks_B=1960
heap_tree=empty
#-----------
snapshot=4
#-----------
time=619004
mem_heap_B=0
mem_heap_extra_B=0
mem_stacks_B=1608
heap_tree=detailed
n0: 0 (heap allocation functions) malloc/new/new[], --alloc-fns, etc.
#-----------
snapshot=5
#-----------
time=739484
mem_heap_B=0
mem_heap_extra_B=0
mem_stacks_B=1608
heap_tree=empty
#-----------
snapshot=6
#-----------
time=817267
mem_heap_B=0
mem_heap_extra_B=0
mem_stacks_B=1608
heap_tree=detailed
n0: 0 (heap allocation functions) malloc/new/new[], --alloc-fns, etc.
#-----------
snapshot=7
#-----------
time=947414
mem_heap_B=0
mem_heap_extra_B=0
mem_stacks_B=1864
heap_tree=empty
#-----------
snapshot=8
#-----------
time=1035960
mem_heap_B=0
mem_heap_extra_B=0
mem_stacks_B=1864
heap_tree=empty
#-----------
snapshot=9
#-----------
time=1154761
mem_heap_B=0
mem_heap_extra_B=0
mem_stacks_B=1384
heap_tree=empty
#-----------
snapshot=10
#-----------
time=1245560
mem_heap_B=0
mem_heap_extra_B=0
mem_stacks_B=1448
heap_tree=empty
#-----------
snapshot=11
#-----------
time=1385822
mem_heap_B=0
mem_heap_extra_B=0
mem_stacks_B=1608
heap_tree=empty
#-----------
snapshot=12
#-----------
time=1571885
mem_heap_B=0
mem_heap_extra_B=0
mem_stacks_B=1960
heap_tree=empty
#-----------
snapshot=13
#-----------
time=1694219
mem_heap_B=0
mem_heap_extra_B=0
mem_stacks_B=1608
heap_tree=empty
#-----------
snapshot=14
#-----------
time=1770840
mem_heap_B=0
mem_heap_extra_B=0
mem_stacks_B=1608
heap_tree=detailed
n0: 0 (heap allocation functions) malloc/new/new[], --alloc-fns, etc.
#-----------
snapshot=15
#-----------
time=1907708
mem_heap_B=0
mem_heap_extra_B=0
mem_stacks_B=1608
heap_tree=empty
#-----------
snapshot=16
#-----------
time=1985008
mem_heap_B=0
mem_heap_extra_B=0
mem_stacks_B=1608
heap_tree=empty
#-----------
snapshot=17
#-----------
time=2121860
mem_heap_B=0
mem_heap_extra_B=0
mem_stacks_B=1864
heap_tree=empty
#-----------
snapshot=18
#-----------
time=2227962
mem_heap_B=0
mem_heap_extra_B=0
mem_stacks_B=1384
heap_tree=detailed
n0: 0 (heap allocation functions) malloc/new/new[], --alloc-fns, etc.
#-----------
snapshot=19
#-----------
time=2380556
mem_heap_B=72704
mem_heap_extra_B=8
mem_stacks_B=504
heap_tree=empty
#-----------
snapshot=20
#-----------
time=2471079
mem_heap_B=81389
mem_heap_extra_B=51
mem_stacks_B=2968
heap_tree=detailed
n3: 81389 (heap allocation functions) malloc/new/new[], --alloc-fns, etc.
 n1: 72704 0x4914939: ??? (in /usr/lib/x86_64-linux-gnu/libstdc++.so.6.0.30)
  n1: 72704 0x400647D: call_init.part.0 (dl-init.c:70)
   n1: 72704 0x4006567: call_init (dl-init.c:33)
    n1: 72704 0x4006567: _dl_init (dl-init.c:117)
     n1: 72704 0x40202C9: ??? (in /usr/lib/x86_64-linux-gnu/ld-linux-x86-64.so.2)
      n1: 72704 0x2: ???
       n1: 72704 0x1FFF00039A: ???
        n1: 72704 0x1FFF0003A1: ???
         n0: 72704 0x1FFF0003A3: ???
 n1: 8192 0x497F023: std::basic_filebuf<char, std::char_traits<char> >::_M_allocate_internal_buffer() (in /usr/lib/x86_64-linux-gnu/libstdc++.so.6.0.30)
  n1: 8192 0x4983015: std::basic_filebuf<char, std::char_traits<char> >::open(char const*, std::_Ios_Openmode) (in /usr/lib/x86_64-linux-gnu/libstdc++.so.6.0.30)
   n1: 8192 0x10C962: void ReadDataToFile_DEC<float>(std::__cxx11::basic_string<char, std::char_traits<char>, std::allocator<char> > const&, std::vector<float, std::allocator<float> >&) (in /home/noname/Documents/project_tiny/Sort_on_FPGA/Version1/01_slt/main)
    n0: 8192 0x10A799: main (in /home/noname/Documents/project_tiny/Sort_on_FPGA/Version1/01_slt/main)
 n0: 493 in 2 places, all below massif's threshold (1.00%)
#-----------
snapshot=21
#-----------
time=2580664
mem_heap_B=81702
mem_heap_extra_B=74
mem_stacks_B=1608
heap_tree=empty
#-----------
snapshot=22
#-----------
time=2689436
mem_heap_B=81958
mem_heap_extra_B=74
mem_stacks_B=1760
heap_tree=empty
#-----------
snapshot=23
#-----------
time=2799009
mem_heap_B=82470
mem_heap_extra_B=74
mem_stacks_B=1752
heap_tree=empty
#-----------
snapshot=24
#-----------
time=2963635
mem_heap_B=82470
mem_heap_extra_B=74
mem_stacks_B=1608
heap_tree=empty
#-----------
snapshot=25
#-----------
time=3068665
mem_heap_B=84461
mem_heap_extra_B=67
mem_stacks_B=1472
heap_tree=detailed
n4: 84461 (heap allocation functions) malloc/new/new[], --alloc-fns, etc.
 n1: 72704 0x4914939: ??? (in /usr/lib/x86_64-linux-gnu/libstdc++.so.6.0.30)
  n1: 72704 0x400647D: call_init.part.0 (dl-init.c:70)
   n1: 72704 0x4006567: call_init (dl-init.c:33)
    n1: 72704 0x4006567: _dl_init (dl-init.c:117)
     n1: 72704 0x40202C9: ??? (in /usr/lib/x86_64-linux-gnu/ld-linux-x86-64.so.2)
      n1: 72704 0x2: ???
       n1: 72704 0x1FFF00039A: ???
        n1: 72704 0x1FFF0003A1: ???
         n0: 72704 0x1FFF0003A3: ???
 n1: 8192 0x497F023: std::basic_filebuf<char, std::char_traits<char> >::_M_allocate_internal_buffer() (in /usr/lib/x86_64-linux-gnu/libstdc++.so.6.0.30)
  n1: 8192 0x4983015: std::basic_filebuf<char, std::char_traits<char> >::open(char const*, std::_Ios_Openmode) (in /usr/lib/x86_64-linux-gnu/libstdc++.so.6.0.30)
   n1: 8192 0x10C962: void ReadDataToFile_DEC<float>(std::__cxx11::basic_string<char, std::char_traits<char>, std::allocator<char> > const&, std::vector<float, std::allocator<float> >&) (in /home/noname/Documents/project_tiny/Sort_on_FPGA/Version1/01_slt/main)
    n0: 8192 0x10A799: main (in /home/noname/Documents/project_tiny/Sort_on_FPGA/Version1/01_slt/main)
 n1: 3072 0x10C802: void std::vector<float, std::allocator<float> >::_M_realloc_insert<float const&>(__gnu_cxx::__normal_iterator<float*, std::vector<float, std::allocator<float> > >, float const&) (in /home/noname/Documents/project_tiny/Sort_on_FPGA/Version1/01_slt/main)
  n1: 3072 0x10CADA: void ReadDataToFile_DEC<float>(std::__cxx11::basic_string<char, std::char_traits<char>, std::allocator<char> > const&, std::vector<float, std::allocator<float> >&) (in /home/noname/Documents/project_tiny/Sort_on_FPGA/Version1/01_slt/main)
   n0: 3072 0x10A799: main (in /home/noname/Documents/project_tiny/Sort_on_FPGA/Version1/01_slt/main)
 n0: 493 in 3 places, all below massif's threshold (1.00%)
#-----------
snapshot=26
#-----------
time=3205349
mem_heap_B=83494
mem_heap_extra_B=74
mem_stacks_B=1608
heap_tree=empty
#-----------
snapshot=27
#-----------
time=3341388
mem_heap_B=83494
mem_heap_extra_B=74
mem_stacks_B=1752
heap_tree=detailed
n4: 83494 (heap allocation functions) malloc/new/new[], --alloc-fns, etc.
 n1: 72704 0x4914939: ??? (in /usr/lib/x86_64-linux-gnu/libstdc++.so.6.0.30)
  n1: 72704 0x400647D: call_init.part.0 (dl-init.c:70)
   n1: 72704 0x4006567: call_init (dl-init.c:33)
    n1: 72704 0x4006567: _dl_init (dl-init.c:117)
     n1: 72704 0x40202C9: ??? (in /usr/lib/x86_64-linux-gnu/ld-linux-x86-64.so.2)
      n1: 72704 0x2: ???
       n1: 72704 0x1FFF00039A: ???
        n1: 72704 0x1FFF0003A1: ???
         n0: 72704 0x1FFF0003A3: ???
 n1: 8192 0x497F023: std::basic_filebuf<char, std::char_traits<char> >::_M_allocate_internal_buffer() (in /usr/lib/x86_64-linux-gnu/libstdc++.so.6.0.30)
  n1: 8192 0x4983015: std::basic_filebuf<char, std::char_traits<char> >::open(char const*, std::_Ios_Openmode) (in /usr/lib/x86_64-linux-gnu/libstdc++.so.6.0.30)
   n1: 8192 0x10C962: void ReadDataToFile_DEC<float>(std::__cxx11::basic_string<char, std::char_traits<char>, std::allocator<char> > const&, std::vector<float, std::allocator<float> >&) (in /home/noname/Documents/project_tiny/Sort_on_FPGA/Version1/01_slt/main)
    n0: 8192 0x10A799: main (in /home/noname/Documents/project_tiny/Sort_on_FPGA/Version1/01_slt/main)
 n1: 2048 0x10C802: void std::vector<float, std::allocator<float> >::_M_realloc_insert<float const&>(__gnu_cxx::__normal_iterator<float*, std::vector<float, std::allocator<float> > >, float const&) (in /home/noname/Documents/project_tiny/Sort_on_FPGA/Version1/01_slt/main)
  n1: 2048 0x10CADA: void ReadDataToFile_DEC<float>(std::__cxx11::basic_string<char, std::char_traits<char>, std::allocator<char> > const&, std::vector<float, std::allocator<float> >&) (in /home/noname/Documents/project_tiny/Sort_on_FPGA/Version1/01_slt/main)
   n0: 2048 0x10A799: main (in /home/noname/Documents/project_tiny/Sort_on_FPGA/Version1/01_slt/main)
 n0: 550 in 3 places, all below massif's threshold (1.00%)
#-----------
snapshot=28
#-----------
time=3423761
mem_heap_B=83494
mem_heap_extra_B=74
mem_stacks_B=1608
heap_tree=empty
#-----------
snapshot=29
#-----------
time=3560892
mem_heap_B=83494
mem_heap_extra_B=74
mem_stacks_B=1752
heap_tree=empty
#-----------
snapshot=30
#-----------
time=3703443
mem_heap_B=85542
mem_heap_extra_B=74
mem_stacks_B=1976
heap_tree=empty
#-----------
snapshot=31
#-----------
time=3853570
mem_heap_B=85542
mem_heap_extra_B=74
mem_stacks_B=1544
heap_tree=empty
#-----------
snapshot=32
#-----------
time=3953661
mem_heap_B=85542
mem_heap_extra_B=74
mem_stacks_B=1776
heap_tree=empty
#-----------
snapshot=33
#-----------
time=4054204
mem_heap_B=85542
mem_heap_extra_B=74
mem_stacks_B=1608
heap_tree=empty
#-----------
snapshot=34
#-----------
time=4154298
mem_heap_B=85542
mem_heap_extra_B=74
mem_stacks_B=1968
heap_tree=detailed
n4: 85542 (heap allocation functions) malloc/new/new[], --alloc-fns, etc.
 n1: 72704 0x4914939: ??? (in /usr/lib/x86_64-linux-gnu/libstdc++.so.6.0.30)
  n1: 72704 0x400647D: call_init.part.0 (dl-init.c:70)
   n1: 72704 0x4006567: call_init (dl-init.c:33)
    n1: 72704 0x4006567: _dl_init (dl-init.c:117)
     n1: 72704 0x40202C9: ??? (in /usr/lib/x86_64-linux-gnu/ld-linux-x86-64.so.2)
      n1: 72704 0x2: ???
       n1: 72704 0x1FFF00039A: ???
        n1: 72704 0x1FFF0003A1: ???
         n0: 72704 0x1FFF0003A3: ???
 n1: 8192 0x497F023: std::basic_filebuf<char, std::char_traits<char> >::_M_allocate_internal_buffer() (in /usr/lib/x86_64-linux-gnu/libstdc++.so.6.0.30)
  n1: 8192 0x4983015: std::basic_filebuf<char, std::char_traits<char> >::open(char const*, std::_Ios_Openmode) (in /usr/lib/x86_64-linux-gnu/libstdc++.so.6.0.30)
   n1: 8192 0x10C962: void ReadDataToFile_DEC<float>(std::__cxx11::basic_string<char, std::char_traits<char>, std::allocator<char> > const&, std::vector<float, std::allocator<float> >&) (in /home/noname/Documents/project_tiny/Sort_on_FPGA/Version1/01_slt/main)
    n0: 8192 0x10A799: main (in /home/noname/Documents/project_tiny/Sort_on_FPGA/Version1/01_slt/main)
 n1: 4096 0x10C802: void std::vector<float, std::allocator<float> >::_M_realloc_insert<float const&>(__gnu_cxx::__normal_iterator<float*, std::vector<float, std::allocator<float> > >, float const&) (in /home/noname/Documents/project_tiny/Sort_on_FPGA/Version1/01_slt/main)
  n1: 4096 0x10CADA: void ReadDataToFile_DEC<float>(std::__cxx11::basic_string<char, std::char_traits<char>, std::allocator<char> > const&, std::vector<float, std::allocator<float> >&) (in /home/noname/Documents/project_tiny/Sort_on_FPGA/Version1/01_slt/main)
   n0: 4096 0x10A799: main (in /home/noname/Documents/project_tiny/Sort_on_FPGA/Version1/01_slt/main)
 n0: 550 in 3 places, all below massif's threshold (1.00%)
#-----------
snapshot=35
#-----------
time=4254427
mem_heap_B=85542
mem_heap_extra_B=74
mem_stacks_B=1544
heap_tree=empty
#-----------
snapshot=36
#-----------
time=4354500
mem_heap_B=85542
mem_heap_extra_B=74
mem_stacks_B=1640
heap_tree=empty
#-----------
snapshot=37
#-----------
time=4504682
mem_heap_B=85542
mem_heap_extra_B=74
mem_stacks_B=2040
heap_tree=empty
#-----------
snapshot=38
#-----------
time=4604957
mem_heap_B=85542
mem_heap_extra_B=74
mem_stacks_B=1976
heap_tree=empty
#-----------
snapshot=39
#-----------
time=4755360
mem_heap_B=85542
mem_heap_extra_B=74
mem_stacks_B=1976
heap_tree=empty
#-----------
snapshot=40
#-----------
time=4856001
mem_heap_B=82016
mem_heap_extra_B=40
mem_stacks_B=864
heap_tree=empty
#-----------
snapshot=41
#-----------
time=5012060
mem_heap_B=82016
mem_heap_extra_B=40
mem_stacks_B=728
heap_tree=empty
#-----------
snapshot=42
#-----------
time=5114260
mem_heap_B=86208
mem_heap_extra_B=48
mem_stacks_B=960
heap_tree=empty
#-----------
snapshot=43
#-----------
time=5305592
mem_heap_B=95120
mem_heap_extra_B=112
mem_stacks_B=4056
heap_tree=peak
n6: 95120 (heap allocation functions) malloc/new/new[], --alloc-fns, etc.
 n1: 72704 0x4914939: ??? (in /usr/lib/x86_64-linux-gnu/libstdc++.so.6.0.30)
  n1: 72704 0x400647D: call_init.part.0 (dl-init.c:70)
   n1: 72704 0x4006567: call_init (dl-init.c:33)
    n1: 72704 0x4006567: _dl_init (dl-init.c:117)
     n1: 72704 0x40202C9: ??? (in /usr/lib/x86_64-linux-gnu/ld-linux-x86-64.so.2)
      n1: 72704 0x2: ???
       n1: 72704 0x1FFF00039A: ???
        n1: 72704 0x1FFF0003A1: ???
         n0: 72704 0x1FFF0003A3: ???
 n2: 8192 0x10BD04: std::vector<float, std::allocator<float> >::vector(std::vector<float, std::allocator<float> > const&) (in /home/noname/Documents/project_tiny/Sort_on_FPGA/Version1/01_slt/main)
  n0: 4096 0x10A8CD: main (in /home/noname/Documents/project_tiny/Sort_on_FPGA/Version1/01_slt/main)
  n0: 4096 0x10A9CC: main (in /home/noname/Documents/project_tiny/Sort_on_FPGA/Version1/01_slt/main)
 n1: 8192 0x497F023: std::basic_filebuf<char, std::char_traits<char> >::_M_allocate_internal_buffer() (in /usr/lib/x86_64-linux-gnu/libstdc++.so.6.0.30)
  n2: 8192 0x4983015: std::basic_filebuf<char, std::char_traits<char> >::open(char const*, std::_Ios_Openmode) (in /usr/lib/x86_64-linux-gnu/libstdc++.so.6.0.30)
   n1: 8192 0x10C3B0: void WriteDataToFile_Dec<float>(std::vector<float, std::allocator<float> > const&, std::__cxx11::basic_string<char, std::char_traits<char>, std::allocator<char> > const&) (in /home/noname/Documents/project_tiny/Sort_on_FPGA/Version1/01_slt/main)
    n0: 8192 0x10AB33: main (in /home/noname/Documents/project_tiny/Sort_on_FPGA/Version1/01_slt/main)
   n0: 0 in 1 place, below massif's threshold (1.00%)
 n1: 4096 0x10C802: void std::vector<float, std::allocator<float> >::_M_realloc_insert<float const&>(__gnu_cxx::__normal_iterator<float*, std::vector<float, std::allocator<float> > >, float const&) (in /home/noname/Documents/project_tiny/Sort_on_FPGA/Version1/01_slt/main)
  n1: 4096 0x10CADA: void ReadDataToFile_DEC<float>(std::__cxx11::basic_string<char, std::char_traits<char>, std::allocator<char> > const&, std::vector<float, std::allocator<float> >&) (in /home/noname/Documents/project_tiny/Sort_on_FPGA/Version1/01_slt/main)
   n0: 4096 0x10A799: main (in /home/noname/Documents/project_tiny/Sort_on_FPGA/Version1/01_slt/main)
 n1: 1024 0x4B34BA3: _IO_file_doallocate (filedoalloc.c:101)
  n1: 1024 0x4B43CDF: _IO_doallocbuf (genops.c:347)
   n1: 1024 0x4B42F5F: _IO_file_overflow@@GLIBC_2.2.5 (fileops.c:744)
    n1: 1024 0x4B416D4: _IO_new_file_xsputn (fileops.c:1243)
     n1: 1024 0x4B416D4: _IO_file_xsputn@@GLIBC_2.2.5 (fileops.c:1196)
      n1: 1024 0x4B2B14C: outstring_func (vfprintf-internal.c:239)
       n1: 1024 0x4B2B14C: __vfprintf_internal (vfprintf-internal.c:1263)
        n1: 1024 0x4BEACBA: __printf_chk (printf_chk.c:33)
         n1: 1024 0x10CA1E: void ReadDataToFile_DEC<float>(std::__cxx11::basic_string<char, std::char_traits<char>, std::allocator<char> > const&, std::vector<float, std::allocator<float> >&) (in /home/noname/Documents/project_tiny/Sort_on_FPGA/Version1/01_slt/main)
          n0: 1024 0x10A799: main (in /home/noname/Documents/project_tiny/Sort_on_FPGA/Version1/01_slt/main)
 n0: 912 in 5 places, all below massif's threshold (1.00%)
#-----------
snapshot=44
#-----------
time=5455683
mem_heap_B=95120
mem_heap_extra_B=112
mem_stacks_B=1312
heap_tree=empty
#-----------
snapshot=45
#-----------
time=5555787
mem_heap_B=95120
mem_heap_extra_B=112
mem_stacks_B=4280
heap_tree=empty
#-----------
snapshot=46
#-----------
time=5655851
mem_heap_B=95120
mem_heap_extra_B=112
mem_stacks_B=4312
heap_tree=empty
#-----------
snapshot=47
#-----------
time=5755915
mem_heap_B=95120
mem_heap_extra_B=112
mem_stacks_B=4200
heap_tree=empty
#-----------
snapshot=48
#-----------
time=5856050
mem_heap_B=95120
mem_heap_extra_B=112
mem_stacks_B=3704
heap_tree=empty
#-----------
snapshot=49
#-----------
time=5956122
mem_heap_B=95120
mem_heap_extra_B=112
mem_stacks_B=1400
heap_tree=empty
#-----------
snapshot=50
#-----------
time=6032752
mem_heap_B=95120
mem_heap_extra_B=112
mem_stacks_B=4312
heap_tree=empty
#-----------
snapshot=51
#-----------
time=6109388
mem_heap_B=95120
mem_heap_extra_B=112
mem_stacks_B=3704
heap_tree=empty
#-----------
snapshot=52
#-----------
time=6186014
mem_heap_B=95120
mem_heap_extra_B=112
mem_stacks_B=4360
heap_tree=empty
#-----------
snapshot=53
#-----------
time=6262637
mem_heap_B=95120
mem_heap_extra_B=112
mem_stacks_B=4144
heap_tree=empty
#-----------
snapshot=54
#-----------
time=6339266
mem_heap_B=95120
mem_heap_extra_B=112
mem_stacks_B=4360
heap_tree=empty
#-----------
snapshot=55
#-----------
time=6415997
mem_heap_B=95120
mem_heap_extra_B=112
mem_stacks_B=4200
heap_tree=empty
#-----------
snapshot=56
#-----------
time=6492621
mem_heap_B=95120
mem_heap_extra_B=112
mem_stacks_B=1904
heap_tree=detailed
n6: 95120 (heap allocation functions) malloc/new/new[], --alloc-fns, etc.
 n1: 72704 0x4914939: ??? (in /usr/lib/x86_64-linux-gnu/libstdc++.so.6.0.30)
  n1: 72704 0x400647D: call_init.part.0 (dl-init.c:70)
   n1: 72704 0x4006567: call_init (dl-init.c:33)
    n1: 72704 0x4006567: _dl_init (dl-init.c:117)
     n1: 72704 0x40202C9: ??? (in /usr/lib/x86_64-linux-gnu/ld-linux-x86-64.so.2)
      n1: 72704 0x2: ???
       n1: 72704 0x1FFF00039A: ???
        n1: 72704 0x1FFF0003A1: ???
         n0: 72704 0x1FFF0003A3: ???
 n2: 8192 0x10BD04: std::vector<float, std::allocator<float> >::vector(std::vector<float, std::allocator<float> > const&) (in /home/noname/Documents/project_tiny/Sort_on_FPGA/Version1/01_slt/main)
  n0: 4096 0x10A8CD: main (in /home/noname/Documents/project_tiny/Sort_on_FPGA/Version1/01_slt/main)
  n0: 4096 0x10A9CC: main (in /home/noname/Documents/project_tiny/Sort_on_FPGA/Version1/01_slt/main)
 n1: 8192 0x497F023: std::basic_filebuf<char, std::char_traits<char> >::_M_allocate_internal_buffer() (in /usr/lib/x86_64-linux-gnu/libstdc++.so.6.0.30)
  n2: 8192 0x4983015: std::basic_filebuf<char, std::char_traits<char> >::open(char const*, std::_Ios_Openmode) (in /usr/lib/x86_64-linux-gnu/libstdc++.so.6.0.30)
   n1: 8192 0x10C3B0: void WriteDataToFile_Dec<float>(std::vector<float, std::allocator<float> > const&, std::__cxx11::basic_string<char, std::char_traits<char>, std::allocator<char> > const&) (in /home/noname/Documents/project_tiny/Sort_on_FPGA/Version1/01_slt/main)
    n0: 8192 0x10AB33: main (in /home/noname/Documents/project_tiny/Sort_on_FPGA/Version1/01_slt/main)
   n0: 0 in 1 place, below massif's threshold (1.00%)
 n1: 4096 0x10C802: void std::vector<float, std::allocator<float> >::_M_realloc_insert<float const&>(__gnu_cxx::__normal_iterator<float*, std::vector<float, std::allocator<float> > >, float const&) (in /home/noname/Documents/project_tiny/Sort_on_FPGA/Version1/01_slt/main)
  n1: 4096 0x10CADA: void ReadDataToFile_DEC<float>(std::__cxx11::basic_string<char, std::char_traits<char>, std::allocator<char> > const&, std::vector<float, std::allocator<float> >&) (in /home/noname/Documents/project_tiny/Sort_on_FPGA/Version1/01_slt/main)
   n0: 4096 0x10A799: main (in /home/noname/Documents/project_tiny/Sort_on_FPGA/Version1/01_slt/main)
 n1: 1024 0x4B34BA3: _IO_file_doallocate (filedoalloc.c:101)
  n1: 1024 0x4B43CDF: _IO_doallocbuf (genops.c:347)
   n1: 1024 0x4B42F5F: _IO_file_overflow@@GLIBC_2.2.5 (fileops.c:744)
    n1: 1024 0x4B416D4: _IO_new_file_xsputn (fileops.c:1243)
     n1: 1024 0x4B416D4: _IO_file_xsputn@@GLIBC_2.2.5 (fileops.c:1196)
      n1: 1024 0x4B2B14C: outstring_func (vfprintf-internal.c:239)
       n1: 1024 0x4B2B14C: __vfprintf_internal (vfprintf-internal.c:1263)
        n1: 1024 0x4BEACBA: __printf_chk (printf_chk.c:33)
         n1: 1024 0x10CA1E: void ReadDataToFile_DEC<float>(std::__cxx11::basic_string<char, std::char_traits<char>, std::allocator<char> > const&, std::vector<float, std::allocator<float> >&) (in /home/noname/Documents/project_tiny/Sort_on_FPGA/Version1/01_slt/main)
          n0: 1024 0x10A799: main (in /home/noname/Documents/project_tiny/Sort_on_FPGA/Version1/01_slt/main)
 n0: 912 in 5 places, all below massif's threshold (1.00%)
#-----------
snapshot=57
#-----------
time=6569255
mem_heap_B=95120
mem_heap_extra_B=112
mem_stacks_B=4200
heap_tree=empty
#-----------
snapshot=58
#-----------
time=6645877
mem_heap_B=95120
mem_heap_extra_B=112
mem_stacks_B=1448
heap_tree=empty
#-----------
snapshot=59
#-----------
time=6722508
mem_heap_B=95120
mem_heap_extra_B=112
mem_stacks_B=4360
heap_tree=empty
#-----------
snapshot=60
#-----------
time=6799144
mem_heap_B=95120
mem_heap_extra_B=112
mem_stacks_B=3704
heap_tree=empty
#-----------
snapshot=61
#-----------
time=6875767
mem_heap_B=95120
mem_heap_extra_B=112
mem_stacks_B=4304
heap_tree=empty
#-----------
snapshot=62
#-----------
time=6952457
mem_heap_B=95120
mem_heap_extra_B=112
mem_stacks_B=4200
heap_tree=empty
#-----------
snapshot=63
#-----------
time=7029094
mem_heap_B=95120
mem_heap_extra_B=112
mem_stacks_B=3704
heap_tree=empty
#-----------
snapshot=64
#-----------
time=7105717
mem_heap_B=95120
mem_heap_extra_B=112
mem_stacks_B=4192
heap_tree=empty
#-----------
snapshot=65
#-----------
time=7182338
mem_heap_B=95120
mem_heap_extra_B=112
mem_stacks_B=1736
heap_tree=empty
#-----------
snapshot=66
#-----------
time=7258973
mem_heap_B=95120
mem_heap_extra_B=112
mem_stacks_B=4312
heap_tree=detailed
n6: 95120 (heap allocation functions) malloc/new/new[], --alloc-fns, etc.
 n1: 72704 0x4914939: ??? (in /usr/lib/x86_64-linux-gnu/libstdc++.so.6.0.30)
  n1: 72704 0x400647D: call_init.part.0 (dl-init.c:70)
   n1: 72704 0x4006567: call_init (dl-init.c:33)
    n1: 72704 0x4006567: _dl_init (dl-init.c:117)
     n1: 72704 0x40202C9: ??? (in /usr/lib/x86_64-linux-gnu/ld-linux-x86-64.so.2)
      n1: 72704 0x2: ???
       n1: 72704 0x1FFF00039A: ???
        n1: 72704 0x1FFF0003A1: ???
         n0: 72704 0x1FFF0003A3: ???
 n2: 8192 0x10BD04: std::vector<float, std::allocator<float> >::vector(std::vector<float, std::allocator<float> > const&) (in /home/noname/Documents/project_tiny/Sort_on_FPGA/Version1/01_slt/main)
  n0: 4096 0x10A8CD: main (in /home/noname/Documents/project_tiny/Sort_on_FPGA/Version1/01_slt/main)
  n0: 4096 0x10A9CC: main (in /home/noname/Documents/project_tiny/Sort_on_FPGA/Version1/01_slt/main)
 n1: 8192 0x497F023: std::basic_filebuf<char, std::char_traits<char> >::_M_allocate_internal_buffer() (in /usr/lib/x86_64-linux-gnu/libstdc++.so.6.0.30)
  n2: 8192 0x4983015: std::basic_filebuf<char, std::char_traits<char> >::open(char const*, std::_Ios_Openmode) (in /usr/lib/x86_64-linux-gnu/libstdc++.so.6.0.30)
   n1: 8192 0x10C3B0: void WriteDataToFile_Dec<float>(std::vector<float, std::allocator<float> > const&, std::__cxx11::basic_string<char, std::char_traits<char>, std::allocator<char> > const&) (in /home/noname/Documents/project_tiny/Sort_on_FPGA/Version1/01_slt/main)
    n0: 8192 0x10AB33: main (in /home/noname/Documents/project_tiny/Sort_on_FPGA/Version1/01_slt/main)
   n0: 0 in 1 place, below massif's threshold (1.00%)
 n1: 4096 0x10C802: void std::vector<float, std::allocator<float> >::_M_realloc_insert<float const&>(__gnu_cxx::__normal_iterator<float*, std::vector<float, std::allocator<float> > >, float const&) (in /home/noname/Documents/project_tiny/Sort_on_FPGA/Version1/01_slt/main)
  n1: 4096 0x10CADA: void ReadDataToFile_DEC<float>(std::__cxx11::basic_string<char, std::char_traits<char>, std::allocator<char> > const&, std::vector<float, std::allocator<float> >&) (in /home/noname/Documents/project_tiny/Sort_on_FPGA/Version1/01_slt/main)
   n0: 4096 0x10A799: main (in /home/noname/Documents/project_tiny/Sort_on_FPGA/Version1/01_slt/main)
 n1: 1024 0x4B34BA3: _IO_file_doallocate (filedoalloc.c:101)
  n1: 1024 0x4B43CDF: _IO_doallocbuf (genops.c:347)
   n1: 1024 0x4B42F5F: _IO_file_overflow@@GLIBC_2.2.5 (fileops.c:744)
    n1: 1024 0x4B416D4: _IO_new_file_xsputn (fileops.c:1243)
     n1: 1024 0x4B416D4: _IO_file_xsputn@@GLIBC_2.2.5 (fileops.c:1196)
      n1: 1024 0x4B2B14C: outstring_func (vfprintf-internal.c:239)
       n1: 1024 0x4B2B14C: __vfprintf_internal (vfprintf-internal.c:1263)
        n1: 1024 0x4BEACBA: __printf_chk (printf_chk.c:33)
         n1: 1024 0x10CA1E: void ReadDataToFile_DEC<float>(std::__cxx11::basic_string<char, std::char_traits<char>, std::allocator<char> > const&, std::vector<float, std::allocator<float> >&) (in /home/noname/Documents/project_tiny/Sort_on_FPGA/Version1/01_slt/main)
          n0: 1024 0x10A799: main (in /home/noname/Documents/project_tiny/Sort_on_FPGA/Version1/01_slt/main)
 n0: 912 in 5 places, all below massif's threshold (1.00%)
#-----------
snapshot=67
#-----------
time=7335595
mem_heap_B=95120
mem_heap_extra_B=112
mem_stacks_B=1440
heap_tree=empty
#-----------
snapshot=68
#-----------
time=7412241
mem_heap_B=95120
mem_heap_extra_B=112
mem_stacks_B=4280
heap_tree=empty
#-----------
snapshot=69
#-----------
time=7488863
mem_heap_B=95120
mem_heap_extra_B=112
mem_stacks_B=1440
heap_tree=empty
#-----------
snapshot=70
#-----------
time=7565496
mem_heap_B=95120
mem_heap_extra_B=112
mem_stacks_B=4200
heap_tree=empty
#-----------
snapshot=71
#-----------
time=7642122
mem_heap_B=95120
mem_heap_extra_B=112
mem_stacks_B=1624
heap_tree=empty
#-----------
snapshot=72
#-----------
time=7718754
mem_heap_B=95120
mem_heap_extra_B=112
mem_stacks_B=4360
heap_tree=empty
#-----------
snapshot=73
#-----------
time=7795379
mem_heap_B=95120
mem_heap_extra_B=112
mem_stacks_B=4280
heap_tree=empty
#-----------
snapshot=74
#-----------
time=7872116
mem_heap_B=95120
mem_heap_extra_B=112
mem_stacks_B=4200
heap_tree=empty
#-----------
snapshot=75
#-----------
time=7948749
mem_heap_B=95120
mem_heap_extra_B=112
mem_stacks_B=3752
heap_tree=empty
#-----------
snapshot=76
#-----------
time=8025382
mem_heap_B=95120
mem_heap_extra_B=112
mem_stacks_B=4344
heap_tree=detailed
n6: 95120 (heap allocation functions) malloc/new/new[], --alloc-fns, etc.
 n1: 72704 0x4914939: ??? (in /usr/lib/x86_64-linux-gnu/libstdc++.so.6.0.30)
  n1: 72704 0x400647D: call_init.part.0 (dl-init.c:70)
   n1: 72704 0x4006567: call_init (dl-init.c:33)
    n1: 72704 0x4006567: _dl_init (dl-init.c:117)
     n1: 72704 0x40202C9: ??? (in /usr/lib/x86_64-linux-gnu/ld-linux-x86-64.so.2)
      n1: 72704 0x2: ???
       n1: 72704 0x1FFF00039A: ???
        n1: 72704 0x1FFF0003A1: ???
         n0: 72704 0x1FFF0003A3: ???
 n2: 8192 0x10BD04: std::vector<float, std::allocator<float> >::vector(std::vector<float, std::allocator<float> > const&) (in /home/noname/Documents/project_tiny/Sort_on_FPGA/Version1/01_slt/main)
  n0: 4096 0x10A8CD: main (in /home/noname/Documents/project_tiny/Sort_on_FPGA/Version1/01_slt/main)
  n0: 4096 0x10A9CC: main (in /home/noname/Documents/project_tiny/Sort_on_FPGA/Version1/01_slt/main)
 n1: 8192 0x497F023: std::basic_filebuf<char, std::char_traits<char> >::_M_allocate_internal_buffer() (in /usr/lib/x86_64-linux-gnu/libstdc++.so.6.0.30)
  n2: 8192 0x4983015: std::basic_filebuf<char, std::char_traits<char> >::open(char const*, std::_Ios_Openmode) (in /usr/lib/x86_64-linux-gnu/libstdc++.so.6.0.30)
   n1: 8192 0x10C3B0: void WriteDataToFile_Dec<float>(std::vector<float, std::allocator<float> > const&, std::__cxx11::basic_string<char, std::char_traits<char>, std::allocator<char> > const&) (in /home/noname/Documents/project_tiny/Sort_on_FPGA/Version1/01_slt/main)
    n0: 8192 0x10AB33: main (in /home/noname/Documents/project_tiny/Sort_on_FPGA/Version1/01_slt/main)
   n0: 0 in 1 place, below massif's threshold (1.00%)
 n1: 4096 0x10C802: void std::vector<float, std::allocator<float> >::_M_realloc_insert<float const&>(__gnu_cxx::__normal_iterator<float*, std::vector<float, std::allocator<float> > >, float const&) (in /home/noname/Documents/project_tiny/Sort_on_FPGA/Version1/01_slt/main)
  n1: 4096 0x10CADA: void ReadDataToFile_DEC<float>(std::__cxx11::basic_string<char, std::char_traits<char>, std::allocator<char> > const&, std::vector<float, std::allocator<float> >&) (in /home/noname/Documents/project_tiny/Sort_on_FPGA/Version1/01_slt/main)
   n0: 4096 0x10A799: main (in /home/noname/Documents/project_tiny/Sort_on_FPGA/Version1/01_slt/main)
 n1: 1024 0x4B34BA3: _IO_file_doallocate (filedoalloc.c:101)
  n1: 1024 0x4B43CDF: _IO_doallocbuf (genops.c:347)
   n1: 1024 0x4B42F5F: _IO_file_overflow@@GLIBC_2.2.5 (fileops.c:744)
    n1: 1024 0x4B416D4: _IO_new_file_xsputn (fileops.c:1243)
     n1: 1024 0x4B416D4: _IO_file_xsputn@@GLIBC_2.2.5 (fileops.c:1196)
      n1: 1024 0x4B2B14C: outstring_func (vfprintf-internal.c:239)
       n1: 1024 0x4B2B14C: __vfprintf_internal (vfprintf-internal.c:1263)
        n1: 1024 0x4BEACBA: __printf_chk (printf_chk.c:33)
         n1: 1024 0x10CA1E: void ReadDataToFile_DEC<float>(std::__cxx11::basic_string<char, std::char_traits<char>, std::allocator<char> > const&, std::vector<float, std::allocator<float> >&) (in /home/noname/Documents/project_tiny/Sort_on_FPGA/Version1/01_slt/main)
          n0: 1024 0x10A799: main (in /home/noname/Documents/project_tiny/Sort_on_FPGA/Version1/01_slt/main)
 n0: 912 in 5 places, all below massif's threshold (1.00%)
#-----------
snapshot=77
#-----------
time=8102010
mem_heap_B=95120
mem_heap_extra_B=112
mem_stacks_B=1680
heap_tree=empty
#-----------
snapshot=78
#-----------
time=8178678
mem_heap_B=95120
mem_heap_extra_B=112
mem_stacks_B=4200
heap_tree=empty
#-----------
snapshot=79
#-----------
time=8255300
mem_heap_B=95120
mem_heap_extra_B=112
mem_stacks_B=1496
heap_tree=empty
#-----------
snapshot=80
#-----------
time=8331931
mem_heap_B=95120
mem_heap_extra_B=112
mem_stacks_B=4312
heap_tree=empty
#-----------
snapshot=81
#-----------
time=8408570
mem_heap_B=95120
mem_heap_extra_B=112
mem_stacks_B=2312
heap_tree=empty
#-----------
snapshot=82
#-----------
time=8485203
mem_heap_B=95120
mem_heap_extra_B=112
mem_stacks_B=4280
heap_tree=empty
#-----------
snapshot=83
#-----------
time=8561920
mem_heap_B=95120
mem_heap_extra_B=112
mem_stacks_B=3704
heap_tree=empty
#-----------
snapshot=84
#-----------
time=8638786
mem_heap_B=95120
mem_heap_extra_B=112
mem_stacks_B=3752
heap_tree=empty
#-----------
snapshot=85
#-----------
time=8715416
mem_heap_B=95120
mem_heap_extra_B=112
mem_stacks_B=4192
heap_tree=empty
#-----------
snapshot=86
#-----------
time=8792041
mem_heap_B=95120
mem_heap_extra_B=112
mem_stacks_B=1496
heap_tree=detailed
n6: 95120 (heap allocation functions) malloc/new/new[], --alloc-fns, etc.
 n1: 72704 0x4914939: ??? (in /usr/lib/x86_64-linux-gnu/libstdc++.so.6.0.30)
  n1: 72704 0x400647D: call_init.part.0 (dl-init.c:70)
   n1: 72704 0x4006567: call_init (dl-init.c:33)
    n1: 72704 0x4006567: _dl_init (dl-init.c:117)
     n1: 72704 0x40202C9: ??? (in /usr/lib/x86_64-linux-gnu/ld-linux-x86-64.so.2)
      n1: 72704 0x2: ???
       n1: 72704 0x1FFF00039A: ???
        n1: 72704 0x1FFF0003A1: ???
         n0: 72704 0x1FFF0003A3: ???
 n2: 8192 0x10BD04: std::vector<float, std::allocator<float> >::vector(std::vector<float, std::allocator<float> > const&) (in /home/noname/Documents/project_tiny/Sort_on_FPGA/Version1/01_slt/main)
  n0: 4096 0x10A8CD: main (in /home/noname/Documents/project_tiny/Sort_on_FPGA/Version1/01_slt/main)
  n0: 4096 0x10A9CC: main (in /home/noname/Documents/project_tiny/Sort_on_FPGA/Version1/01_slt/main)
 n1: 8192 0x497F023: std::basic_filebuf<char, std::char_traits<char> >::_M_allocate_internal_buffer() (in /usr/lib/x86_64-linux-gnu/libstdc++.so.6.0.30)
  n2: 8192 0x4983015: std::basic_filebuf<char, std::char_traits<char> >::open(char const*, std::_Ios_Openmode) (in /usr/lib/x86_64-linux-gnu/libstdc++.so.6.0.30)
   n1: 8192 0x10C3B0: void WriteDataToFile_Dec<float>(std::vector<float, std::allocator<float> > const&, std::__cxx11::basic_string<char, std::char_traits<char>, std::allocator<char> > const&) (in /home/noname/Documents/project_tiny/Sort_on_FPGA/Version1/01_slt/main)
    n0: 8192 0x10AB33: main (in /home/noname/Documents/project_tiny/Sort_on_FPGA/Version1/01_slt/main)
   n0: 0 in 1 place, below massif's threshold (1.00%)
 n1: 4096 0x10C802: void std::vector<float, std::allocator<float> >::_M_realloc_insert<float const&>(__gnu_cxx::__normal_iterator<float*, std::vector<float, std::allocator<float> > >, float const&) (in /home/noname/Documents/project_tiny/Sort_on_FPGA/Version1/01_slt/main)
  n1: 4096 0x10CADA: void ReadDataToFile_DEC<float>(std::__cxx11::basic_string<char, std::char_traits<char>, std::allocator<char> > const&, std::vector<float, std::allocator<float> >&) (in /home/noname/Documents/project_tiny/Sort_on_FPGA/Version1/01_slt/main)
   n0: 4096 0x10A799: main (in /home/noname/Documents/project_tiny/Sort_on_FPGA/Version1/01_slt/main)
 n1: 1024 0x4B34BA3: _IO_file_doallocate (filedoalloc.c:101)
  n1: 1024 0x4B43CDF: _IO_doallocbuf (genops.c:347)
   n1: 1024 0x4B42F5F: _IO_file_overflow@@GLIBC_2.2.5 (fileops.c:744)
    n1: 1024 0x4B416D4: _IO_new_file_xsputn (fileops.c:1243)
     n1: 1024 0x4B416D4: _IO_file_xsputn@@GLIBC_2.2.5 (fileops.c:1196)
      n1: 1024 0x4B2B14C: outstring_func (vfprintf-internal.c:239)
       n1: 1024 0x4B2B14C: __vfprintf_internal (vfprintf-internal.c:1263)
        n1: 1024 0x4BEACBA: __printf_chk (printf_chk.c:33)
         n1: 1024 0x10CA1E: void ReadDataToFile_DEC<float>(std::__cxx11::basic_string<char, std::char_traits<char>, std::allocator<char> > const&, std::vector<float, std::allocator<float> >&) (in /home/noname/Documents/project_tiny/Sort_on_FPGA/Version1/01_slt/main)
          n0: 1024 0x10A799: main (in /home/noname/Documents/project_tiny/Sort_on_FPGA/Version1/01_slt/main)
 n0: 912 in 5 places, all below massif's threshold (1.00%)
#-----------
snapshot=87
#-----------
time=8868671
mem_heap_B=95120
mem_heap_extra_B=112
mem_stacks_B=4360
heap_tree=empty
#-----------
snapshot=88
#-----------
time=8945297
mem_heap_B=95120
mem_heap_extra_B=112
mem_stacks_B=3696
heap_tree=empty
#-----------
snapshot=89
#-----------
time=9022186
mem_heap_B=95120
mem_heap_extra_B=112
mem_stacks_B=3752
heap_tree=empty
#-----------
snapshot=90
#-----------
time=9098813
mem_heap_B=95120
mem_heap_extra_B=112
mem_stacks_B=4344
heap_tree=empty
