Cadence Genus(TM) Synthesis Solution.
Copyright 2015 Cadence Design Systems, Inc. All rights reserved worldwide.
Cadence and the Cadence logo are registered trademarks and Genus is a trademark
of Cadence Design Systems, Inc. in the United States and other countries.

Version: GENUS15.20 - 15.20-p004_1, built Sat Nov 14 2015
Options: -files genus_synth.tcl 
Date:    Tue Dec 09 03:18:37 2025
Host:    centos7 (x86_64 w/Linux 3.10.0-1160.108.1.el7.x86_64) (2*Intel(R) Core(TM) i5-10300H CPU @ 2.50GHz 8192KB)
OS:      CentOS Linux release 7.9.2009 (Core)

Checking out license: Genus_Synthesis

Loading tool scripts...
Sourcing GUI preferences file /home/admin/.cadence/genus/gui.tcl...
Finished loading tool scripts (5 seconds elapsed).

Sourcing genus_synth.tcl ...
TOP_MODULE = FPU_unit
LIB_DIR = ./../PDK45nm/gpdk045_lib
LIB_NAME = slow_vdd1v0_basicCells_hvt
LIB_FILE = ./../PDK45nm/gpdk045_lib/slow_vdd1v0_basicCells_hvt.lib
SDC_FILE = ./constraint.sdc
SRD_FILE = ./../../02_rtl/

  Message Summary for Library ./../PDK45nm/gpdk045_lib/slow_vdd1v0_basicCells_hvt.lib:
  ************************************************************************************
  Could not find an attribute in the library. [LBR-436]: 574
  Missing a function attribute in the output pin definition. [LBR-518]: 1
  ************************************************************************************
 
Info    : Created nominal operating condition. [LBR-412]
        : Operating condition '_nominal_' was created for the PVT values (1.000000, 0.900000, 125.000000) in library 'slow_vdd1v0_basicCells_hvt.lib'.
        : The nominal operating condition represents either the nominal PVT values if specified in the library source, or the default PVT values (1.0, 1.0, 1.0).
Warning : Library cell has no output pins defined. [LBR-9]
        : Library cell 'ANTENNAHVT' must have an output pin.
        : Add the missing output pin(s), then reload the library. Otherwise, the library cell will be marked as unusable and as timing model.
Warning : Library cell has no output pins defined. [LBR-9]
        : Library cell 'ANTENNAHVT' must have an output pin.
  Setting attribute of root '/': 'library' = ./../PDK45nm/gpdk045_lib/slow_vdd1v0_basicCells_hvt.lib
errorInfo: no files matched glob pattern "./../../02_rtl/*.sv"
    while executing
"glob ${SRC_FILE}*.sv"
no files matched glob pattern "./../../02_rtl/*.sv"
Encountered problems processing file: genus_synth.tcl
WARNING: This version of the tool is 3678 days old.
genus@root:> exit
Normal exit.